Loading required package: Matrix
Loading required package: BiocGenerics

Attaching package: ‘BiocGenerics’

The following objects are masked from ‘package:stats’:

    IQR, mad, sd, var, xtabs

The following objects are masked from ‘package:base’:

    anyDuplicated, append, as.data.frame, basename, cbind, colnames,
    dirname, do.call, duplicated, eval, evalq, Filter, Find, get, grep,
    grepl, intersect, is.unsorted, lapply, Map, mapply, match, mget,
    order, paste, pmax, pmax.int, pmin, pmin.int, Position, rank,
    rbind, Reduce, rownames, sapply, setdiff, sort, table, tapply,
    union, unique, unsplit, which.max, which.min

Loading required package: S4Vectors
Loading required package: stats4

Attaching package: ‘S4Vectors’

The following objects are masked from ‘package:Matrix’:

    expand, unname

The following objects are masked from ‘package:data.table’:

    first, second

The following objects are masked from ‘package:base’:

    expand.grid, I, unname

Loading required package: IRanges

Attaching package: ‘IRanges’

The following object is masked from ‘package:data.table’:

    shift

Loading required package: XVector
Loading required package: GenomeInfoDb

Attaching package: ‘Biostrings’

The following object is masked from ‘package:base’:

    strsplit


Attaching package: ‘ape’

The following object is masked from ‘package:Biostrings’:

    complement

Arguments:
Korle-Bu_coluzzii_PM
Ace1


Loading SNP data from ~/data/ML/GAARD_SNP/Korle-Bu_coluzzii_PM/csvs/filtered_SNPs.csv.
            used   (Mb) gc trigger    (Mb)   max used    (Mb)
Ncells   3841769  205.2    7242420   386.8    7126696   380.7
Vcells 168259314 1283.8 1980844167 15112.7 2463868669 18797.9
Loading phenotype data from ../../data/combined/sample_phenotypes.csv.
There were 50 or more warnings (use warnings() to see the first 50)
Running ../extract_zarr_region.py at 13:30 on 09/11/2022 using machine neptune


Script was run using the following arguments:

	zarr_folder = /home/elucas/scratch/VObs_GAARD
	study_id = 1244-VO-GH-YAWSON-VMF00051
	chrom = 2L
	region = 22215271-22261017
	output_fn = Korle-Bu_coluzzii_PM/2L:22237788_allele_counts.csv
	sample_names = WA-1147,WA-1153,WA-1158,WA-1159,WA-1162,WA-1164,WA-1165,WA-1166,WA-1169,WA-1171,WA-1172,WA-1173,WA-1174,WA-1181,WA-1182,WA-1183,WA-1184,WA-1188,WA-1189,WA-1190,WA-1192,WA-1193,WA-1196,WA-1199,WA-1200,WA-1201,WA-1202,WA-1204,WA-1206,WA-1207,WA-1208,WA-1209,WA-1210,WA-1212,WA-1214,WA-1215,WA-1217,WA-1220,WA-1221,WA-1222,WA-1226,WA-1228,WA-1229,WA-1230,WA-1231,WA-1235,WA-1236,WA-1240,WA-1241,WA-1242,WA-1244,WA-1245,WA-1246,WA-1247,WA-1248,WA-1249,WA-1250,WA-1252,WA-1253,WA-1254,WA-1257,WA-1259,WA-1260,WA-1261,WA-1262,WA-1264,WA-1267,WA-1268,WA-1271,WA-1272,WA-1273,WA-1274,WA-1275,WA-1276,WA-1277,WA-1278,WA-1283,WA-1284,WA-1285,WA-1291,WA-1293,WA-1297,WA-1299,WA-1300,WA-1301,WA-1302,WA-1308,WA-1309,WA-1310,WA-1311,WA-1312,WA-1316,WA-1317,WA-1318,WA-1319,WA-1320,WA-1323,WA-1324,WA-1325,WA-1326,WA-1327,WA-1328,WA-1333,WA-1334,WA-1335

Running ../extract_zarr_region.py at 13:30 on 09/11/2022 using machine neptune


Script was run using the following arguments:

	zarr_folder = /home/elucas/scratch/VObs_GAARD
	study_id = 1244-VO-GH-YAWSON-VMF00051
	chrom = 2L
	region = 23968319-24009735
	output_fn = Korle-Bu_coluzzii_PM/2L:23989307_allele_counts.csv
	sample_names = WA-1147,WA-1153,WA-1158,WA-1159,WA-1162,WA-1164,WA-1165,WA-1166,WA-1169,WA-1171,WA-1172,WA-1173,WA-1174,WA-1181,WA-1182,WA-1183,WA-1184,WA-1188,WA-1189,WA-1190,WA-1192,WA-1193,WA-1196,WA-1199,WA-1200,WA-1201,WA-1202,WA-1204,WA-1206,WA-1207,WA-1208,WA-1209,WA-1210,WA-1212,WA-1214,WA-1215,WA-1217,WA-1220,WA-1221,WA-1222,WA-1226,WA-1228,WA-1229,WA-1230,WA-1231,WA-1235,WA-1236,WA-1240,WA-1241,WA-1242,WA-1244,WA-1245,WA-1246,WA-1247,WA-1248,WA-1249,WA-1250,WA-1252,WA-1253,WA-1254,WA-1257,WA-1259,WA-1260,WA-1261,WA-1262,WA-1264,WA-1267,WA-1268,WA-1271,WA-1272,WA-1273,WA-1274,WA-1275,WA-1276,WA-1277,WA-1278,WA-1283,WA-1284,WA-1285,WA-1291,WA-1293,WA-1297,WA-1299,WA-1300,WA-1301,WA-1302,WA-1308,WA-1309,WA-1310,WA-1311,WA-1312,WA-1316,WA-1317,WA-1318,WA-1319,WA-1320,WA-1323,WA-1324,WA-1325,WA-1326,WA-1327,WA-1328,WA-1333,WA-1334,WA-1335

Running ../extract_zarr_region.py at 13:30 on 09/11/2022 using machine neptune


Script was run using the following arguments:

	zarr_folder = /home/elucas/scratch/VObs_GAARD
	study_id = 1244-VO-GH-YAWSON-VMF00051
	chrom = 2L
	region = 28394278-28433889
	output_fn = Korle-Bu_coluzzii_PM/2L:28414771_allele_counts.csv
	sample_names = WA-1147,WA-1153,WA-1158,WA-1159,WA-1162,WA-1164,WA-1165,WA-1166,WA-1169,WA-1171,WA-1172,WA-1173,WA-1174,WA-1181,WA-1182,WA-1183,WA-1184,WA-1188,WA-1189,WA-1190,WA-1192,WA-1193,WA-1196,WA-1199,WA-1200,WA-1201,WA-1202,WA-1204,WA-1206,WA-1207,WA-1208,WA-1209,WA-1210,WA-1212,WA-1214,WA-1215,WA-1217,WA-1220,WA-1221,WA-1222,WA-1226,WA-1228,WA-1229,WA-1230,WA-1231,WA-1235,WA-1236,WA-1240,WA-1241,WA-1242,WA-1244,WA-1245,WA-1246,WA-1247,WA-1248,WA-1249,WA-1250,WA-1252,WA-1253,WA-1254,WA-1257,WA-1259,WA-1260,WA-1261,WA-1262,WA-1264,WA-1267,WA-1268,WA-1271,WA-1272,WA-1273,WA-1274,WA-1275,WA-1276,WA-1277,WA-1278,WA-1283,WA-1284,WA-1285,WA-1291,WA-1293,WA-1297,WA-1299,WA-1300,WA-1301,WA-1302,WA-1308,WA-1309,WA-1310,WA-1311,WA-1312,WA-1316,WA-1317,WA-1318,WA-1319,WA-1320,WA-1323,WA-1324,WA-1325,WA-1326,WA-1327,WA-1328,WA-1333,WA-1334,WA-1335

Running ../extract_zarr_region.py at 13:30 on 09/11/2022 using machine neptune


Script was run using the following arguments:

	zarr_folder = /home/elucas/scratch/VObs_GAARD
	study_id = 1244-VO-GH-YAWSON-VMF00051
	chrom = 2L
	region = 28413920-28462526
	output_fn = Korle-Bu_coluzzii_PM/2L:28438932_allele_counts.csv
	sample_names = WA-1147,WA-1153,WA-1158,WA-1159,WA-1162,WA-1164,WA-1165,WA-1166,WA-1169,WA-1171,WA-1172,WA-1173,WA-1174,WA-1181,WA-1182,WA-1183,WA-1184,WA-1188,WA-1189,WA-1190,WA-1192,WA-1193,WA-1196,WA-1199,WA-1200,WA-1201,WA-1202,WA-1204,WA-1206,WA-1207,WA-1208,WA-1209,WA-1210,WA-1212,WA-1214,WA-1215,WA-1217,WA-1220,WA-1221,WA-1222,WA-1226,WA-1228,WA-1229,WA-1230,WA-1231,WA-1235,WA-1236,WA-1240,WA-1241,WA-1242,WA-1244,WA-1245,WA-1246,WA-1247,WA-1248,WA-1249,WA-1250,WA-1252,WA-1253,WA-1254,WA-1257,WA-1259,WA-1260,WA-1261,WA-1262,WA-1264,WA-1267,WA-1268,WA-1271,WA-1272,WA-1273,WA-1274,WA-1275,WA-1276,WA-1277,WA-1278,WA-1283,WA-1284,WA-1285,WA-1291,WA-1293,WA-1297,WA-1299,WA-1300,WA-1301,WA-1302,WA-1308,WA-1309,WA-1310,WA-1311,WA-1312,WA-1316,WA-1317,WA-1318,WA-1319,WA-1320,WA-1323,WA-1324,WA-1325,WA-1326,WA-1327,WA-1328,WA-1333,WA-1334,WA-1335

Running ../extract_zarr_region.py at 13:31 on 09/11/2022 using machine neptune


Script was run using the following arguments:

	zarr_folder = /home/elucas/scratch/VObs_GAARD
	study_id = 1244-VO-GH-YAWSON-VMF00051
	chrom = 2L
	region = 28539413-28583904
	output_fn = Korle-Bu_coluzzii_PM/2L:28561906_allele_counts.csv
	sample_names = WA-1147,WA-1153,WA-1158,WA-1159,WA-1162,WA-1164,WA-1165,WA-1166,WA-1169,WA-1171,WA-1172,WA-1173,WA-1174,WA-1181,WA-1182,WA-1183,WA-1184,WA-1188,WA-1189,WA-1190,WA-1192,WA-1193,WA-1196,WA-1199,WA-1200,WA-1201,WA-1202,WA-1204,WA-1206,WA-1207,WA-1208,WA-1209,WA-1210,WA-1212,WA-1214,WA-1215,WA-1217,WA-1220,WA-1221,WA-1222,WA-1226,WA-1228,WA-1229,WA-1230,WA-1231,WA-1235,WA-1236,WA-1240,WA-1241,WA-1242,WA-1244,WA-1245,WA-1246,WA-1247,WA-1248,WA-1249,WA-1250,WA-1252,WA-1253,WA-1254,WA-1257,WA-1259,WA-1260,WA-1261,WA-1262,WA-1264,WA-1267,WA-1268,WA-1271,WA-1272,WA-1273,WA-1274,WA-1275,WA-1276,WA-1277,WA-1278,WA-1283,WA-1284,WA-1285,WA-1291,WA-1293,WA-1297,WA-1299,WA-1300,WA-1301,WA-1302,WA-1308,WA-1309,WA-1310,WA-1311,WA-1312,WA-1316,WA-1317,WA-1318,WA-1319,WA-1320,WA-1323,WA-1324,WA-1325,WA-1326,WA-1327,WA-1328,WA-1333,WA-1334,WA-1335

Running ../extract_zarr_region.py at 13:31 on 09/11/2022 using machine neptune


Script was run using the following arguments:

	zarr_folder = /home/elucas/scratch/VObs_GAARD
	study_id = 1244-VO-GH-YAWSON-VMF00051
	chrom = 2L
	region = 28590181-28639210
	output_fn = Korle-Bu_coluzzii_PM/2L:28615047_allele_counts.csv
	sample_names = WA-1147,WA-1153,WA-1158,WA-1159,WA-1162,WA-1164,WA-1165,WA-1166,WA-1169,WA-1171,WA-1172,WA-1173,WA-1174,WA-1181,WA-1182,WA-1183,WA-1184,WA-1188,WA-1189,WA-1190,WA-1192,WA-1193,WA-1196,WA-1199,WA-1200,WA-1201,WA-1202,WA-1204,WA-1206,WA-1207,WA-1208,WA-1209,WA-1210,WA-1212,WA-1214,WA-1215,WA-1217,WA-1220,WA-1221,WA-1222,WA-1226,WA-1228,WA-1229,WA-1230,WA-1231,WA-1235,WA-1236,WA-1240,WA-1241,WA-1242,WA-1244,WA-1245,WA-1246,WA-1247,WA-1248,WA-1249,WA-1250,WA-1252,WA-1253,WA-1254,WA-1257,WA-1259,WA-1260,WA-1261,WA-1262,WA-1264,WA-1267,WA-1268,WA-1271,WA-1272,WA-1273,WA-1274,WA-1275,WA-1276,WA-1277,WA-1278,WA-1283,WA-1284,WA-1285,WA-1291,WA-1293,WA-1297,WA-1299,WA-1300,WA-1301,WA-1302,WA-1308,WA-1309,WA-1310,WA-1311,WA-1312,WA-1316,WA-1317,WA-1318,WA-1319,WA-1320,WA-1323,WA-1324,WA-1325,WA-1326,WA-1327,WA-1328,WA-1333,WA-1334,WA-1335

Running ../extract_zarr_region.py at 13:31 on 09/11/2022 using machine neptune


Script was run using the following arguments:

	zarr_folder = /home/elucas/scratch/VObs_GAARD
	study_id = 1244-VO-GH-YAWSON-VMF00051
	chrom = 2L
	region = 28619219-28664045
	output_fn = Korle-Bu_coluzzii_PM/2L:28641468_allele_counts.csv
	sample_names = WA-1147,WA-1153,WA-1158,WA-1159,WA-1162,WA-1164,WA-1165,WA-1166,WA-1169,WA-1171,WA-1172,WA-1173,WA-1174,WA-1181,WA-1182,WA-1183,WA-1184,WA-1188,WA-1189,WA-1190,WA-1192,WA-1193,WA-1196,WA-1199,WA-1200,WA-1201,WA-1202,WA-1204,WA-1206,WA-1207,WA-1208,WA-1209,WA-1210,WA-1212,WA-1214,WA-1215,WA-1217,WA-1220,WA-1221,WA-1222,WA-1226,WA-1228,WA-1229,WA-1230,WA-1231,WA-1235,WA-1236,WA-1240,WA-1241,WA-1242,WA-1244,WA-1245,WA-1246,WA-1247,WA-1248,WA-1249,WA-1250,WA-1252,WA-1253,WA-1254,WA-1257,WA-1259,WA-1260,WA-1261,WA-1262,WA-1264,WA-1267,WA-1268,WA-1271,WA-1272,WA-1273,WA-1274,WA-1275,WA-1276,WA-1277,WA-1278,WA-1283,WA-1284,WA-1285,WA-1291,WA-1293,WA-1297,WA-1299,WA-1300,WA-1301,WA-1302,WA-1308,WA-1309,WA-1310,WA-1311,WA-1312,WA-1316,WA-1317,WA-1318,WA-1319,WA-1320,WA-1323,WA-1324,WA-1325,WA-1326,WA-1327,WA-1328,WA-1333,WA-1334,WA-1335

Running ../extract_zarr_region.py at 13:31 on 09/11/2022 using machine neptune


Script was run using the following arguments:

	zarr_folder = /home/elucas/scratch/VObs_GAARD
	study_id = 1244-VO-GH-YAWSON-VMF00051
	chrom = 2L
	region = 28644055-28685165
	output_fn = Korle-Bu_coluzzii_PM/2L:28664089_allele_counts.csv
	sample_names = WA-1147,WA-1153,WA-1158,WA-1159,WA-1162,WA-1164,WA-1165,WA-1166,WA-1169,WA-1171,WA-1172,WA-1173,WA-1174,WA-1181,WA-1182,WA-1183,WA-1184,WA-1188,WA-1189,WA-1190,WA-1192,WA-1193,WA-1196,WA-1199,WA-1200,WA-1201,WA-1202,WA-1204,WA-1206,WA-1207,WA-1208,WA-1209,WA-1210,WA-1212,WA-1214,WA-1215,WA-1217,WA-1220,WA-1221,WA-1222,WA-1226,WA-1228,WA-1229,WA-1230,WA-1231,WA-1235,WA-1236,WA-1240,WA-1241,WA-1242,WA-1244,WA-1245,WA-1246,WA-1247,WA-1248,WA-1249,WA-1250,WA-1252,WA-1253,WA-1254,WA-1257,WA-1259,WA-1260,WA-1261,WA-1262,WA-1264,WA-1267,WA-1268,WA-1271,WA-1272,WA-1273,WA-1274,WA-1275,WA-1276,WA-1277,WA-1278,WA-1283,WA-1284,WA-1285,WA-1291,WA-1293,WA-1297,WA-1299,WA-1300,WA-1301,WA-1302,WA-1308,WA-1309,WA-1310,WA-1311,WA-1312,WA-1316,WA-1317,WA-1318,WA-1319,WA-1320,WA-1323,WA-1324,WA-1325,WA-1326,WA-1327,WA-1328,WA-1333,WA-1334,WA-1335

Running ../extract_zarr_region.py at 13:31 on 09/11/2022 using machine neptune


Script was run using the following arguments:

	zarr_folder = /home/elucas/scratch/VObs_GAARD
	study_id = 1244-VO-GH-YAWSON-VMF00051
	chrom = 2L
	region = 28665168-28710074
	output_fn = Korle-Bu_coluzzii_PM/2L:28689296_allele_counts.csv
	sample_names = WA-1147,WA-1153,WA-1158,WA-1159,WA-1162,WA-1164,WA-1165,WA-1166,WA-1169,WA-1171,WA-1172,WA-1173,WA-1174,WA-1181,WA-1182,WA-1183,WA-1184,WA-1188,WA-1189,WA-1190,WA-1192,WA-1193,WA-1196,WA-1199,WA-1200,WA-1201,WA-1202,WA-1204,WA-1206,WA-1207,WA-1208,WA-1209,WA-1210,WA-1212,WA-1214,WA-1215,WA-1217,WA-1220,WA-1221,WA-1222,WA-1226,WA-1228,WA-1229,WA-1230,WA-1231,WA-1235,WA-1236,WA-1240,WA-1241,WA-1242,WA-1244,WA-1245,WA-1246,WA-1247,WA-1248,WA-1249,WA-1250,WA-1252,WA-1253,WA-1254,WA-1257,WA-1259,WA-1260,WA-1261,WA-1262,WA-1264,WA-1267,WA-1268,WA-1271,WA-1272,WA-1273,WA-1274,WA-1275,WA-1276,WA-1277,WA-1278,WA-1283,WA-1284,WA-1285,WA-1291,WA-1293,WA-1297,WA-1299,WA-1300,WA-1301,WA-1302,WA-1308,WA-1309,WA-1310,WA-1311,WA-1312,WA-1316,WA-1317,WA-1318,WA-1319,WA-1320,WA-1323,WA-1324,WA-1325,WA-1326,WA-1327,WA-1328,WA-1333,WA-1334,WA-1335

Running ../extract_zarr_region.py at 13:31 on 09/11/2022 using machine neptune


Script was run using the following arguments:

	zarr_folder = /home/elucas/scratch/VObs_GAARD
	study_id = 1244-VO-GH-YAWSON-VMF00051
	chrom = 2L
	region = 36888300-36937451
	output_fn = Korle-Bu_coluzzii_PM/2L:36913180_allele_counts.csv
	sample_names = WA-1147,WA-1153,WA-1158,WA-1159,WA-1162,WA-1164,WA-1165,WA-1166,WA-1169,WA-1171,WA-1172,WA-1173,WA-1174,WA-1181,WA-1182,WA-1183,WA-1184,WA-1188,WA-1189,WA-1190,WA-1192,WA-1193,WA-1196,WA-1199,WA-1200,WA-1201,WA-1202,WA-1204,WA-1206,WA-1207,WA-1208,WA-1209,WA-1210,WA-1212,WA-1214,WA-1215,WA-1217,WA-1220,WA-1221,WA-1222,WA-1226,WA-1228,WA-1229,WA-1230,WA-1231,WA-1235,WA-1236,WA-1240,WA-1241,WA-1242,WA-1244,WA-1245,WA-1246,WA-1247,WA-1248,WA-1249,WA-1250,WA-1252,WA-1253,WA-1254,WA-1257,WA-1259,WA-1260,WA-1261,WA-1262,WA-1264,WA-1267,WA-1268,WA-1271,WA-1272,WA-1273,WA-1274,WA-1275,WA-1276,WA-1277,WA-1278,WA-1283,WA-1284,WA-1285,WA-1291,WA-1293,WA-1297,WA-1299,WA-1300,WA-1301,WA-1302,WA-1308,WA-1309,WA-1310,WA-1311,WA-1312,WA-1316,WA-1317,WA-1318,WA-1319,WA-1320,WA-1323,WA-1324,WA-1325,WA-1326,WA-1327,WA-1328,WA-1333,WA-1334,WA-1335

Running ../extract_zarr_region.py at 13:31 on 09/11/2022 using machine neptune


Script was run using the following arguments:

	zarr_folder = /home/elucas/scratch/VObs_GAARD
	study_id = 1244-VO-GH-YAWSON-VMF00051
	chrom = 2L
	region = 36917472-36959934
	output_fn = Korle-Bu_coluzzii_PM/2L:36939137_allele_counts.csv
	sample_names = WA-1147,WA-1153,WA-1158,WA-1159,WA-1162,WA-1164,WA-1165,WA-1166,WA-1169,WA-1171,WA-1172,WA-1173,WA-1174,WA-1181,WA-1182,WA-1183,WA-1184,WA-1188,WA-1189,WA-1190,WA-1192,WA-1193,WA-1196,WA-1199,WA-1200,WA-1201,WA-1202,WA-1204,WA-1206,WA-1207,WA-1208,WA-1209,WA-1210,WA-1212,WA-1214,WA-1215,WA-1217,WA-1220,WA-1221,WA-1222,WA-1226,WA-1228,WA-1229,WA-1230,WA-1231,WA-1235,WA-1236,WA-1240,WA-1241,WA-1242,WA-1244,WA-1245,WA-1246,WA-1247,WA-1248,WA-1249,WA-1250,WA-1252,WA-1253,WA-1254,WA-1257,WA-1259,WA-1260,WA-1261,WA-1262,WA-1264,WA-1267,WA-1268,WA-1271,WA-1272,WA-1273,WA-1274,WA-1275,WA-1276,WA-1277,WA-1278,WA-1283,WA-1284,WA-1285,WA-1291,WA-1293,WA-1297,WA-1299,WA-1300,WA-1301,WA-1302,WA-1308,WA-1309,WA-1310,WA-1311,WA-1312,WA-1316,WA-1317,WA-1318,WA-1319,WA-1320,WA-1323,WA-1324,WA-1325,WA-1326,WA-1327,WA-1328,WA-1333,WA-1334,WA-1335

Running ../extract_zarr_region.py at 13:31 on 09/11/2022 using machine neptune


Script was run using the following arguments:

	zarr_folder = /home/elucas/scratch/VObs_GAARD
	study_id = 1244-VO-GH-YAWSON-VMF00051
	chrom = 2L
	region = 36939943-36986867
	output_fn = Korle-Bu_coluzzii_PM/2L:36963255_allele_counts.csv
	sample_names = WA-1147,WA-1153,WA-1158,WA-1159,WA-1162,WA-1164,WA-1165,WA-1166,WA-1169,WA-1171,WA-1172,WA-1173,WA-1174,WA-1181,WA-1182,WA-1183,WA-1184,WA-1188,WA-1189,WA-1190,WA-1192,WA-1193,WA-1196,WA-1199,WA-1200,WA-1201,WA-1202,WA-1204,WA-1206,WA-1207,WA-1208,WA-1209,WA-1210,WA-1212,WA-1214,WA-1215,WA-1217,WA-1220,WA-1221,WA-1222,WA-1226,WA-1228,WA-1229,WA-1230,WA-1231,WA-1235,WA-1236,WA-1240,WA-1241,WA-1242,WA-1244,WA-1245,WA-1246,WA-1247,WA-1248,WA-1249,WA-1250,WA-1252,WA-1253,WA-1254,WA-1257,WA-1259,WA-1260,WA-1261,WA-1262,WA-1264,WA-1267,WA-1268,WA-1271,WA-1272,WA-1273,WA-1274,WA-1275,WA-1276,WA-1277,WA-1278,WA-1283,WA-1284,WA-1285,WA-1291,WA-1293,WA-1297,WA-1299,WA-1300,WA-1301,WA-1302,WA-1308,WA-1309,WA-1310,WA-1311,WA-1312,WA-1316,WA-1317,WA-1318,WA-1319,WA-1320,WA-1323,WA-1324,WA-1325,WA-1326,WA-1327,WA-1328,WA-1333,WA-1334,WA-1335

Running ../extract_zarr_region.py at 13:31 on 09/11/2022 using machine neptune


Script was run using the following arguments:

	zarr_folder = /home/elucas/scratch/VObs_GAARD
	study_id = 1244-VO-GH-YAWSON-VMF00051
	chrom = 2L
	region = 36989996-37032723
	output_fn = Korle-Bu_coluzzii_PM/2L:37011181_allele_counts.csv
	sample_names = WA-1147,WA-1153,WA-1158,WA-1159,WA-1162,WA-1164,WA-1165,WA-1166,WA-1169,WA-1171,WA-1172,WA-1173,WA-1174,WA-1181,WA-1182,WA-1183,WA-1184,WA-1188,WA-1189,WA-1190,WA-1192,WA-1193,WA-1196,WA-1199,WA-1200,WA-1201,WA-1202,WA-1204,WA-1206,WA-1207,WA-1208,WA-1209,WA-1210,WA-1212,WA-1214,WA-1215,WA-1217,WA-1220,WA-1221,WA-1222,WA-1226,WA-1228,WA-1229,WA-1230,WA-1231,WA-1235,WA-1236,WA-1240,WA-1241,WA-1242,WA-1244,WA-1245,WA-1246,WA-1247,WA-1248,WA-1249,WA-1250,WA-1252,WA-1253,WA-1254,WA-1257,WA-1259,WA-1260,WA-1261,WA-1262,WA-1264,WA-1267,WA-1268,WA-1271,WA-1272,WA-1273,WA-1274,WA-1275,WA-1276,WA-1277,WA-1278,WA-1283,WA-1284,WA-1285,WA-1291,WA-1293,WA-1297,WA-1299,WA-1300,WA-1301,WA-1302,WA-1308,WA-1309,WA-1310,WA-1311,WA-1312,WA-1316,WA-1317,WA-1318,WA-1319,WA-1320,WA-1323,WA-1324,WA-1325,WA-1326,WA-1327,WA-1328,WA-1333,WA-1334,WA-1335

Running ../extract_zarr_region.py at 13:31 on 09/11/2022 using machine neptune


Script was run using the following arguments:

	zarr_folder = /home/elucas/scratch/VObs_GAARD
	study_id = 1244-VO-GH-YAWSON-VMF00051
	chrom = 2L
	region = 37081139-37125373
	output_fn = Korle-Bu_coluzzii_PM/2L:37103650_allele_counts.csv
	sample_names = WA-1147,WA-1153,WA-1158,WA-1159,WA-1162,WA-1164,WA-1165,WA-1166,WA-1169,WA-1171,WA-1172,WA-1173,WA-1174,WA-1181,WA-1182,WA-1183,WA-1184,WA-1188,WA-1189,WA-1190,WA-1192,WA-1193,WA-1196,WA-1199,WA-1200,WA-1201,WA-1202,WA-1204,WA-1206,WA-1207,WA-1208,WA-1209,WA-1210,WA-1212,WA-1214,WA-1215,WA-1217,WA-1220,WA-1221,WA-1222,WA-1226,WA-1228,WA-1229,WA-1230,WA-1231,WA-1235,WA-1236,WA-1240,WA-1241,WA-1242,WA-1244,WA-1245,WA-1246,WA-1247,WA-1248,WA-1249,WA-1250,WA-1252,WA-1253,WA-1254,WA-1257,WA-1259,WA-1260,WA-1261,WA-1262,WA-1264,WA-1267,WA-1268,WA-1271,WA-1272,WA-1273,WA-1274,WA-1275,WA-1276,WA-1277,WA-1278,WA-1283,WA-1284,WA-1285,WA-1291,WA-1293,WA-1297,WA-1299,WA-1300,WA-1301,WA-1302,WA-1308,WA-1309,WA-1310,WA-1311,WA-1312,WA-1316,WA-1317,WA-1318,WA-1319,WA-1320,WA-1323,WA-1324,WA-1325,WA-1326,WA-1327,WA-1328,WA-1333,WA-1334,WA-1335

Running ../extract_zarr_region.py at 13:31 on 09/11/2022 using machine neptune


Script was run using the following arguments:

	zarr_folder = /home/elucas/scratch/VObs_GAARD
	study_id = 1244-VO-GH-YAWSON-VMF00051
	chrom = 2L
	region = 37105405-37173581
	output_fn = Korle-Bu_coluzzii_PM/2L:37142451_allele_counts.csv
	sample_names = WA-1147,WA-1153,WA-1158,WA-1159,WA-1162,WA-1164,WA-1165,WA-1166,WA-1169,WA-1171,WA-1172,WA-1173,WA-1174,WA-1181,WA-1182,WA-1183,WA-1184,WA-1188,WA-1189,WA-1190,WA-1192,WA-1193,WA-1196,WA-1199,WA-1200,WA-1201,WA-1202,WA-1204,WA-1206,WA-1207,WA-1208,WA-1209,WA-1210,WA-1212,WA-1214,WA-1215,WA-1217,WA-1220,WA-1221,WA-1222,WA-1226,WA-1228,WA-1229,WA-1230,WA-1231,WA-1235,WA-1236,WA-1240,WA-1241,WA-1242,WA-1244,WA-1245,WA-1246,WA-1247,WA-1248,WA-1249,WA-1250,WA-1252,WA-1253,WA-1254,WA-1257,WA-1259,WA-1260,WA-1261,WA-1262,WA-1264,WA-1267,WA-1268,WA-1271,WA-1272,WA-1273,WA-1274,WA-1275,WA-1276,WA-1277,WA-1278,WA-1283,WA-1284,WA-1285,WA-1291,WA-1293,WA-1297,WA-1299,WA-1300,WA-1301,WA-1302,WA-1308,WA-1309,WA-1310,WA-1311,WA-1312,WA-1316,WA-1317,WA-1318,WA-1319,WA-1320,WA-1323,WA-1324,WA-1325,WA-1326,WA-1327,WA-1328,WA-1333,WA-1334,WA-1335

Running ../extract_zarr_region.py at 13:31 on 09/11/2022 using machine neptune


Script was run using the following arguments:

	zarr_folder = /home/elucas/scratch/VObs_GAARD
	study_id = 1244-VO-GH-YAWSON-VMF00051
	chrom = 2L
	region = 37153584-37200282
	output_fn = Korle-Bu_coluzzii_PM/2L:37176411_allele_counts.csv
	sample_names = WA-1147,WA-1153,WA-1158,WA-1159,WA-1162,WA-1164,WA-1165,WA-1166,WA-1169,WA-1171,WA-1172,WA-1173,WA-1174,WA-1181,WA-1182,WA-1183,WA-1184,WA-1188,WA-1189,WA-1190,WA-1192,WA-1193,WA-1196,WA-1199,WA-1200,WA-1201,WA-1202,WA-1204,WA-1206,WA-1207,WA-1208,WA-1209,WA-1210,WA-1212,WA-1214,WA-1215,WA-1217,WA-1220,WA-1221,WA-1222,WA-1226,WA-1228,WA-1229,WA-1230,WA-1231,WA-1235,WA-1236,WA-1240,WA-1241,WA-1242,WA-1244,WA-1245,WA-1246,WA-1247,WA-1248,WA-1249,WA-1250,WA-1252,WA-1253,WA-1254,WA-1257,WA-1259,WA-1260,WA-1261,WA-1262,WA-1264,WA-1267,WA-1268,WA-1271,WA-1272,WA-1273,WA-1274,WA-1275,WA-1276,WA-1277,WA-1278,WA-1283,WA-1284,WA-1285,WA-1291,WA-1293,WA-1297,WA-1299,WA-1300,WA-1301,WA-1302,WA-1308,WA-1309,WA-1310,WA-1311,WA-1312,WA-1316,WA-1317,WA-1318,WA-1319,WA-1320,WA-1323,WA-1324,WA-1325,WA-1326,WA-1327,WA-1328,WA-1333,WA-1334,WA-1335

Running ../extract_zarr_region.py at 13:31 on 09/11/2022 using machine neptune


Script was run using the following arguments:

	zarr_folder = /home/elucas/scratch/VObs_GAARD
	study_id = 1244-VO-GH-YAWSON-VMF00051
	chrom = 2L
	region = 37548030-37595789
	output_fn = Korle-Bu_coluzzii_PM/2L:37570900_allele_counts.csv
	sample_names = WA-1147,WA-1153,WA-1158,WA-1159,WA-1162,WA-1164,WA-1165,WA-1166,WA-1169,WA-1171,WA-1172,WA-1173,WA-1174,WA-1181,WA-1182,WA-1183,WA-1184,WA-1188,WA-1189,WA-1190,WA-1192,WA-1193,WA-1196,WA-1199,WA-1200,WA-1201,WA-1202,WA-1204,WA-1206,WA-1207,WA-1208,WA-1209,WA-1210,WA-1212,WA-1214,WA-1215,WA-1217,WA-1220,WA-1221,WA-1222,WA-1226,WA-1228,WA-1229,WA-1230,WA-1231,WA-1235,WA-1236,WA-1240,WA-1241,WA-1242,WA-1244,WA-1245,WA-1246,WA-1247,WA-1248,WA-1249,WA-1250,WA-1252,WA-1253,WA-1254,WA-1257,WA-1259,WA-1260,WA-1261,WA-1262,WA-1264,WA-1267,WA-1268,WA-1271,WA-1272,WA-1273,WA-1274,WA-1275,WA-1276,WA-1277,WA-1278,WA-1283,WA-1284,WA-1285,WA-1291,WA-1293,WA-1297,WA-1299,WA-1300,WA-1301,WA-1302,WA-1308,WA-1309,WA-1310,WA-1311,WA-1312,WA-1316,WA-1317,WA-1318,WA-1319,WA-1320,WA-1323,WA-1324,WA-1325,WA-1326,WA-1327,WA-1328,WA-1333,WA-1334,WA-1335

Running ../extract_zarr_region.py at 13:31 on 09/11/2022 using machine neptune


Script was run using the following arguments:

	zarr_folder = /home/elucas/scratch/VObs_GAARD
	study_id = 1244-VO-GH-YAWSON-VMF00051
	chrom = 2L
	region = 3787706-3860995
	output_fn = Korle-Bu_coluzzii_PM/2L:3821991_allele_counts.csv
	sample_names = WA-1147,WA-1153,WA-1158,WA-1159,WA-1162,WA-1164,WA-1165,WA-1166,WA-1169,WA-1171,WA-1172,WA-1173,WA-1174,WA-1181,WA-1182,WA-1183,WA-1184,WA-1188,WA-1189,WA-1190,WA-1192,WA-1193,WA-1196,WA-1199,WA-1200,WA-1201,WA-1202,WA-1204,WA-1206,WA-1207,WA-1208,WA-1209,WA-1210,WA-1212,WA-1214,WA-1215,WA-1217,WA-1220,WA-1221,WA-1222,WA-1226,WA-1228,WA-1229,WA-1230,WA-1231,WA-1235,WA-1236,WA-1240,WA-1241,WA-1242,WA-1244,WA-1245,WA-1246,WA-1247,WA-1248,WA-1249,WA-1250,WA-1252,WA-1253,WA-1254,WA-1257,WA-1259,WA-1260,WA-1261,WA-1262,WA-1264,WA-1267,WA-1268,WA-1271,WA-1272,WA-1273,WA-1274,WA-1275,WA-1276,WA-1277,WA-1278,WA-1283,WA-1284,WA-1285,WA-1291,WA-1293,WA-1297,WA-1299,WA-1300,WA-1301,WA-1302,WA-1308,WA-1309,WA-1310,WA-1311,WA-1312,WA-1316,WA-1317,WA-1318,WA-1319,WA-1320,WA-1323,WA-1324,WA-1325,WA-1326,WA-1327,WA-1328,WA-1333,WA-1334,WA-1335

Running ../extract_zarr_region.py at 13:31 on 09/11/2022 using machine neptune


Script was run using the following arguments:

	zarr_folder = /home/elucas/scratch/VObs_GAARD
	study_id = 1244-VO-GH-YAWSON-VMF00051
	chrom = 3R
	region = 4232218-4275256
	output_fn = Korle-Bu_coluzzii_PM/3R:4253878_allele_counts.csv
	sample_names = WA-1147,WA-1153,WA-1158,WA-1159,WA-1162,WA-1164,WA-1165,WA-1166,WA-1169,WA-1171,WA-1172,WA-1173,WA-1174,WA-1181,WA-1182,WA-1183,WA-1184,WA-1188,WA-1189,WA-1190,WA-1192,WA-1193,WA-1196,WA-1199,WA-1200,WA-1201,WA-1202,WA-1204,WA-1206,WA-1207,WA-1208,WA-1209,WA-1210,WA-1212,WA-1214,WA-1215,WA-1217,WA-1220,WA-1221,WA-1222,WA-1226,WA-1228,WA-1229,WA-1230,WA-1231,WA-1235,WA-1236,WA-1240,WA-1241,WA-1242,WA-1244,WA-1245,WA-1246,WA-1247,WA-1248,WA-1249,WA-1250,WA-1252,WA-1253,WA-1254,WA-1257,WA-1259,WA-1260,WA-1261,WA-1262,WA-1264,WA-1267,WA-1268,WA-1271,WA-1272,WA-1273,WA-1274,WA-1275,WA-1276,WA-1277,WA-1278,WA-1283,WA-1284,WA-1285,WA-1291,WA-1293,WA-1297,WA-1299,WA-1300,WA-1301,WA-1302,WA-1308,WA-1309,WA-1310,WA-1311,WA-1312,WA-1316,WA-1317,WA-1318,WA-1319,WA-1320,WA-1323,WA-1324,WA-1325,WA-1326,WA-1327,WA-1328,WA-1333,WA-1334,WA-1335

Running ../extract_zarr_region.py at 13:32 on 09/11/2022 using machine neptune


Script was run using the following arguments:

	zarr_folder = /home/elucas/scratch/VObs_GAARD
	study_id = 1244-VO-GH-YAWSON-VMF00051
	chrom = X
	region = 15574658-15652046
	output_fn = Korle-Bu_coluzzii_PM/X:15614925_allele_counts.csv
	sample_names = WA-1147,WA-1153,WA-1158,WA-1159,WA-1162,WA-1164,WA-1165,WA-1166,WA-1169,WA-1171,WA-1172,WA-1173,WA-1174,WA-1181,WA-1182,WA-1183,WA-1184,WA-1188,WA-1189,WA-1190,WA-1192,WA-1193,WA-1196,WA-1199,WA-1200,WA-1201,WA-1202,WA-1204,WA-1206,WA-1207,WA-1208,WA-1209,WA-1210,WA-1212,WA-1214,WA-1215,WA-1217,WA-1220,WA-1221,WA-1222,WA-1226,WA-1228,WA-1229,WA-1230,WA-1231,WA-1235,WA-1236,WA-1240,WA-1241,WA-1242,WA-1244,WA-1245,WA-1246,WA-1247,WA-1248,WA-1249,WA-1250,WA-1252,WA-1253,WA-1254,WA-1257,WA-1259,WA-1260,WA-1261,WA-1262,WA-1264,WA-1267,WA-1268,WA-1271,WA-1272,WA-1273,WA-1274,WA-1275,WA-1276,WA-1277,WA-1278,WA-1283,WA-1284,WA-1285,WA-1291,WA-1293,WA-1297,WA-1299,WA-1300,WA-1301,WA-1302,WA-1308,WA-1309,WA-1310,WA-1311,WA-1312,WA-1316,WA-1317,WA-1318,WA-1319,WA-1320,WA-1323,WA-1324,WA-1325,WA-1326,WA-1327,WA-1328,WA-1333,WA-1334,WA-1335

Running snpEff on significant SNPs, using command /usr/bin/java -jar ~/software/snpEff/snpEff.jar eff Anopheles_gambiae -noStats Korle-Bu_coluzzii_PM/temp.vcf > Korle-Bu_coluzzii_PM/focal_windows.vcf .
2L:22237788.null device 2L:23989307.null device 2L:28414771.null device 
                      1                       1                       1 
2L:28438932.null device 2L:28561906.null device 2L:28615047.null device 
                      1                       1                       1 
2L:28641468.null device 2L:28664089.null device 2L:28689296.null device 
                      1                       1                       1 
2L:36913180.null device 2L:36939137.null device 2L:36963255.null device 
                      1                       1                       1 
2L:37011181.null device 2L:37103650.null device 2L:37142451.null device 
                      1                       1                       1 
2L:37176411.null device 2L:37570900.null device  2L:3821991.null device 
                      1                       1                       1 
 3R:4253878.null device  X:15614925.null device 
                      1                       1 
