Loading required package: Matrix
Loading required package: BiocGenerics

Attaching package: ‘BiocGenerics’

The following objects are masked from ‘package:stats’:

    IQR, mad, sd, var, xtabs

The following objects are masked from ‘package:base’:

    anyDuplicated, append, as.data.frame, basename, cbind, colnames,
    dirname, do.call, duplicated, eval, evalq, Filter, Find, get, grep,
    grepl, intersect, is.unsorted, lapply, Map, mapply, match, mget,
    order, paste, pmax, pmax.int, pmin, pmin.int, Position, rank,
    rbind, Reduce, rownames, sapply, setdiff, sort, table, tapply,
    union, unique, unsplit, which.max, which.min

Loading required package: S4Vectors
Loading required package: stats4

Attaching package: ‘S4Vectors’

The following objects are masked from ‘package:Matrix’:

    expand, unname

The following objects are masked from ‘package:data.table’:

    first, second

The following objects are masked from ‘package:base’:

    expand.grid, I, unname

Loading required package: IRanges

Attaching package: ‘IRanges’

The following object is masked from ‘package:data.table’:

    shift

Loading required package: XVector
Loading required package: GenomeInfoDb

Attaching package: ‘Biostrings’

The following object is masked from ‘package:base’:

    strsplit


Attaching package: ‘ape’

The following object is masked from ‘package:Biostrings’:

    complement

Arguments:
Obuasi_gambiae_Delta


Loading SNP data from ~/data/ML/GAARD_SNP/Obuasi_gambiae_Delta/csvs/filtered_SNPs.csv.
            used  (Mb) gc trigger    (Mb)   max used    (Mb)
Ncells   3840910 205.2    7242414   386.8    4849954   259.1
Vcells 124650435 951.1 1459028676 11131.6 1518248547 11583.4
Loading phenotype data from ../../data/combined/sample_phenotypes.csv.
There were 50 or more warnings (use warnings() to see the first 50)
Running ../extract_zarr_region.py at 13:40 on 09/11/2022 using machine neptune


Script was run using the following arguments:

	zarr_folder = /home/elucas/scratch/VObs_GAARD
	study_id = 1244-VO-GH-YAWSON-VMF00051
	chrom = 2L
	region = 25642493-25689868
	output_fn = Obuasi_gambiae_Delta/2L:25666039_allele_counts.csv
	sample_names = WA-0168,WA-0169,WA-0171,WA-0174,WA-0175,WA-0176,WA-0179,WA-0186,WA-0187,WA-0195,WA-0196,WA-0199,WA-0200,WA-0203,WA-0204,WA-0207,WA-0211,WA-0212,WA-0215,WA-0218,WA-0219,WA-0220,WA-0221,WA-0222,WA-0223,WA-0227,WA-0228,WA-0229,WA-0234,WA-0235,WA-0236,WA-0237,WA-0239,WA-0242,WA-0243,WA-0244,WA-0245,WA-0246,WA-0247,WA-0249,WA-0251,WA-0252,WA-0253,WA-0255,WA-0256,WA-0257,WA-0258,WA-0259,WA-0260,WA-0261,WA-0262,WA-0269,WA-0270,WA-0274,WA-0282,WA-0287,WA-0288,WA-0289,WA-0290,WA-0291,WA-0292,WA-0294,WA-0295,WA-0296,WA-0297,WA-0298,WA-0299,WA-0306,WA-0309,WA-0310,WA-0313,WA-0314,WA-0317,WA-0318,WA-0319,WA-0320,WA-0321,WA-0322

Running ../extract_zarr_region.py at 13:40 on 09/11/2022 using machine neptune


Script was run using the following arguments:

	zarr_folder = /home/elucas/scratch/VObs_GAARD
	study_id = 1244-VO-GH-YAWSON-VMF00051
	chrom = 2L
	region = 47216682-47282537
	output_fn = Obuasi_gambiae_Delta/2L:47246666_allele_counts.csv
	sample_names = WA-0168,WA-0169,WA-0171,WA-0174,WA-0175,WA-0176,WA-0179,WA-0186,WA-0187,WA-0195,WA-0196,WA-0199,WA-0200,WA-0203,WA-0204,WA-0207,WA-0211,WA-0212,WA-0215,WA-0218,WA-0219,WA-0220,WA-0221,WA-0222,WA-0223,WA-0227,WA-0228,WA-0229,WA-0234,WA-0235,WA-0236,WA-0237,WA-0239,WA-0242,WA-0243,WA-0244,WA-0245,WA-0246,WA-0247,WA-0249,WA-0251,WA-0252,WA-0253,WA-0255,WA-0256,WA-0257,WA-0258,WA-0259,WA-0260,WA-0261,WA-0262,WA-0269,WA-0270,WA-0274,WA-0282,WA-0287,WA-0288,WA-0289,WA-0290,WA-0291,WA-0292,WA-0294,WA-0295,WA-0296,WA-0297,WA-0298,WA-0299,WA-0306,WA-0309,WA-0310,WA-0313,WA-0314,WA-0317,WA-0318,WA-0319,WA-0320,WA-0321,WA-0322

Running ../extract_zarr_region.py at 13:40 on 09/11/2022 using machine neptune


Script was run using the following arguments:

	zarr_folder = /home/elucas/scratch/VObs_GAARD
	study_id = 1244-VO-GH-YAWSON-VMF00051
	chrom = 2R
	region = 3151762-3198994
	output_fn = Obuasi_gambiae_Delta/2R:3175305_allele_counts.csv
	sample_names = WA-0168,WA-0169,WA-0171,WA-0174,WA-0175,WA-0176,WA-0179,WA-0186,WA-0187,WA-0195,WA-0196,WA-0199,WA-0200,WA-0203,WA-0204,WA-0207,WA-0211,WA-0212,WA-0215,WA-0218,WA-0219,WA-0220,WA-0221,WA-0222,WA-0223,WA-0227,WA-0228,WA-0229,WA-0234,WA-0235,WA-0236,WA-0237,WA-0239,WA-0242,WA-0243,WA-0244,WA-0245,WA-0246,WA-0247,WA-0249,WA-0251,WA-0252,WA-0253,WA-0255,WA-0256,WA-0257,WA-0258,WA-0259,WA-0260,WA-0261,WA-0262,WA-0269,WA-0270,WA-0274,WA-0282,WA-0287,WA-0288,WA-0289,WA-0290,WA-0291,WA-0292,WA-0294,WA-0295,WA-0296,WA-0297,WA-0298,WA-0299,WA-0306,WA-0309,WA-0310,WA-0313,WA-0314,WA-0317,WA-0318,WA-0319,WA-0320,WA-0321,WA-0322

Running ../extract_zarr_region.py at 13:40 on 09/11/2022 using machine neptune


Script was run using the following arguments:

	zarr_folder = /home/elucas/scratch/VObs_GAARD
	study_id = 1244-VO-GH-YAWSON-VMF00051
	chrom = 2R
	region = 40861802-40937039
	output_fn = Obuasi_gambiae_Delta/2R:40905141_allele_counts.csv
	sample_names = WA-0168,WA-0169,WA-0171,WA-0174,WA-0175,WA-0176,WA-0179,WA-0186,WA-0187,WA-0195,WA-0196,WA-0199,WA-0200,WA-0203,WA-0204,WA-0207,WA-0211,WA-0212,WA-0215,WA-0218,WA-0219,WA-0220,WA-0221,WA-0222,WA-0223,WA-0227,WA-0228,WA-0229,WA-0234,WA-0235,WA-0236,WA-0237,WA-0239,WA-0242,WA-0243,WA-0244,WA-0245,WA-0246,WA-0247,WA-0249,WA-0251,WA-0252,WA-0253,WA-0255,WA-0256,WA-0257,WA-0258,WA-0259,WA-0260,WA-0261,WA-0262,WA-0269,WA-0270,WA-0274,WA-0282,WA-0287,WA-0288,WA-0289,WA-0290,WA-0291,WA-0292,WA-0294,WA-0295,WA-0296,WA-0297,WA-0298,WA-0299,WA-0306,WA-0309,WA-0310,WA-0313,WA-0314,WA-0317,WA-0318,WA-0319,WA-0320,WA-0321,WA-0322

Running ../extract_zarr_region.py at 13:40 on 09/11/2022 using machine neptune


Script was run using the following arguments:

	zarr_folder = /home/elucas/scratch/VObs_GAARD
	study_id = 1244-VO-GH-YAWSON-VMF00051
	chrom = 3R
	region = 10609161-10656148
	output_fn = Obuasi_gambiae_Delta/3R:10633692_allele_counts.csv
	sample_names = WA-0168,WA-0169,WA-0171,WA-0174,WA-0175,WA-0176,WA-0179,WA-0186,WA-0187,WA-0195,WA-0196,WA-0199,WA-0200,WA-0203,WA-0204,WA-0207,WA-0211,WA-0212,WA-0215,WA-0218,WA-0219,WA-0220,WA-0221,WA-0222,WA-0223,WA-0227,WA-0228,WA-0229,WA-0234,WA-0235,WA-0236,WA-0237,WA-0239,WA-0242,WA-0243,WA-0244,WA-0245,WA-0246,WA-0247,WA-0249,WA-0251,WA-0252,WA-0253,WA-0255,WA-0256,WA-0257,WA-0258,WA-0259,WA-0260,WA-0261,WA-0262,WA-0269,WA-0270,WA-0274,WA-0282,WA-0287,WA-0288,WA-0289,WA-0290,WA-0291,WA-0292,WA-0294,WA-0295,WA-0296,WA-0297,WA-0298,WA-0299,WA-0306,WA-0309,WA-0310,WA-0313,WA-0314,WA-0317,WA-0318,WA-0319,WA-0320,WA-0321,WA-0322

Running ../extract_zarr_region.py at 13:40 on 09/11/2022 using machine neptune


Script was run using the following arguments:

	zarr_folder = /home/elucas/scratch/VObs_GAARD
	study_id = 1244-VO-GH-YAWSON-VMF00051
	chrom = X
	region = 15905654-15969088
	output_fn = Obuasi_gambiae_Delta/X:15939854_allele_counts.csv
	sample_names = WA-0168,WA-0169,WA-0171,WA-0174,WA-0175,WA-0176,WA-0179,WA-0186,WA-0187,WA-0195,WA-0196,WA-0199,WA-0200,WA-0203,WA-0204,WA-0207,WA-0211,WA-0212,WA-0215,WA-0218,WA-0219,WA-0220,WA-0221,WA-0222,WA-0223,WA-0227,WA-0228,WA-0229,WA-0234,WA-0235,WA-0236,WA-0237,WA-0239,WA-0242,WA-0243,WA-0244,WA-0245,WA-0246,WA-0247,WA-0249,WA-0251,WA-0252,WA-0253,WA-0255,WA-0256,WA-0257,WA-0258,WA-0259,WA-0260,WA-0261,WA-0262,WA-0269,WA-0270,WA-0274,WA-0282,WA-0287,WA-0288,WA-0289,WA-0290,WA-0291,WA-0292,WA-0294,WA-0295,WA-0296,WA-0297,WA-0298,WA-0299,WA-0306,WA-0309,WA-0310,WA-0313,WA-0314,WA-0317,WA-0318,WA-0319,WA-0320,WA-0321,WA-0322

Running snpEff on significant SNPs, using command /usr/bin/java -jar ~/software/snpEff/snpEff.jar eff Anopheles_gambiae -noStats Obuasi_gambiae_Delta/temp.vcf > Obuasi_gambiae_Delta/focal_windows.vcf .
2L:25666039.null device 2L:47246666.null device  2R:3175305.null device 
                      1                       1                       1 
2R:40905141.null device 3R:10633692.null device  X:15939854.null device 
                      1                       1                       1 
