Warning messages:
1: In self$trans$transform(x) : NaNs produced
2: Transformation introduced infinite values in continuous y-axis 
3: Removed 3 row(s) containing missing values (geom_path). 
$Avrankou.coluzzii.Delta
Empty data.table (0 rows and 1 cols): chromosome

$Baguida.gambiae.Delta
Empty data.table (0 rows and 1 cols): chromosome

$Baguida.gambiae.PM
Empty data.table (0 rows and 1 cols): chromosome

$`Korle-Bu.coluzzii.Delta`
Empty data.table (0 rows and 1 cols): chromosome

$`Korle-Bu.coluzzii.PM`
Empty data.table (0 rows and 1 cols): chromosome

$Madina.gambiae.Delta
Empty data.table (0 rows and 1 cols): chromosome

$Madina.gambiae.PM
Empty data.table (0 rows and 1 cols): chromosome

$Obuasi.gambiae.Delta
Empty data.table (0 rows and 1 cols): chromosome

$Obuasi.gambiae.PM
Empty data.table (0 rows and 1 cols): chromosome

