
Sample sizes before removing males and sibs:

    location  species insecticide dead alive
 1:  Aboisso  gambiae          PM    5    33
 2: Avrankou coluzzii       Delta   42    48
 3:  Baguida  gambiae       Delta   43    61
 4:  Baguida  gambiae          PM   33    42
 5: Korle-Bu coluzzii       Delta   89    61
 6: Korle-Bu coluzzii          PM   56    62
 7:   Madina  gambiae       Delta   48    79
 8:   Madina  gambiae          PM   33    40
 9:   Obuasi  gambiae       Delta   51    29
10:   Obuasi  gambiae          PM   56    62


Sample sizes after removing males and sibs:

    location  species insecticide dead alive
 1:  Aboisso  gambiae          PM    5    32
 2: Avrankou coluzzii       Delta   34    45
 3:  Baguida  gambiae       Delta   34    54
 4:  Baguida  gambiae          PM   30    35
 5: Korle-Bu coluzzii       Delta   83    59
 6: Korle-Bu coluzzii          PM   48    57
 7:   Madina  gambiae       Delta   37    64
 8:   Madina  gambiae          PM   27    38
 9:   Obuasi  gambiae       Delta   51    27
10:   Obuasi  gambiae          PM   50    54
