Loading required package: Matrix
Loading required package: BiocGenerics

Attaching package: ‘BiocGenerics’

The following objects are masked from ‘package:stats’:

    IQR, mad, sd, var, xtabs

The following objects are masked from ‘package:base’:

    anyDuplicated, append, as.data.frame, basename, cbind, colnames,
    dirname, do.call, duplicated, eval, evalq, Filter, Find, get, grep,
    grepl, intersect, is.unsorted, lapply, Map, mapply, match, mget,
    order, paste, pmax, pmax.int, pmin, pmin.int, Position, rank,
    rbind, Reduce, rownames, sapply, setdiff, sort, table, tapply,
    union, unique, unsplit, which.max, which.min

Loading required package: S4Vectors
Loading required package: stats4

Attaching package: ‘S4Vectors’

The following objects are masked from ‘package:Matrix’:

    expand, unname

The following objects are masked from ‘package:data.table’:

    first, second

The following objects are masked from ‘package:base’:

    expand.grid, I, unname

Loading required package: IRanges

Attaching package: ‘IRanges’

The following object is masked from ‘package:data.table’:

    shift

Loading required package: XVector
Loading required package: GenomeInfoDb

Attaching package: ‘Biostrings’

The following object is masked from ‘package:base’:

    strsplit


Attaching package: ‘ape’

The following object is masked from ‘package:Biostrings’:

    complement

Arguments:
Madina_gambiae_Delta


Loading SNP data from ~/data/ML/GAARD_SNP/Madina_gambiae_Delta/csvs/filtered_SNPs.csv.
            used   (Mb) gc trigger    (Mb)   max used    (Mb)
Ncells   3856387  206.0   34643690  1850.2   38356030  2048.5
Vcells 375365059 2863.9 4560759526 34795.9 7123446424 54347.6
Loading phenotype data from ../data/combined/sample_phenotypes.csv.
Warning messages:
1: glm.fit: fitted probabilities numerically 0 or 1 occurred 
2: glm.fit: fitted probabilities numerically 0 or 1 occurred 
3: glm.fit: fitted probabilities numerically 0 or 1 occurred 
Running extract_zarr_region.py at 17:54 on 04/07/2022 using machine neptune


Script was run using the following arguments:

	zarr_folder = /home/elucas/scratch/VObs_GAARD
	study_id = 1244-VO-GH-YAWSON-VMF00051
	chrom = 2R
	region = 28391363-28426200
	output_fn = Madina_gambiae_Delta/2R:28407985_allele_counts.csv
	sample_names = WA-0001,WA-0002,WA-0006,WA-0007,WA-0008,WA-0009,WA-0010,WA-0012,WA-0013,WA-0014,WA-0015,WA-0016,WA-0017,WA-0018,WA-0020,WA-0021,WA-0024,WA-0029,WA-0031,WA-0036,WA-0037,WA-0041,WA-0044,WA-0046,WA-0048,WA-0050,WA-0052,WA-0053,WA-0055,WA-0056,WA-0057,WA-0060,WA-0061,WA-0062,WA-0064,WA-0066,WA-0071,WA-0073,WA-0074,WA-0075,WA-0076,WA-0077,WA-0079,WA-0081,WA-0082,WA-0083,WA-0084,WA-0085,WA-0086,WA-0088,WA-0089,WA-0091,WA-0092,WA-0094,WA-0095,WA-0099,WA-0102,WA-0104,WA-0106,WA-0107,WA-0108,WA-0109,WA-0110,WA-0111,WA-0112,WA-0117,WA-0118,WA-0120,WA-0123,WA-0124,WA-0125,WA-0126,WA-0127,WA-0131,WA-0132,WA-0133,WA-0134,WA-0135,WA-0136,WA-0137,WA-0138,WA-0140,WA-0141,WA-0142,WA-0143,WA-0146,WA-0148,WA-0149,WA-0150,WA-0151,WA-0152,WA-0153,WA-0154,WA-0155,WA-0157,WA-0158,WA-0159,WA-0160,WA-0162,WA-0165,WA-0167

Running extract_zarr_region.py at 17:54 on 04/07/2022 using machine neptune


Script was run using the following arguments:

	zarr_folder = /home/elucas/scratch/VObs_GAARD
	study_id = 1244-VO-GH-YAWSON-VMF00051
	chrom = 2R
	region = 28444838-28484602
	output_fn = Madina_gambiae_Delta/2R:28463684_allele_counts.csv
	sample_names = WA-0001,WA-0002,WA-0006,WA-0007,WA-0008,WA-0009,WA-0010,WA-0012,WA-0013,WA-0014,WA-0015,WA-0016,WA-0017,WA-0018,WA-0020,WA-0021,WA-0024,WA-0029,WA-0031,WA-0036,WA-0037,WA-0041,WA-0044,WA-0046,WA-0048,WA-0050,WA-0052,WA-0053,WA-0055,WA-0056,WA-0057,WA-0060,WA-0061,WA-0062,WA-0064,WA-0066,WA-0071,WA-0073,WA-0074,WA-0075,WA-0076,WA-0077,WA-0079,WA-0081,WA-0082,WA-0083,WA-0084,WA-0085,WA-0086,WA-0088,WA-0089,WA-0091,WA-0092,WA-0094,WA-0095,WA-0099,WA-0102,WA-0104,WA-0106,WA-0107,WA-0108,WA-0109,WA-0110,WA-0111,WA-0112,WA-0117,WA-0118,WA-0120,WA-0123,WA-0124,WA-0125,WA-0126,WA-0127,WA-0131,WA-0132,WA-0133,WA-0134,WA-0135,WA-0136,WA-0137,WA-0138,WA-0140,WA-0141,WA-0142,WA-0143,WA-0146,WA-0148,WA-0149,WA-0150,WA-0151,WA-0152,WA-0153,WA-0154,WA-0155,WA-0157,WA-0158,WA-0159,WA-0160,WA-0162,WA-0165,WA-0167

Running snpEff on significant SNPs, using command java -jar ~/software/snpEff/snpEff.jar eff Anopheles_gambiae -noStats Madina_gambiae_Delta/temp.vcf > Madina_gambiae_Delta/focal_windows.vcf .
2R:28407985.null device 2R:28463684.null device 
                      1                       1 
