Loading required package: Matrix
Loading required package: BiocGenerics

Attaching package: ‘BiocGenerics’

The following objects are masked from ‘package:stats’:

    IQR, mad, sd, var, xtabs

The following objects are masked from ‘package:base’:

    anyDuplicated, append, as.data.frame, basename, cbind, colnames,
    dirname, do.call, duplicated, eval, evalq, Filter, Find, get, grep,
    grepl, intersect, is.unsorted, lapply, Map, mapply, match, mget,
    order, paste, pmax, pmax.int, pmin, pmin.int, Position, rank,
    rbind, Reduce, rownames, sapply, setdiff, sort, table, tapply,
    union, unique, unsplit, which.max, which.min

Loading required package: S4Vectors
Loading required package: stats4

Attaching package: ‘S4Vectors’

The following objects are masked from ‘package:Matrix’:

    expand, unname

The following objects are masked from ‘package:data.table’:

    first, second

The following objects are masked from ‘package:base’:

    expand.grid, I, unname

Loading required package: IRanges

Attaching package: ‘IRanges’

The following object is masked from ‘package:data.table’:

    shift

Loading required package: XVector
Loading required package: GenomeInfoDb

Attaching package: ‘Biostrings’

The following object is masked from ‘package:base’:

    strsplit


Attaching package: ‘ape’

The following object is masked from ‘package:Biostrings’:

    complement

Arguments:
Obuasi_gambiae_PM


Loading SNP data from ~/data/ML/GAARD_SNP/Obuasi_gambiae_PM/csvs/filtered_SNPs.csv.
            used   (Mb) gc trigger    (Mb)   max used    (Mb)
Ncells   3862210  206.3   34643690  1850.2   38356823  2048.5
Vcells 344795698 2630.6 4560759526 34795.9 7126184489 54368.5
Loading phenotype data from ../data/combined/sample_phenotypes.csv.
There were 50 or more warnings (use warnings() to see the first 50)
Running extract_zarr_region.py at 18:08 on 04/07/2022 using machine neptune


Script was run using the following arguments:

	zarr_folder = /home/elucas/scratch/VObs_GAARD
	study_id = 1244-VO-GH-YAWSON-VMF00051
	chrom = 2R
	region = 3464360-3519400
	output_fn = Obuasi_gambiae_PM/2R:3488994_allele_counts.csv
	sample_names = WA-0593,WA-0594,WA-0596,WA-0597,WA-0598,WA-0599,WA-0600,WA-0601,WA-0604,WA-0605,WA-0606,WA-0608,WA-0609,WA-0610,WA-0611,WA-0612,WA-0613,WA-0614,WA-0615,WA-0616,WA-0617,WA-0618,WA-0619,WA-0620,WA-0621,WA-0623,WA-0626,WA-0627,WA-0629,WA-0630,WA-0631,WA-0632,WA-0633,WA-0635,WA-0636,WA-0637,WA-0638,WA-0639,WA-0641,WA-0642,WA-0643,WA-0644,WA-0645,WA-0646,WA-0647,WA-0649,WA-0650,WA-0651,WA-0653,WA-0655,WA-0656,WA-0657,WA-0660,WA-0662,WA-0663,WA-0665,WA-0666,WA-0667,WA-0669,WA-0670,WA-0671,WA-0674,WA-0675,WA-0676,WA-0677,WA-0678,WA-0679,WA-0680,WA-0682,WA-0685,WA-0686,WA-0687,WA-0688,WA-0689,WA-0690,WA-0691,WA-0692,WA-0693,WA-0694,WA-0695,WA-0699,WA-0701,WA-0702,WA-0703,WA-0704,WA-0705,WA-0706,WA-0707,WA-0709,WA-0710,WA-0711,WA-0712,WA-0713,WA-0714,WA-0715,WA-0716,WA-0717,WA-0718,WA-0719,WA-0720,WA-0722,WA-0723,WA-0724,WA-0725

Running extract_zarr_region.py at 18:08 on 04/07/2022 using machine neptune


Script was run using the following arguments:

	zarr_folder = /home/elucas/scratch/VObs_GAARD
	study_id = 1244-VO-GH-YAWSON-VMF00051
	chrom = 3L
	region = 30467135-30497616
	output_fn = Obuasi_gambiae_PM/3L:30482533_allele_counts.csv
	sample_names = WA-0593,WA-0594,WA-0596,WA-0597,WA-0598,WA-0599,WA-0600,WA-0601,WA-0604,WA-0605,WA-0606,WA-0608,WA-0609,WA-0610,WA-0611,WA-0612,WA-0613,WA-0614,WA-0615,WA-0616,WA-0617,WA-0618,WA-0619,WA-0620,WA-0621,WA-0623,WA-0626,WA-0627,WA-0629,WA-0630,WA-0631,WA-0632,WA-0633,WA-0635,WA-0636,WA-0637,WA-0638,WA-0639,WA-0641,WA-0642,WA-0643,WA-0644,WA-0645,WA-0646,WA-0647,WA-0649,WA-0650,WA-0651,WA-0653,WA-0655,WA-0656,WA-0657,WA-0660,WA-0662,WA-0663,WA-0665,WA-0666,WA-0667,WA-0669,WA-0670,WA-0671,WA-0674,WA-0675,WA-0676,WA-0677,WA-0678,WA-0679,WA-0680,WA-0682,WA-0685,WA-0686,WA-0687,WA-0688,WA-0689,WA-0690,WA-0691,WA-0692,WA-0693,WA-0694,WA-0695,WA-0699,WA-0701,WA-0702,WA-0703,WA-0704,WA-0705,WA-0706,WA-0707,WA-0709,WA-0710,WA-0711,WA-0712,WA-0713,WA-0714,WA-0715,WA-0716,WA-0717,WA-0718,WA-0719,WA-0720,WA-0722,WA-0723,WA-0724,WA-0725

Running extract_zarr_region.py at 18:08 on 04/07/2022 using machine neptune


Script was run using the following arguments:

	zarr_folder = /home/elucas/scratch/VObs_GAARD
	study_id = 1244-VO-GH-YAWSON-VMF00051
	chrom = 3L
	region = 30477615-30507759
	output_fn = Obuasi_gambiae_PM/3L:30491765_allele_counts.csv
	sample_names = WA-0593,WA-0594,WA-0596,WA-0597,WA-0598,WA-0599,WA-0600,WA-0601,WA-0604,WA-0605,WA-0606,WA-0608,WA-0609,WA-0610,WA-0611,WA-0612,WA-0613,WA-0614,WA-0615,WA-0616,WA-0617,WA-0618,WA-0619,WA-0620,WA-0621,WA-0623,WA-0626,WA-0627,WA-0629,WA-0630,WA-0631,WA-0632,WA-0633,WA-0635,WA-0636,WA-0637,WA-0638,WA-0639,WA-0641,WA-0642,WA-0643,WA-0644,WA-0645,WA-0646,WA-0647,WA-0649,WA-0650,WA-0651,WA-0653,WA-0655,WA-0656,WA-0657,WA-0660,WA-0662,WA-0663,WA-0665,WA-0666,WA-0667,WA-0669,WA-0670,WA-0671,WA-0674,WA-0675,WA-0676,WA-0677,WA-0678,WA-0679,WA-0680,WA-0682,WA-0685,WA-0686,WA-0687,WA-0688,WA-0689,WA-0690,WA-0691,WA-0692,WA-0693,WA-0694,WA-0695,WA-0699,WA-0701,WA-0702,WA-0703,WA-0704,WA-0705,WA-0706,WA-0707,WA-0709,WA-0710,WA-0711,WA-0712,WA-0713,WA-0714,WA-0715,WA-0716,WA-0717,WA-0718,WA-0719,WA-0720,WA-0722,WA-0723,WA-0724,WA-0725

Running extract_zarr_region.py at 18:08 on 04/07/2022 using machine neptune


Script was run using the following arguments:

	zarr_folder = /home/elucas/scratch/VObs_GAARD
	study_id = 1244-VO-GH-YAWSON-VMF00051
	chrom = 3L
	region = 30487758-30516894
	output_fn = Obuasi_gambiae_PM/3L:30502058_allele_counts.csv
	sample_names = WA-0593,WA-0594,WA-0596,WA-0597,WA-0598,WA-0599,WA-0600,WA-0601,WA-0604,WA-0605,WA-0606,WA-0608,WA-0609,WA-0610,WA-0611,WA-0612,WA-0613,WA-0614,WA-0615,WA-0616,WA-0617,WA-0618,WA-0619,WA-0620,WA-0621,WA-0623,WA-0626,WA-0627,WA-0629,WA-0630,WA-0631,WA-0632,WA-0633,WA-0635,WA-0636,WA-0637,WA-0638,WA-0639,WA-0641,WA-0642,WA-0643,WA-0644,WA-0645,WA-0646,WA-0647,WA-0649,WA-0650,WA-0651,WA-0653,WA-0655,WA-0656,WA-0657,WA-0660,WA-0662,WA-0663,WA-0665,WA-0666,WA-0667,WA-0669,WA-0670,WA-0671,WA-0674,WA-0675,WA-0676,WA-0677,WA-0678,WA-0679,WA-0680,WA-0682,WA-0685,WA-0686,WA-0687,WA-0688,WA-0689,WA-0690,WA-0691,WA-0692,WA-0693,WA-0694,WA-0695,WA-0699,WA-0701,WA-0702,WA-0703,WA-0704,WA-0705,WA-0706,WA-0707,WA-0709,WA-0710,WA-0711,WA-0712,WA-0713,WA-0714,WA-0715,WA-0716,WA-0717,WA-0718,WA-0719,WA-0720,WA-0722,WA-0723,WA-0724,WA-0725

Running extract_zarr_region.py at 18:08 on 04/07/2022 using machine neptune


Script was run using the following arguments:

	zarr_folder = /home/elucas/scratch/VObs_GAARD
	study_id = 1244-VO-GH-YAWSON-VMF00051
	chrom = 3L
	region = 30496893-30526797
	output_fn = Obuasi_gambiae_PM/3L:30511765_allele_counts.csv
	sample_names = WA-0593,WA-0594,WA-0596,WA-0597,WA-0598,WA-0599,WA-0600,WA-0601,WA-0604,WA-0605,WA-0606,WA-0608,WA-0609,WA-0610,WA-0611,WA-0612,WA-0613,WA-0614,WA-0615,WA-0616,WA-0617,WA-0618,WA-0619,WA-0620,WA-0621,WA-0623,WA-0626,WA-0627,WA-0629,WA-0630,WA-0631,WA-0632,WA-0633,WA-0635,WA-0636,WA-0637,WA-0638,WA-0639,WA-0641,WA-0642,WA-0643,WA-0644,WA-0645,WA-0646,WA-0647,WA-0649,WA-0650,WA-0651,WA-0653,WA-0655,WA-0656,WA-0657,WA-0660,WA-0662,WA-0663,WA-0665,WA-0666,WA-0667,WA-0669,WA-0670,WA-0671,WA-0674,WA-0675,WA-0676,WA-0677,WA-0678,WA-0679,WA-0680,WA-0682,WA-0685,WA-0686,WA-0687,WA-0688,WA-0689,WA-0690,WA-0691,WA-0692,WA-0693,WA-0694,WA-0695,WA-0699,WA-0701,WA-0702,WA-0703,WA-0704,WA-0705,WA-0706,WA-0707,WA-0709,WA-0710,WA-0711,WA-0712,WA-0713,WA-0714,WA-0715,WA-0716,WA-0717,WA-0718,WA-0719,WA-0720,WA-0722,WA-0723,WA-0724,WA-0725

Running extract_zarr_region.py at 18:08 on 04/07/2022 using machine neptune


Script was run using the following arguments:

	zarr_folder = /home/elucas/scratch/VObs_GAARD
	study_id = 1244-VO-GH-YAWSON-VMF00051
	chrom = 3L
	region = 30524828-30555854
	output_fn = Obuasi_gambiae_PM/3L:30540639_allele_counts.csv
	sample_names = WA-0593,WA-0594,WA-0596,WA-0597,WA-0598,WA-0599,WA-0600,WA-0601,WA-0604,WA-0605,WA-0606,WA-0608,WA-0609,WA-0610,WA-0611,WA-0612,WA-0613,WA-0614,WA-0615,WA-0616,WA-0617,WA-0618,WA-0619,WA-0620,WA-0621,WA-0623,WA-0626,WA-0627,WA-0629,WA-0630,WA-0631,WA-0632,WA-0633,WA-0635,WA-0636,WA-0637,WA-0638,WA-0639,WA-0641,WA-0642,WA-0643,WA-0644,WA-0645,WA-0646,WA-0647,WA-0649,WA-0650,WA-0651,WA-0653,WA-0655,WA-0656,WA-0657,WA-0660,WA-0662,WA-0663,WA-0665,WA-0666,WA-0667,WA-0669,WA-0670,WA-0671,WA-0674,WA-0675,WA-0676,WA-0677,WA-0678,WA-0679,WA-0680,WA-0682,WA-0685,WA-0686,WA-0687,WA-0688,WA-0689,WA-0690,WA-0691,WA-0692,WA-0693,WA-0694,WA-0695,WA-0699,WA-0701,WA-0702,WA-0703,WA-0704,WA-0705,WA-0706,WA-0707,WA-0709,WA-0710,WA-0711,WA-0712,WA-0713,WA-0714,WA-0715,WA-0716,WA-0717,WA-0718,WA-0719,WA-0720,WA-0722,WA-0723,WA-0724,WA-0725

Running extract_zarr_region.py at 18:08 on 04/07/2022 using machine neptune


Script was run using the following arguments:

	zarr_folder = /home/elucas/scratch/VObs_GAARD
	study_id = 1244-VO-GH-YAWSON-VMF00051
	chrom = 3L
	region = 30544459-30572573
	output_fn = Obuasi_gambiae_PM/3L:30558236_allele_counts.csv
	sample_names = WA-0593,WA-0594,WA-0596,WA-0597,WA-0598,WA-0599,WA-0600,WA-0601,WA-0604,WA-0605,WA-0606,WA-0608,WA-0609,WA-0610,WA-0611,WA-0612,WA-0613,WA-0614,WA-0615,WA-0616,WA-0617,WA-0618,WA-0619,WA-0620,WA-0621,WA-0623,WA-0626,WA-0627,WA-0629,WA-0630,WA-0631,WA-0632,WA-0633,WA-0635,WA-0636,WA-0637,WA-0638,WA-0639,WA-0641,WA-0642,WA-0643,WA-0644,WA-0645,WA-0646,WA-0647,WA-0649,WA-0650,WA-0651,WA-0653,WA-0655,WA-0656,WA-0657,WA-0660,WA-0662,WA-0663,WA-0665,WA-0666,WA-0667,WA-0669,WA-0670,WA-0671,WA-0674,WA-0675,WA-0676,WA-0677,WA-0678,WA-0679,WA-0680,WA-0682,WA-0685,WA-0686,WA-0687,WA-0688,WA-0689,WA-0690,WA-0691,WA-0692,WA-0693,WA-0694,WA-0695,WA-0699,WA-0701,WA-0702,WA-0703,WA-0704,WA-0705,WA-0706,WA-0707,WA-0709,WA-0710,WA-0711,WA-0712,WA-0713,WA-0714,WA-0715,WA-0716,WA-0717,WA-0718,WA-0719,WA-0720,WA-0722,WA-0723,WA-0724,WA-0725

Running extract_zarr_region.py at 18:08 on 04/07/2022 using machine neptune


Script was run using the following arguments:

	zarr_folder = /home/elucas/scratch/VObs_GAARD
	study_id = 1244-VO-GH-YAWSON-VMF00051
	chrom = 3L
	region = 30552572-30588511
	output_fn = Obuasi_gambiae_PM/3L:30568108_allele_counts.csv
	sample_names = WA-0593,WA-0594,WA-0596,WA-0597,WA-0598,WA-0599,WA-0600,WA-0601,WA-0604,WA-0605,WA-0606,WA-0608,WA-0609,WA-0610,WA-0611,WA-0612,WA-0613,WA-0614,WA-0615,WA-0616,WA-0617,WA-0618,WA-0619,WA-0620,WA-0621,WA-0623,WA-0626,WA-0627,WA-0629,WA-0630,WA-0631,WA-0632,WA-0633,WA-0635,WA-0636,WA-0637,WA-0638,WA-0639,WA-0641,WA-0642,WA-0643,WA-0644,WA-0645,WA-0646,WA-0647,WA-0649,WA-0650,WA-0651,WA-0653,WA-0655,WA-0656,WA-0657,WA-0660,WA-0662,WA-0663,WA-0665,WA-0666,WA-0667,WA-0669,WA-0670,WA-0671,WA-0674,WA-0675,WA-0676,WA-0677,WA-0678,WA-0679,WA-0680,WA-0682,WA-0685,WA-0686,WA-0687,WA-0688,WA-0689,WA-0690,WA-0691,WA-0692,WA-0693,WA-0694,WA-0695,WA-0699,WA-0701,WA-0702,WA-0703,WA-0704,WA-0705,WA-0706,WA-0707,WA-0709,WA-0710,WA-0711,WA-0712,WA-0713,WA-0714,WA-0715,WA-0716,WA-0717,WA-0718,WA-0719,WA-0720,WA-0722,WA-0723,WA-0724,WA-0725

Running extract_zarr_region.py at 18:08 on 04/07/2022 using machine neptune


Script was run using the following arguments:

	zarr_folder = /home/elucas/scratch/VObs_GAARD
	study_id = 1244-VO-GH-YAWSON-VMF00051
	chrom = 3L
	region = 30568511-30597941
	output_fn = Obuasi_gambiae_PM/3L:30583473_allele_counts.csv
	sample_names = WA-0593,WA-0594,WA-0596,WA-0597,WA-0598,WA-0599,WA-0600,WA-0601,WA-0604,WA-0605,WA-0606,WA-0608,WA-0609,WA-0610,WA-0611,WA-0612,WA-0613,WA-0614,WA-0615,WA-0616,WA-0617,WA-0618,WA-0619,WA-0620,WA-0621,WA-0623,WA-0626,WA-0627,WA-0629,WA-0630,WA-0631,WA-0632,WA-0633,WA-0635,WA-0636,WA-0637,WA-0638,WA-0639,WA-0641,WA-0642,WA-0643,WA-0644,WA-0645,WA-0646,WA-0647,WA-0649,WA-0650,WA-0651,WA-0653,WA-0655,WA-0656,WA-0657,WA-0660,WA-0662,WA-0663,WA-0665,WA-0666,WA-0667,WA-0669,WA-0670,WA-0671,WA-0674,WA-0675,WA-0676,WA-0677,WA-0678,WA-0679,WA-0680,WA-0682,WA-0685,WA-0686,WA-0687,WA-0688,WA-0689,WA-0690,WA-0691,WA-0692,WA-0693,WA-0694,WA-0695,WA-0699,WA-0701,WA-0702,WA-0703,WA-0704,WA-0705,WA-0706,WA-0707,WA-0709,WA-0710,WA-0711,WA-0712,WA-0713,WA-0714,WA-0715,WA-0716,WA-0717,WA-0718,WA-0719,WA-0720,WA-0722,WA-0723,WA-0724,WA-0725

Running extract_zarr_region.py at 18:09 on 04/07/2022 using machine neptune


Script was run using the following arguments:

	zarr_folder = /home/elucas/scratch/VObs_GAARD
	study_id = 1244-VO-GH-YAWSON-VMF00051
	chrom = 3L
	region = 30577941-30607762
	output_fn = Obuasi_gambiae_PM/3L:30592869_allele_counts.csv
	sample_names = WA-0593,WA-0594,WA-0596,WA-0597,WA-0598,WA-0599,WA-0600,WA-0601,WA-0604,WA-0605,WA-0606,WA-0608,WA-0609,WA-0610,WA-0611,WA-0612,WA-0613,WA-0614,WA-0615,WA-0616,WA-0617,WA-0618,WA-0619,WA-0620,WA-0621,WA-0623,WA-0626,WA-0627,WA-0629,WA-0630,WA-0631,WA-0632,WA-0633,WA-0635,WA-0636,WA-0637,WA-0638,WA-0639,WA-0641,WA-0642,WA-0643,WA-0644,WA-0645,WA-0646,WA-0647,WA-0649,WA-0650,WA-0651,WA-0653,WA-0655,WA-0656,WA-0657,WA-0660,WA-0662,WA-0663,WA-0665,WA-0666,WA-0667,WA-0669,WA-0670,WA-0671,WA-0674,WA-0675,WA-0676,WA-0677,WA-0678,WA-0679,WA-0680,WA-0682,WA-0685,WA-0686,WA-0687,WA-0688,WA-0689,WA-0690,WA-0691,WA-0692,WA-0693,WA-0694,WA-0695,WA-0699,WA-0701,WA-0702,WA-0703,WA-0704,WA-0705,WA-0706,WA-0707,WA-0709,WA-0710,WA-0711,WA-0712,WA-0713,WA-0714,WA-0715,WA-0716,WA-0717,WA-0718,WA-0719,WA-0720,WA-0722,WA-0723,WA-0724,WA-0725

Running extract_zarr_region.py at 18:09 on 04/07/2022 using machine neptune


Script was run using the following arguments:

	zarr_folder = /home/elucas/scratch/VObs_GAARD
	study_id = 1244-VO-GH-YAWSON-VMF00051
	chrom = 3L
	region = 30587761-30617138
	output_fn = Obuasi_gambiae_PM/3L:30603305_allele_counts.csv
	sample_names = WA-0593,WA-0594,WA-0596,WA-0597,WA-0598,WA-0599,WA-0600,WA-0601,WA-0604,WA-0605,WA-0606,WA-0608,WA-0609,WA-0610,WA-0611,WA-0612,WA-0613,WA-0614,WA-0615,WA-0616,WA-0617,WA-0618,WA-0619,WA-0620,WA-0621,WA-0623,WA-0626,WA-0627,WA-0629,WA-0630,WA-0631,WA-0632,WA-0633,WA-0635,WA-0636,WA-0637,WA-0638,WA-0639,WA-0641,WA-0642,WA-0643,WA-0644,WA-0645,WA-0646,WA-0647,WA-0649,WA-0650,WA-0651,WA-0653,WA-0655,WA-0656,WA-0657,WA-0660,WA-0662,WA-0663,WA-0665,WA-0666,WA-0667,WA-0669,WA-0670,WA-0671,WA-0674,WA-0675,WA-0676,WA-0677,WA-0678,WA-0679,WA-0680,WA-0682,WA-0685,WA-0686,WA-0687,WA-0688,WA-0689,WA-0690,WA-0691,WA-0692,WA-0693,WA-0694,WA-0695,WA-0699,WA-0701,WA-0702,WA-0703,WA-0704,WA-0705,WA-0706,WA-0707,WA-0709,WA-0710,WA-0711,WA-0712,WA-0713,WA-0714,WA-0715,WA-0716,WA-0717,WA-0718,WA-0719,WA-0720,WA-0722,WA-0723,WA-0724,WA-0725

Running extract_zarr_region.py at 18:09 on 04/07/2022 using machine neptune


Script was run using the following arguments:

	zarr_folder = /home/elucas/scratch/VObs_GAARD
	study_id = 1244-VO-GH-YAWSON-VMF00051
	chrom = 3L
	region = 30597137-30627085
	output_fn = Obuasi_gambiae_PM/3L:30611538_allele_counts.csv
	sample_names = WA-0593,WA-0594,WA-0596,WA-0597,WA-0598,WA-0599,WA-0600,WA-0601,WA-0604,WA-0605,WA-0606,WA-0608,WA-0609,WA-0610,WA-0611,WA-0612,WA-0613,WA-0614,WA-0615,WA-0616,WA-0617,WA-0618,WA-0619,WA-0620,WA-0621,WA-0623,WA-0626,WA-0627,WA-0629,WA-0630,WA-0631,WA-0632,WA-0633,WA-0635,WA-0636,WA-0637,WA-0638,WA-0639,WA-0641,WA-0642,WA-0643,WA-0644,WA-0645,WA-0646,WA-0647,WA-0649,WA-0650,WA-0651,WA-0653,WA-0655,WA-0656,WA-0657,WA-0660,WA-0662,WA-0663,WA-0665,WA-0666,WA-0667,WA-0669,WA-0670,WA-0671,WA-0674,WA-0675,WA-0676,WA-0677,WA-0678,WA-0679,WA-0680,WA-0682,WA-0685,WA-0686,WA-0687,WA-0688,WA-0689,WA-0690,WA-0691,WA-0692,WA-0693,WA-0694,WA-0695,WA-0699,WA-0701,WA-0702,WA-0703,WA-0704,WA-0705,WA-0706,WA-0707,WA-0709,WA-0710,WA-0711,WA-0712,WA-0713,WA-0714,WA-0715,WA-0716,WA-0717,WA-0718,WA-0719,WA-0720,WA-0722,WA-0723,WA-0724,WA-0725

Running extract_zarr_region.py at 18:09 on 04/07/2022 using machine neptune


Script was run using the following arguments:

	zarr_folder = /home/elucas/scratch/VObs_GAARD
	study_id = 1244-VO-GH-YAWSON-VMF00051
	chrom = 3L
	region = 30607085-30634950
	output_fn = Obuasi_gambiae_PM/3L:30621123_allele_counts.csv
	sample_names = WA-0593,WA-0594,WA-0596,WA-0597,WA-0598,WA-0599,WA-0600,WA-0601,WA-0604,WA-0605,WA-0606,WA-0608,WA-0609,WA-0610,WA-0611,WA-0612,WA-0613,WA-0614,WA-0615,WA-0616,WA-0617,WA-0618,WA-0619,WA-0620,WA-0621,WA-0623,WA-0626,WA-0627,WA-0629,WA-0630,WA-0631,WA-0632,WA-0633,WA-0635,WA-0636,WA-0637,WA-0638,WA-0639,WA-0641,WA-0642,WA-0643,WA-0644,WA-0645,WA-0646,WA-0647,WA-0649,WA-0650,WA-0651,WA-0653,WA-0655,WA-0656,WA-0657,WA-0660,WA-0662,WA-0663,WA-0665,WA-0666,WA-0667,WA-0669,WA-0670,WA-0671,WA-0674,WA-0675,WA-0676,WA-0677,WA-0678,WA-0679,WA-0680,WA-0682,WA-0685,WA-0686,WA-0687,WA-0688,WA-0689,WA-0690,WA-0691,WA-0692,WA-0693,WA-0694,WA-0695,WA-0699,WA-0701,WA-0702,WA-0703,WA-0704,WA-0705,WA-0706,WA-0707,WA-0709,WA-0710,WA-0711,WA-0712,WA-0713,WA-0714,WA-0715,WA-0716,WA-0717,WA-0718,WA-0719,WA-0720,WA-0722,WA-0723,WA-0724,WA-0725

Running extract_zarr_region.py at 18:09 on 04/07/2022 using machine neptune


Script was run using the following arguments:

	zarr_folder = /home/elucas/scratch/VObs_GAARD
	study_id = 1244-VO-GH-YAWSON-VMF00051
	chrom = 3L
	region = 30614949-30645698
	output_fn = Obuasi_gambiae_PM/3L:30631421_allele_counts.csv
	sample_names = WA-0593,WA-0594,WA-0596,WA-0597,WA-0598,WA-0599,WA-0600,WA-0601,WA-0604,WA-0605,WA-0606,WA-0608,WA-0609,WA-0610,WA-0611,WA-0612,WA-0613,WA-0614,WA-0615,WA-0616,WA-0617,WA-0618,WA-0619,WA-0620,WA-0621,WA-0623,WA-0626,WA-0627,WA-0629,WA-0630,WA-0631,WA-0632,WA-0633,WA-0635,WA-0636,WA-0637,WA-0638,WA-0639,WA-0641,WA-0642,WA-0643,WA-0644,WA-0645,WA-0646,WA-0647,WA-0649,WA-0650,WA-0651,WA-0653,WA-0655,WA-0656,WA-0657,WA-0660,WA-0662,WA-0663,WA-0665,WA-0666,WA-0667,WA-0669,WA-0670,WA-0671,WA-0674,WA-0675,WA-0676,WA-0677,WA-0678,WA-0679,WA-0680,WA-0682,WA-0685,WA-0686,WA-0687,WA-0688,WA-0689,WA-0690,WA-0691,WA-0692,WA-0693,WA-0694,WA-0695,WA-0699,WA-0701,WA-0702,WA-0703,WA-0704,WA-0705,WA-0706,WA-0707,WA-0709,WA-0710,WA-0711,WA-0712,WA-0713,WA-0714,WA-0715,WA-0716,WA-0717,WA-0718,WA-0719,WA-0720,WA-0722,WA-0723,WA-0724,WA-0725

Running extract_zarr_region.py at 18:09 on 04/07/2022 using machine neptune


Script was run using the following arguments:

	zarr_folder = /home/elucas/scratch/VObs_GAARD
	study_id = 1244-VO-GH-YAWSON-VMF00051
	chrom = 3L
	region = 30625698-30656602
	output_fn = Obuasi_gambiae_PM/3L:30641999_allele_counts.csv
	sample_names = WA-0593,WA-0594,WA-0596,WA-0597,WA-0598,WA-0599,WA-0600,WA-0601,WA-0604,WA-0605,WA-0606,WA-0608,WA-0609,WA-0610,WA-0611,WA-0612,WA-0613,WA-0614,WA-0615,WA-0616,WA-0617,WA-0618,WA-0619,WA-0620,WA-0621,WA-0623,WA-0626,WA-0627,WA-0629,WA-0630,WA-0631,WA-0632,WA-0633,WA-0635,WA-0636,WA-0637,WA-0638,WA-0639,WA-0641,WA-0642,WA-0643,WA-0644,WA-0645,WA-0646,WA-0647,WA-0649,WA-0650,WA-0651,WA-0653,WA-0655,WA-0656,WA-0657,WA-0660,WA-0662,WA-0663,WA-0665,WA-0666,WA-0667,WA-0669,WA-0670,WA-0671,WA-0674,WA-0675,WA-0676,WA-0677,WA-0678,WA-0679,WA-0680,WA-0682,WA-0685,WA-0686,WA-0687,WA-0688,WA-0689,WA-0690,WA-0691,WA-0692,WA-0693,WA-0694,WA-0695,WA-0699,WA-0701,WA-0702,WA-0703,WA-0704,WA-0705,WA-0706,WA-0707,WA-0709,WA-0710,WA-0711,WA-0712,WA-0713,WA-0714,WA-0715,WA-0716,WA-0717,WA-0718,WA-0719,WA-0720,WA-0722,WA-0723,WA-0724,WA-0725

Running extract_zarr_region.py at 18:09 on 04/07/2022 using machine neptune


Script was run using the following arguments:

	zarr_folder = /home/elucas/scratch/VObs_GAARD
	study_id = 1244-VO-GH-YAWSON-VMF00051
	chrom = 3L
	region = 30636601-30667763
	output_fn = Obuasi_gambiae_PM/3L:30652383_allele_counts.csv
	sample_names = WA-0593,WA-0594,WA-0596,WA-0597,WA-0598,WA-0599,WA-0600,WA-0601,WA-0604,WA-0605,WA-0606,WA-0608,WA-0609,WA-0610,WA-0611,WA-0612,WA-0613,WA-0614,WA-0615,WA-0616,WA-0617,WA-0618,WA-0619,WA-0620,WA-0621,WA-0623,WA-0626,WA-0627,WA-0629,WA-0630,WA-0631,WA-0632,WA-0633,WA-0635,WA-0636,WA-0637,WA-0638,WA-0639,WA-0641,WA-0642,WA-0643,WA-0644,WA-0645,WA-0646,WA-0647,WA-0649,WA-0650,WA-0651,WA-0653,WA-0655,WA-0656,WA-0657,WA-0660,WA-0662,WA-0663,WA-0665,WA-0666,WA-0667,WA-0669,WA-0670,WA-0671,WA-0674,WA-0675,WA-0676,WA-0677,WA-0678,WA-0679,WA-0680,WA-0682,WA-0685,WA-0686,WA-0687,WA-0688,WA-0689,WA-0690,WA-0691,WA-0692,WA-0693,WA-0694,WA-0695,WA-0699,WA-0701,WA-0702,WA-0703,WA-0704,WA-0705,WA-0706,WA-0707,WA-0709,WA-0710,WA-0711,WA-0712,WA-0713,WA-0714,WA-0715,WA-0716,WA-0717,WA-0718,WA-0719,WA-0720,WA-0722,WA-0723,WA-0724,WA-0725

Running extract_zarr_region.py at 18:09 on 04/07/2022 using machine neptune


Script was run using the following arguments:

	zarr_folder = /home/elucas/scratch/VObs_GAARD
	study_id = 1244-VO-GH-YAWSON-VMF00051
	chrom = 3L
	region = 30647762-30677355
	output_fn = Obuasi_gambiae_PM/3L:30662542_allele_counts.csv
	sample_names = WA-0593,WA-0594,WA-0596,WA-0597,WA-0598,WA-0599,WA-0600,WA-0601,WA-0604,WA-0605,WA-0606,WA-0608,WA-0609,WA-0610,WA-0611,WA-0612,WA-0613,WA-0614,WA-0615,WA-0616,WA-0617,WA-0618,WA-0619,WA-0620,WA-0621,WA-0623,WA-0626,WA-0627,WA-0629,WA-0630,WA-0631,WA-0632,WA-0633,WA-0635,WA-0636,WA-0637,WA-0638,WA-0639,WA-0641,WA-0642,WA-0643,WA-0644,WA-0645,WA-0646,WA-0647,WA-0649,WA-0650,WA-0651,WA-0653,WA-0655,WA-0656,WA-0657,WA-0660,WA-0662,WA-0663,WA-0665,WA-0666,WA-0667,WA-0669,WA-0670,WA-0671,WA-0674,WA-0675,WA-0676,WA-0677,WA-0678,WA-0679,WA-0680,WA-0682,WA-0685,WA-0686,WA-0687,WA-0688,WA-0689,WA-0690,WA-0691,WA-0692,WA-0693,WA-0694,WA-0695,WA-0699,WA-0701,WA-0702,WA-0703,WA-0704,WA-0705,WA-0706,WA-0707,WA-0709,WA-0710,WA-0711,WA-0712,WA-0713,WA-0714,WA-0715,WA-0716,WA-0717,WA-0718,WA-0719,WA-0720,WA-0722,WA-0723,WA-0724,WA-0725

Running extract_zarr_region.py at 18:09 on 04/07/2022 using machine neptune


Script was run using the following arguments:

	zarr_folder = /home/elucas/scratch/VObs_GAARD
	study_id = 1244-VO-GH-YAWSON-VMF00051
	chrom = 3L
	region = 30657355-30688119
	output_fn = Obuasi_gambiae_PM/3L:30671665_allele_counts.csv
	sample_names = WA-0593,WA-0594,WA-0596,WA-0597,WA-0598,WA-0599,WA-0600,WA-0601,WA-0604,WA-0605,WA-0606,WA-0608,WA-0609,WA-0610,WA-0611,WA-0612,WA-0613,WA-0614,WA-0615,WA-0616,WA-0617,WA-0618,WA-0619,WA-0620,WA-0621,WA-0623,WA-0626,WA-0627,WA-0629,WA-0630,WA-0631,WA-0632,WA-0633,WA-0635,WA-0636,WA-0637,WA-0638,WA-0639,WA-0641,WA-0642,WA-0643,WA-0644,WA-0645,WA-0646,WA-0647,WA-0649,WA-0650,WA-0651,WA-0653,WA-0655,WA-0656,WA-0657,WA-0660,WA-0662,WA-0663,WA-0665,WA-0666,WA-0667,WA-0669,WA-0670,WA-0671,WA-0674,WA-0675,WA-0676,WA-0677,WA-0678,WA-0679,WA-0680,WA-0682,WA-0685,WA-0686,WA-0687,WA-0688,WA-0689,WA-0690,WA-0691,WA-0692,WA-0693,WA-0694,WA-0695,WA-0699,WA-0701,WA-0702,WA-0703,WA-0704,WA-0705,WA-0706,WA-0707,WA-0709,WA-0710,WA-0711,WA-0712,WA-0713,WA-0714,WA-0715,WA-0716,WA-0717,WA-0718,WA-0719,WA-0720,WA-0722,WA-0723,WA-0724,WA-0725

Running extract_zarr_region.py at 18:09 on 04/07/2022 using machine neptune


Script was run using the following arguments:

	zarr_folder = /home/elucas/scratch/VObs_GAARD
	study_id = 1244-VO-GH-YAWSON-VMF00051
	chrom = 3L
	region = 30668119-30697769
	output_fn = Obuasi_gambiae_PM/3L:30683494_allele_counts.csv
	sample_names = WA-0593,WA-0594,WA-0596,WA-0597,WA-0598,WA-0599,WA-0600,WA-0601,WA-0604,WA-0605,WA-0606,WA-0608,WA-0609,WA-0610,WA-0611,WA-0612,WA-0613,WA-0614,WA-0615,WA-0616,WA-0617,WA-0618,WA-0619,WA-0620,WA-0621,WA-0623,WA-0626,WA-0627,WA-0629,WA-0630,WA-0631,WA-0632,WA-0633,WA-0635,WA-0636,WA-0637,WA-0638,WA-0639,WA-0641,WA-0642,WA-0643,WA-0644,WA-0645,WA-0646,WA-0647,WA-0649,WA-0650,WA-0651,WA-0653,WA-0655,WA-0656,WA-0657,WA-0660,WA-0662,WA-0663,WA-0665,WA-0666,WA-0667,WA-0669,WA-0670,WA-0671,WA-0674,WA-0675,WA-0676,WA-0677,WA-0678,WA-0679,WA-0680,WA-0682,WA-0685,WA-0686,WA-0687,WA-0688,WA-0689,WA-0690,WA-0691,WA-0692,WA-0693,WA-0694,WA-0695,WA-0699,WA-0701,WA-0702,WA-0703,WA-0704,WA-0705,WA-0706,WA-0707,WA-0709,WA-0710,WA-0711,WA-0712,WA-0713,WA-0714,WA-0715,WA-0716,WA-0717,WA-0718,WA-0719,WA-0720,WA-0722,WA-0723,WA-0724,WA-0725

Running extract_zarr_region.py at 18:10 on 04/07/2022 using machine neptune


Script was run using the following arguments:

	zarr_folder = /home/elucas/scratch/VObs_GAARD
	study_id = 1244-VO-GH-YAWSON-VMF00051
	chrom = 3L
	region = 30677769-30707180
	output_fn = Obuasi_gambiae_PM/3L:30692063_allele_counts.csv
	sample_names = WA-0593,WA-0594,WA-0596,WA-0597,WA-0598,WA-0599,WA-0600,WA-0601,WA-0604,WA-0605,WA-0606,WA-0608,WA-0609,WA-0610,WA-0611,WA-0612,WA-0613,WA-0614,WA-0615,WA-0616,WA-0617,WA-0618,WA-0619,WA-0620,WA-0621,WA-0623,WA-0626,WA-0627,WA-0629,WA-0630,WA-0631,WA-0632,WA-0633,WA-0635,WA-0636,WA-0637,WA-0638,WA-0639,WA-0641,WA-0642,WA-0643,WA-0644,WA-0645,WA-0646,WA-0647,WA-0649,WA-0650,WA-0651,WA-0653,WA-0655,WA-0656,WA-0657,WA-0660,WA-0662,WA-0663,WA-0665,WA-0666,WA-0667,WA-0669,WA-0670,WA-0671,WA-0674,WA-0675,WA-0676,WA-0677,WA-0678,WA-0679,WA-0680,WA-0682,WA-0685,WA-0686,WA-0687,WA-0688,WA-0689,WA-0690,WA-0691,WA-0692,WA-0693,WA-0694,WA-0695,WA-0699,WA-0701,WA-0702,WA-0703,WA-0704,WA-0705,WA-0706,WA-0707,WA-0709,WA-0710,WA-0711,WA-0712,WA-0713,WA-0714,WA-0715,WA-0716,WA-0717,WA-0718,WA-0719,WA-0720,WA-0722,WA-0723,WA-0724,WA-0725

Running extract_zarr_region.py at 18:10 on 04/07/2022 using machine neptune


Script was run using the following arguments:

	zarr_folder = /home/elucas/scratch/VObs_GAARD
	study_id = 1244-VO-GH-YAWSON-VMF00051
	chrom = 3R
	region = 48444456-48504640
	output_fn = Obuasi_gambiae_PM/3R:48484269_allele_counts.csv
	sample_names = WA-0593,WA-0594,WA-0596,WA-0597,WA-0598,WA-0599,WA-0600,WA-0601,WA-0604,WA-0605,WA-0606,WA-0608,WA-0609,WA-0610,WA-0611,WA-0612,WA-0613,WA-0614,WA-0615,WA-0616,WA-0617,WA-0618,WA-0619,WA-0620,WA-0621,WA-0623,WA-0626,WA-0627,WA-0629,WA-0630,WA-0631,WA-0632,WA-0633,WA-0635,WA-0636,WA-0637,WA-0638,WA-0639,WA-0641,WA-0642,WA-0643,WA-0644,WA-0645,WA-0646,WA-0647,WA-0649,WA-0650,WA-0651,WA-0653,WA-0655,WA-0656,WA-0657,WA-0660,WA-0662,WA-0663,WA-0665,WA-0666,WA-0667,WA-0669,WA-0670,WA-0671,WA-0674,WA-0675,WA-0676,WA-0677,WA-0678,WA-0679,WA-0680,WA-0682,WA-0685,WA-0686,WA-0687,WA-0688,WA-0689,WA-0690,WA-0691,WA-0692,WA-0693,WA-0694,WA-0695,WA-0699,WA-0701,WA-0702,WA-0703,WA-0704,WA-0705,WA-0706,WA-0707,WA-0709,WA-0710,WA-0711,WA-0712,WA-0713,WA-0714,WA-0715,WA-0716,WA-0717,WA-0718,WA-0719,WA-0720,WA-0722,WA-0723,WA-0724,WA-0725

Running snpEff on significant SNPs, using command java -jar ~/software/snpEff/snpEff.jar eff Anopheles_gambiae -noStats Obuasi_gambiae_PM/temp.vcf > Obuasi_gambiae_PM/focal_windows.vcf .
 2R:3488994.null device 3L:30482533.null device 3L:30491765.null device 
                      1                       1                       1 
3L:30502058.null device 3L:30511765.null device 3L:30540639.null device 
                      1                       1                       1 
3L:30558236.null device 3L:30568108.null device 3L:30583473.null device 
                      1                       1                       1 
3L:30592869.null device 3L:30603305.null device 3L:30611538.null device 
                      1                       1                       1 
3L:30621123.null device 3L:30631421.null device 3L:30641999.null device 
                      1                       1                       1 
3L:30652383.null device 3L:30662542.null device 3L:30671665.null device 
                      1                       1                       1 
3L:30683494.null device 3L:30692063.null device 3R:48484269.null device 
                      1                       1                       1 
