Loading required package: Matrix
Loading required package: BiocGenerics

Attaching package: ‘BiocGenerics’

The following objects are masked from ‘package:stats’:

    IQR, mad, sd, var, xtabs

The following objects are masked from ‘package:base’:

    anyDuplicated, append, as.data.frame, basename, cbind, colnames,
    dirname, do.call, duplicated, eval, evalq, Filter, Find, get, grep,
    grepl, intersect, is.unsorted, lapply, Map, mapply, match, mget,
    order, paste, pmax, pmax.int, pmin, pmin.int, Position, rank,
    rbind, Reduce, rownames, sapply, setdiff, sort, table, tapply,
    union, unique, unsplit, which.max, which.min

Loading required package: S4Vectors
Loading required package: stats4

Attaching package: ‘S4Vectors’

The following objects are masked from ‘package:Matrix’:

    expand, unname

The following objects are masked from ‘package:data.table’:

    first, second

The following objects are masked from ‘package:base’:

    expand.grid, I, unname

Loading required package: IRanges

Attaching package: ‘IRanges’

The following object is masked from ‘package:data.table’:

    shift

Loading required package: XVector
Loading required package: GenomeInfoDb

Attaching package: ‘Biostrings’

The following object is masked from ‘package:base’:

    strsplit


Attaching package: ‘ape’

The following object is masked from ‘package:Biostrings’:

    complement

Arguments:
Obuasi_gambiae_Delta


Loading SNP data from ~/data/ML/GAARD_SNP/Obuasi_gambiae_Delta/csvs/filtered_SNPs.csv.
            used   (Mb) gc trigger    (Mb)   max used    (Mb)
Ncells   3860908  206.2   34643690  1850.2   38357088  2048.5
Vcells 275733012 2103.7 4560759526 34795.9 7126184357 54368.5
Loading phenotype data from ../data/combined/sample_phenotypes.csv.
There were 50 or more warnings (use warnings() to see the first 50)
Running extract_zarr_region.py at 18:06 on 04/07/2022 using machine neptune


Script was run using the following arguments:

	zarr_folder = /home/elucas/scratch/VObs_GAARD
	study_id = 1244-VO-GH-YAWSON-VMF00051
	chrom = 2R
	region = 28240033-28272588
	output_fn = Obuasi_gambiae_Delta/2R:28255780_allele_counts.csv
	sample_names = WA-0168,WA-0169,WA-0171,WA-0174,WA-0175,WA-0176,WA-0179,WA-0186,WA-0187,WA-0195,WA-0196,WA-0199,WA-0200,WA-0203,WA-0204,WA-0207,WA-0211,WA-0212,WA-0215,WA-0218,WA-0219,WA-0220,WA-0221,WA-0222,WA-0223,WA-0227,WA-0228,WA-0229,WA-0234,WA-0235,WA-0236,WA-0237,WA-0239,WA-0242,WA-0243,WA-0244,WA-0245,WA-0246,WA-0247,WA-0249,WA-0251,WA-0252,WA-0253,WA-0255,WA-0256,WA-0257,WA-0258,WA-0259,WA-0260,WA-0261,WA-0262,WA-0269,WA-0270,WA-0274,WA-0282,WA-0287,WA-0288,WA-0289,WA-0290,WA-0291,WA-0292,WA-0294,WA-0295,WA-0296,WA-0297,WA-0298,WA-0299,WA-0306,WA-0309,WA-0310,WA-0313,WA-0314,WA-0317,WA-0318,WA-0319,WA-0320,WA-0321,WA-0322

Running extract_zarr_region.py at 18:06 on 04/07/2022 using machine neptune


Script was run using the following arguments:

	zarr_folder = /home/elucas/scratch/VObs_GAARD
	study_id = 1244-VO-GH-YAWSON-VMF00051
	chrom = 2R
	region = 28252588-28284893
	output_fn = Obuasi_gambiae_Delta/2R:28269041_allele_counts.csv
	sample_names = WA-0168,WA-0169,WA-0171,WA-0174,WA-0175,WA-0176,WA-0179,WA-0186,WA-0187,WA-0195,WA-0196,WA-0199,WA-0200,WA-0203,WA-0204,WA-0207,WA-0211,WA-0212,WA-0215,WA-0218,WA-0219,WA-0220,WA-0221,WA-0222,WA-0223,WA-0227,WA-0228,WA-0229,WA-0234,WA-0235,WA-0236,WA-0237,WA-0239,WA-0242,WA-0243,WA-0244,WA-0245,WA-0246,WA-0247,WA-0249,WA-0251,WA-0252,WA-0253,WA-0255,WA-0256,WA-0257,WA-0258,WA-0259,WA-0260,WA-0261,WA-0262,WA-0269,WA-0270,WA-0274,WA-0282,WA-0287,WA-0288,WA-0289,WA-0290,WA-0291,WA-0292,WA-0294,WA-0295,WA-0296,WA-0297,WA-0298,WA-0299,WA-0306,WA-0309,WA-0310,WA-0313,WA-0314,WA-0317,WA-0318,WA-0319,WA-0320,WA-0321,WA-0322

Running extract_zarr_region.py at 18:07 on 04/07/2022 using machine neptune


Script was run using the following arguments:

	zarr_folder = /home/elucas/scratch/VObs_GAARD
	study_id = 1244-VO-GH-YAWSON-VMF00051
	chrom = 2R
	region = 28264893-28299873
	output_fn = Obuasi_gambiae_Delta/2R:28282250_allele_counts.csv
	sample_names = WA-0168,WA-0169,WA-0171,WA-0174,WA-0175,WA-0176,WA-0179,WA-0186,WA-0187,WA-0195,WA-0196,WA-0199,WA-0200,WA-0203,WA-0204,WA-0207,WA-0211,WA-0212,WA-0215,WA-0218,WA-0219,WA-0220,WA-0221,WA-0222,WA-0223,WA-0227,WA-0228,WA-0229,WA-0234,WA-0235,WA-0236,WA-0237,WA-0239,WA-0242,WA-0243,WA-0244,WA-0245,WA-0246,WA-0247,WA-0249,WA-0251,WA-0252,WA-0253,WA-0255,WA-0256,WA-0257,WA-0258,WA-0259,WA-0260,WA-0261,WA-0262,WA-0269,WA-0270,WA-0274,WA-0282,WA-0287,WA-0288,WA-0289,WA-0290,WA-0291,WA-0292,WA-0294,WA-0295,WA-0296,WA-0297,WA-0298,WA-0299,WA-0306,WA-0309,WA-0310,WA-0313,WA-0314,WA-0317,WA-0318,WA-0319,WA-0320,WA-0321,WA-0322

Running extract_zarr_region.py at 18:07 on 04/07/2022 using machine neptune


Script was run using the following arguments:

	zarr_folder = /home/elucas/scratch/VObs_GAARD
	study_id = 1244-VO-GH-YAWSON-VMF00051
	chrom = 2R
	region = 28279873-28316606
	output_fn = Obuasi_gambiae_Delta/2R:28297547_allele_counts.csv
	sample_names = WA-0168,WA-0169,WA-0171,WA-0174,WA-0175,WA-0176,WA-0179,WA-0186,WA-0187,WA-0195,WA-0196,WA-0199,WA-0200,WA-0203,WA-0204,WA-0207,WA-0211,WA-0212,WA-0215,WA-0218,WA-0219,WA-0220,WA-0221,WA-0222,WA-0223,WA-0227,WA-0228,WA-0229,WA-0234,WA-0235,WA-0236,WA-0237,WA-0239,WA-0242,WA-0243,WA-0244,WA-0245,WA-0246,WA-0247,WA-0249,WA-0251,WA-0252,WA-0253,WA-0255,WA-0256,WA-0257,WA-0258,WA-0259,WA-0260,WA-0261,WA-0262,WA-0269,WA-0270,WA-0274,WA-0282,WA-0287,WA-0288,WA-0289,WA-0290,WA-0291,WA-0292,WA-0294,WA-0295,WA-0296,WA-0297,WA-0298,WA-0299,WA-0306,WA-0309,WA-0310,WA-0313,WA-0314,WA-0317,WA-0318,WA-0319,WA-0320,WA-0321,WA-0322

Running extract_zarr_region.py at 18:07 on 04/07/2022 using machine neptune


Script was run using the following arguments:

	zarr_folder = /home/elucas/scratch/VObs_GAARD
	study_id = 1244-VO-GH-YAWSON-VMF00051
	chrom = 2R
	region = 28296605-28332681
	output_fn = Obuasi_gambiae_Delta/2R:28316079_allele_counts.csv
	sample_names = WA-0168,WA-0169,WA-0171,WA-0174,WA-0175,WA-0176,WA-0179,WA-0186,WA-0187,WA-0195,WA-0196,WA-0199,WA-0200,WA-0203,WA-0204,WA-0207,WA-0211,WA-0212,WA-0215,WA-0218,WA-0219,WA-0220,WA-0221,WA-0222,WA-0223,WA-0227,WA-0228,WA-0229,WA-0234,WA-0235,WA-0236,WA-0237,WA-0239,WA-0242,WA-0243,WA-0244,WA-0245,WA-0246,WA-0247,WA-0249,WA-0251,WA-0252,WA-0253,WA-0255,WA-0256,WA-0257,WA-0258,WA-0259,WA-0260,WA-0261,WA-0262,WA-0269,WA-0270,WA-0274,WA-0282,WA-0287,WA-0288,WA-0289,WA-0290,WA-0291,WA-0292,WA-0294,WA-0295,WA-0296,WA-0297,WA-0298,WA-0299,WA-0306,WA-0309,WA-0310,WA-0313,WA-0314,WA-0317,WA-0318,WA-0319,WA-0320,WA-0321,WA-0322

Running extract_zarr_region.py at 18:07 on 04/07/2022 using machine neptune


Script was run using the following arguments:

	zarr_folder = /home/elucas/scratch/VObs_GAARD
	study_id = 1244-VO-GH-YAWSON-VMF00051
	chrom = 2R
	region = 28312681-28347951
	output_fn = Obuasi_gambiae_Delta/2R:28330119_allele_counts.csv
	sample_names = WA-0168,WA-0169,WA-0171,WA-0174,WA-0175,WA-0176,WA-0179,WA-0186,WA-0187,WA-0195,WA-0196,WA-0199,WA-0200,WA-0203,WA-0204,WA-0207,WA-0211,WA-0212,WA-0215,WA-0218,WA-0219,WA-0220,WA-0221,WA-0222,WA-0223,WA-0227,WA-0228,WA-0229,WA-0234,WA-0235,WA-0236,WA-0237,WA-0239,WA-0242,WA-0243,WA-0244,WA-0245,WA-0246,WA-0247,WA-0249,WA-0251,WA-0252,WA-0253,WA-0255,WA-0256,WA-0257,WA-0258,WA-0259,WA-0260,WA-0261,WA-0262,WA-0269,WA-0270,WA-0274,WA-0282,WA-0287,WA-0288,WA-0289,WA-0290,WA-0291,WA-0292,WA-0294,WA-0295,WA-0296,WA-0297,WA-0298,WA-0299,WA-0306,WA-0309,WA-0310,WA-0313,WA-0314,WA-0317,WA-0318,WA-0319,WA-0320,WA-0321,WA-0322

Running extract_zarr_region.py at 18:07 on 04/07/2022 using machine neptune


Script was run using the following arguments:

	zarr_folder = /home/elucas/scratch/VObs_GAARD
	study_id = 1244-VO-GH-YAWSON-VMF00051
	chrom = 2R
	region = 28327951-28364693
	output_fn = Obuasi_gambiae_Delta/2R:28346583_allele_counts.csv
	sample_names = WA-0168,WA-0169,WA-0171,WA-0174,WA-0175,WA-0176,WA-0179,WA-0186,WA-0187,WA-0195,WA-0196,WA-0199,WA-0200,WA-0203,WA-0204,WA-0207,WA-0211,WA-0212,WA-0215,WA-0218,WA-0219,WA-0220,WA-0221,WA-0222,WA-0223,WA-0227,WA-0228,WA-0229,WA-0234,WA-0235,WA-0236,WA-0237,WA-0239,WA-0242,WA-0243,WA-0244,WA-0245,WA-0246,WA-0247,WA-0249,WA-0251,WA-0252,WA-0253,WA-0255,WA-0256,WA-0257,WA-0258,WA-0259,WA-0260,WA-0261,WA-0262,WA-0269,WA-0270,WA-0274,WA-0282,WA-0287,WA-0288,WA-0289,WA-0290,WA-0291,WA-0292,WA-0294,WA-0295,WA-0296,WA-0297,WA-0298,WA-0299,WA-0306,WA-0309,WA-0310,WA-0313,WA-0314,WA-0317,WA-0318,WA-0319,WA-0320,WA-0321,WA-0322

Running extract_zarr_region.py at 18:07 on 04/07/2022 using machine neptune


Script was run using the following arguments:

	zarr_folder = /home/elucas/scratch/VObs_GAARD
	study_id = 1244-VO-GH-YAWSON-VMF00051
	chrom = 2R
	region = 28344692-28379784
	output_fn = Obuasi_gambiae_Delta/2R:28361892_allele_counts.csv
	sample_names = WA-0168,WA-0169,WA-0171,WA-0174,WA-0175,WA-0176,WA-0179,WA-0186,WA-0187,WA-0195,WA-0196,WA-0199,WA-0200,WA-0203,WA-0204,WA-0207,WA-0211,WA-0212,WA-0215,WA-0218,WA-0219,WA-0220,WA-0221,WA-0222,WA-0223,WA-0227,WA-0228,WA-0229,WA-0234,WA-0235,WA-0236,WA-0237,WA-0239,WA-0242,WA-0243,WA-0244,WA-0245,WA-0246,WA-0247,WA-0249,WA-0251,WA-0252,WA-0253,WA-0255,WA-0256,WA-0257,WA-0258,WA-0259,WA-0260,WA-0261,WA-0262,WA-0269,WA-0270,WA-0274,WA-0282,WA-0287,WA-0288,WA-0289,WA-0290,WA-0291,WA-0292,WA-0294,WA-0295,WA-0296,WA-0297,WA-0298,WA-0299,WA-0306,WA-0309,WA-0310,WA-0313,WA-0314,WA-0317,WA-0318,WA-0319,WA-0320,WA-0321,WA-0322

Running extract_zarr_region.py at 18:07 on 04/07/2022 using machine neptune


Script was run using the following arguments:

	zarr_folder = /home/elucas/scratch/VObs_GAARD
	study_id = 1244-VO-GH-YAWSON-VMF00051
	chrom = 2R
	region = 28359784-28401434
	output_fn = Obuasi_gambiae_Delta/2R:28380959_allele_counts.csv
	sample_names = WA-0168,WA-0169,WA-0171,WA-0174,WA-0175,WA-0176,WA-0179,WA-0186,WA-0187,WA-0195,WA-0196,WA-0199,WA-0200,WA-0203,WA-0204,WA-0207,WA-0211,WA-0212,WA-0215,WA-0218,WA-0219,WA-0220,WA-0221,WA-0222,WA-0223,WA-0227,WA-0228,WA-0229,WA-0234,WA-0235,WA-0236,WA-0237,WA-0239,WA-0242,WA-0243,WA-0244,WA-0245,WA-0246,WA-0247,WA-0249,WA-0251,WA-0252,WA-0253,WA-0255,WA-0256,WA-0257,WA-0258,WA-0259,WA-0260,WA-0261,WA-0262,WA-0269,WA-0270,WA-0274,WA-0282,WA-0287,WA-0288,WA-0289,WA-0290,WA-0291,WA-0292,WA-0294,WA-0295,WA-0296,WA-0297,WA-0298,WA-0299,WA-0306,WA-0309,WA-0310,WA-0313,WA-0314,WA-0317,WA-0318,WA-0319,WA-0320,WA-0321,WA-0322

Running extract_zarr_region.py at 18:07 on 04/07/2022 using machine neptune


Script was run using the following arguments:

	zarr_folder = /home/elucas/scratch/VObs_GAARD
	study_id = 1244-VO-GH-YAWSON-VMF00051
	chrom = 2R
	region = 28381433-28415240
	output_fn = Obuasi_gambiae_Delta/2R:28398912_allele_counts.csv
	sample_names = WA-0168,WA-0169,WA-0171,WA-0174,WA-0175,WA-0176,WA-0179,WA-0186,WA-0187,WA-0195,WA-0196,WA-0199,WA-0200,WA-0203,WA-0204,WA-0207,WA-0211,WA-0212,WA-0215,WA-0218,WA-0219,WA-0220,WA-0221,WA-0222,WA-0223,WA-0227,WA-0228,WA-0229,WA-0234,WA-0235,WA-0236,WA-0237,WA-0239,WA-0242,WA-0243,WA-0244,WA-0245,WA-0246,WA-0247,WA-0249,WA-0251,WA-0252,WA-0253,WA-0255,WA-0256,WA-0257,WA-0258,WA-0259,WA-0260,WA-0261,WA-0262,WA-0269,WA-0270,WA-0274,WA-0282,WA-0287,WA-0288,WA-0289,WA-0290,WA-0291,WA-0292,WA-0294,WA-0295,WA-0296,WA-0297,WA-0298,WA-0299,WA-0306,WA-0309,WA-0310,WA-0313,WA-0314,WA-0317,WA-0318,WA-0319,WA-0320,WA-0321,WA-0322

Running extract_zarr_region.py at 18:07 on 04/07/2022 using machine neptune


Script was run using the following arguments:

	zarr_folder = /home/elucas/scratch/VObs_GAARD
	study_id = 1244-VO-GH-YAWSON-VMF00051
	chrom = 2R
	region = 28395239-28431116
	output_fn = Obuasi_gambiae_Delta/2R:28412096_allele_counts.csv
	sample_names = WA-0168,WA-0169,WA-0171,WA-0174,WA-0175,WA-0176,WA-0179,WA-0186,WA-0187,WA-0195,WA-0196,WA-0199,WA-0200,WA-0203,WA-0204,WA-0207,WA-0211,WA-0212,WA-0215,WA-0218,WA-0219,WA-0220,WA-0221,WA-0222,WA-0223,WA-0227,WA-0228,WA-0229,WA-0234,WA-0235,WA-0236,WA-0237,WA-0239,WA-0242,WA-0243,WA-0244,WA-0245,WA-0246,WA-0247,WA-0249,WA-0251,WA-0252,WA-0253,WA-0255,WA-0256,WA-0257,WA-0258,WA-0259,WA-0260,WA-0261,WA-0262,WA-0269,WA-0270,WA-0274,WA-0282,WA-0287,WA-0288,WA-0289,WA-0290,WA-0291,WA-0292,WA-0294,WA-0295,WA-0296,WA-0297,WA-0298,WA-0299,WA-0306,WA-0309,WA-0310,WA-0313,WA-0314,WA-0317,WA-0318,WA-0319,WA-0320,WA-0321,WA-0322

Running extract_zarr_region.py at 18:07 on 04/07/2022 using machine neptune


Script was run using the following arguments:

	zarr_folder = /home/elucas/scratch/VObs_GAARD
	study_id = 1244-VO-GH-YAWSON-VMF00051
	chrom = 2R
	region = 28411116-28449220
	output_fn = Obuasi_gambiae_Delta/2R:28429901_allele_counts.csv
	sample_names = WA-0168,WA-0169,WA-0171,WA-0174,WA-0175,WA-0176,WA-0179,WA-0186,WA-0187,WA-0195,WA-0196,WA-0199,WA-0200,WA-0203,WA-0204,WA-0207,WA-0211,WA-0212,WA-0215,WA-0218,WA-0219,WA-0220,WA-0221,WA-0222,WA-0223,WA-0227,WA-0228,WA-0229,WA-0234,WA-0235,WA-0236,WA-0237,WA-0239,WA-0242,WA-0243,WA-0244,WA-0245,WA-0246,WA-0247,WA-0249,WA-0251,WA-0252,WA-0253,WA-0255,WA-0256,WA-0257,WA-0258,WA-0259,WA-0260,WA-0261,WA-0262,WA-0269,WA-0270,WA-0274,WA-0282,WA-0287,WA-0288,WA-0289,WA-0290,WA-0291,WA-0292,WA-0294,WA-0295,WA-0296,WA-0297,WA-0298,WA-0299,WA-0306,WA-0309,WA-0310,WA-0313,WA-0314,WA-0317,WA-0318,WA-0319,WA-0320,WA-0321,WA-0322

Running extract_zarr_region.py at 18:07 on 04/07/2022 using machine neptune


Script was run using the following arguments:

	zarr_folder = /home/elucas/scratch/VObs_GAARD
	study_id = 1244-VO-GH-YAWSON-VMF00051
	chrom = 2R
	region = 28429219-28466407
	output_fn = Obuasi_gambiae_Delta/2R:28446753_allele_counts.csv
	sample_names = WA-0168,WA-0169,WA-0171,WA-0174,WA-0175,WA-0176,WA-0179,WA-0186,WA-0187,WA-0195,WA-0196,WA-0199,WA-0200,WA-0203,WA-0204,WA-0207,WA-0211,WA-0212,WA-0215,WA-0218,WA-0219,WA-0220,WA-0221,WA-0222,WA-0223,WA-0227,WA-0228,WA-0229,WA-0234,WA-0235,WA-0236,WA-0237,WA-0239,WA-0242,WA-0243,WA-0244,WA-0245,WA-0246,WA-0247,WA-0249,WA-0251,WA-0252,WA-0253,WA-0255,WA-0256,WA-0257,WA-0258,WA-0259,WA-0260,WA-0261,WA-0262,WA-0269,WA-0270,WA-0274,WA-0282,WA-0287,WA-0288,WA-0289,WA-0290,WA-0291,WA-0292,WA-0294,WA-0295,WA-0296,WA-0297,WA-0298,WA-0299,WA-0306,WA-0309,WA-0310,WA-0313,WA-0314,WA-0317,WA-0318,WA-0319,WA-0320,WA-0321,WA-0322

Running extract_zarr_region.py at 18:07 on 04/07/2022 using machine neptune


Script was run using the following arguments:

	zarr_folder = /home/elucas/scratch/VObs_GAARD
	study_id = 1244-VO-GH-YAWSON-VMF00051
	chrom = 2R
	region = 28446407-28485225
	output_fn = Obuasi_gambiae_Delta/2R:28464581_allele_counts.csv
	sample_names = WA-0168,WA-0169,WA-0171,WA-0174,WA-0175,WA-0176,WA-0179,WA-0186,WA-0187,WA-0195,WA-0196,WA-0199,WA-0200,WA-0203,WA-0204,WA-0207,WA-0211,WA-0212,WA-0215,WA-0218,WA-0219,WA-0220,WA-0221,WA-0222,WA-0223,WA-0227,WA-0228,WA-0229,WA-0234,WA-0235,WA-0236,WA-0237,WA-0239,WA-0242,WA-0243,WA-0244,WA-0245,WA-0246,WA-0247,WA-0249,WA-0251,WA-0252,WA-0253,WA-0255,WA-0256,WA-0257,WA-0258,WA-0259,WA-0260,WA-0261,WA-0262,WA-0269,WA-0270,WA-0274,WA-0282,WA-0287,WA-0288,WA-0289,WA-0290,WA-0291,WA-0292,WA-0294,WA-0295,WA-0296,WA-0297,WA-0298,WA-0299,WA-0306,WA-0309,WA-0310,WA-0313,WA-0314,WA-0317,WA-0318,WA-0319,WA-0320,WA-0321,WA-0322

Running extract_zarr_region.py at 18:08 on 04/07/2022 using machine neptune


Script was run using the following arguments:

	zarr_folder = /home/elucas/scratch/VObs_GAARD
	study_id = 1244-VO-GH-YAWSON-VMF00051
	chrom = 2R
	region = 28465225-28506115
	output_fn = Obuasi_gambiae_Delta/2R:28485258_allele_counts.csv
	sample_names = WA-0168,WA-0169,WA-0171,WA-0174,WA-0175,WA-0176,WA-0179,WA-0186,WA-0187,WA-0195,WA-0196,WA-0199,WA-0200,WA-0203,WA-0204,WA-0207,WA-0211,WA-0212,WA-0215,WA-0218,WA-0219,WA-0220,WA-0221,WA-0222,WA-0223,WA-0227,WA-0228,WA-0229,WA-0234,WA-0235,WA-0236,WA-0237,WA-0239,WA-0242,WA-0243,WA-0244,WA-0245,WA-0246,WA-0247,WA-0249,WA-0251,WA-0252,WA-0253,WA-0255,WA-0256,WA-0257,WA-0258,WA-0259,WA-0260,WA-0261,WA-0262,WA-0269,WA-0270,WA-0274,WA-0282,WA-0287,WA-0288,WA-0289,WA-0290,WA-0291,WA-0292,WA-0294,WA-0295,WA-0296,WA-0297,WA-0298,WA-0299,WA-0306,WA-0309,WA-0310,WA-0313,WA-0314,WA-0317,WA-0318,WA-0319,WA-0320,WA-0321,WA-0322

Running extract_zarr_region.py at 18:08 on 04/07/2022 using machine neptune


Script was run using the following arguments:

	zarr_folder = /home/elucas/scratch/VObs_GAARD
	study_id = 1244-VO-GH-YAWSON-VMF00051
	chrom = 2R
	region = 28486114-28525482
	output_fn = Obuasi_gambiae_Delta/2R:28506349_allele_counts.csv
	sample_names = WA-0168,WA-0169,WA-0171,WA-0174,WA-0175,WA-0176,WA-0179,WA-0186,WA-0187,WA-0195,WA-0196,WA-0199,WA-0200,WA-0203,WA-0204,WA-0207,WA-0211,WA-0212,WA-0215,WA-0218,WA-0219,WA-0220,WA-0221,WA-0222,WA-0223,WA-0227,WA-0228,WA-0229,WA-0234,WA-0235,WA-0236,WA-0237,WA-0239,WA-0242,WA-0243,WA-0244,WA-0245,WA-0246,WA-0247,WA-0249,WA-0251,WA-0252,WA-0253,WA-0255,WA-0256,WA-0257,WA-0258,WA-0259,WA-0260,WA-0261,WA-0262,WA-0269,WA-0270,WA-0274,WA-0282,WA-0287,WA-0288,WA-0289,WA-0290,WA-0291,WA-0292,WA-0294,WA-0295,WA-0296,WA-0297,WA-0298,WA-0299,WA-0306,WA-0309,WA-0310,WA-0313,WA-0314,WA-0317,WA-0318,WA-0319,WA-0320,WA-0321,WA-0322

Running extract_zarr_region.py at 18:08 on 04/07/2022 using machine neptune


Script was run using the following arguments:

	zarr_folder = /home/elucas/scratch/VObs_GAARD
	study_id = 1244-VO-GH-YAWSON-VMF00051
	chrom = 2R
	region = 28505481-28541112
	output_fn = Obuasi_gambiae_Delta/2R:28523201_allele_counts.csv
	sample_names = WA-0168,WA-0169,WA-0171,WA-0174,WA-0175,WA-0176,WA-0179,WA-0186,WA-0187,WA-0195,WA-0196,WA-0199,WA-0200,WA-0203,WA-0204,WA-0207,WA-0211,WA-0212,WA-0215,WA-0218,WA-0219,WA-0220,WA-0221,WA-0222,WA-0223,WA-0227,WA-0228,WA-0229,WA-0234,WA-0235,WA-0236,WA-0237,WA-0239,WA-0242,WA-0243,WA-0244,WA-0245,WA-0246,WA-0247,WA-0249,WA-0251,WA-0252,WA-0253,WA-0255,WA-0256,WA-0257,WA-0258,WA-0259,WA-0260,WA-0261,WA-0262,WA-0269,WA-0270,WA-0274,WA-0282,WA-0287,WA-0288,WA-0289,WA-0290,WA-0291,WA-0292,WA-0294,WA-0295,WA-0296,WA-0297,WA-0298,WA-0299,WA-0306,WA-0309,WA-0310,WA-0313,WA-0314,WA-0317,WA-0318,WA-0319,WA-0320,WA-0321,WA-0322

Running snpEff on significant SNPs, using command java -jar ~/software/snpEff/snpEff.jar eff Anopheles_gambiae -noStats Obuasi_gambiae_Delta/temp.vcf > Obuasi_gambiae_Delta/focal_windows.vcf .
2R:28255780.null device 2R:28269041.null device 2R:28282250.null device 
                      1                       1                       1 
2R:28297547.null device 2R:28316079.null device 2R:28330119.null device 
                      1                       1                       1 
2R:28346583.null device 2R:28361892.null device 2R:28380959.null device 
                      1                       1                       1 
2R:28398912.null device 2R:28412096.null device 2R:28429901.null device 
                      1                       1                       1 
2R:28446753.null device 2R:28464581.null device 2R:28485258.null device 
                      1                       1                       1 
2R:28506349.null device 2R:28523201.null device 
                      1                       1 
