null device 
          1 
null device 
          1 
null device 
          1 

Running find.sib.groups with a king threshold of 0.15 
72 sib groups were found.

Running find.sib.groups with a king threshold of 0.155 
72 sib groups were found.

Running find.sib.groups with a king threshold of 0.16 
70 sib groups were found.

Running find.sib.groups with a king threshold of 0.165 
70 sib groups were found.

Running find.sib.groups with a king threshold of 0.17 
70 sib groups were found.

Running find.sib.groups with a king threshold of 0.175 
66 sib groups were found.

Running find.sib.groups with a king threshold of 0.18 
67 sib groups were found.

Running find.sib.groups with a king threshold of 0.185 
66 sib groups were found.

Running find.sib.groups with a king threshold of 0.19 
64 sib groups were found.

Running find.sib.groups with a king threshold of 0.195 
64 sib groups were found.

Running find.sib.groups with a king threshold of 0.2 
63 sib groups were found.

Running find.sib.groups with a king threshold of 0.205 
62 sib groups were found.

Running find.sib.groups with a king threshold of 0.21 
61 sib groups were found.

Running find.sib.groups with a king threshold of 0.215 
59 sib groups were found.

Running find.sib.groups with a king threshold of 0.22 
58 sib groups were found.

Running find.sib.groups with a king threshold of 0.225 
56 sib groups were found.

Running find.sib.groups with a king threshold of 0.23 
56 sib groups were found.

Running find.sib.groups with a king threshold of 0.235 
56 sib groups were found.

Running find.sib.groups with a king threshold of 0.24 
56 sib groups were found.

Running find.sib.groups with a king threshold of 0.245 
55 sib groups were found.

Running find.sib.groups with a king threshold of 0.25 
55 sib groups were found.

Running find.sib.groups with a king threshold of 0.255 
53 sib groups were found.

Running find.sib.groups with a king threshold of 0.26 
51 sib groups were found.

Running find.sib.groups with a king threshold of 0.265 
49 sib groups were found.

Running find.sib.groups with a king threshold of 0.27 
46 sib groups were found.

Running find.sib.groups with a king threshold of 0.275 
46 sib groups were found.

Running find.sib.groups with a king threshold of 0.28 
44 sib groups were found.

Running find.sib.groups with a king threshold of 0.285 
43 sib groups were found.

Running find.sib.groups with a king threshold of 0.29 
43 sib groups were found.

Running find.sib.groups with a king threshold of 0.295 
43 sib groups were found.

Running find.sib.groups with a king threshold of 0.3 
43 sib groups were found.
 [1] 0.185 0.190 0.195 0.200 0.205 0.215 0.210 0.180 0.220 0.225 0.300 0.230
[13] 0.175 0.235 0.240 0.170 0.245 0.250 0.260 0.255 0.270 0.265 0.275 0.280
[25] 0.285 0.290 0.295 0.160 0.165 0.155 0.150

Running find.sib.groups with a king threshold of 0.15 
41 sib groups were found.

Running find.sib.groups with a king threshold of 0.155 
41 sib groups were found.

Running find.sib.groups with a king threshold of 0.16 
41 sib groups were found.

Running find.sib.groups with a king threshold of 0.165 
40 sib groups were found.

Running find.sib.groups with a king threshold of 0.17 
40 sib groups were found.

Running find.sib.groups with a king threshold of 0.175 
40 sib groups were found.

Running find.sib.groups with a king threshold of 0.18 
39 sib groups were found.

Running find.sib.groups with a king threshold of 0.185 
39 sib groups were found.

Running find.sib.groups with a king threshold of 0.19 
38 sib groups were found.

Running find.sib.groups with a king threshold of 0.195 
36 sib groups were found.

Running find.sib.groups with a king threshold of 0.2 
35 sib groups were found.

Running find.sib.groups with a king threshold of 0.205 
35 sib groups were found.

Running find.sib.groups with a king threshold of 0.21 
34 sib groups were found.

Running find.sib.groups with a king threshold of 0.215 
34 sib groups were found.

Running find.sib.groups with a king threshold of 0.22 
32 sib groups were found.

Running find.sib.groups with a king threshold of 0.225 
32 sib groups were found.

Running find.sib.groups with a king threshold of 0.23 
31 sib groups were found.

Running find.sib.groups with a king threshold of 0.235 
30 sib groups were found.

Running find.sib.groups with a king threshold of 0.24 
30 sib groups were found.

Running find.sib.groups with a king threshold of 0.245 
29 sib groups were found.

Running find.sib.groups with a king threshold of 0.25 
28 sib groups were found.

Running find.sib.groups with a king threshold of 0.255 
28 sib groups were found.

Running find.sib.groups with a king threshold of 0.26 
27 sib groups were found.

Running find.sib.groups with a king threshold of 0.265 
24 sib groups were found.

Running find.sib.groups with a king threshold of 0.27 
23 sib groups were found.

Running find.sib.groups with a king threshold of 0.275 
22 sib groups were found.

Running find.sib.groups with a king threshold of 0.28 
22 sib groups were found.

Running find.sib.groups with a king threshold of 0.285 
22 sib groups were found.

Running find.sib.groups with a king threshold of 0.29 
20 sib groups were found.

Running find.sib.groups with a king threshold of 0.295 
20 sib groups were found.

Running find.sib.groups with a king threshold of 0.3 
20 sib groups were found.
 [1] 0.195 0.175 0.180 0.185 0.190 0.200 0.205 0.150 0.155 0.210 0.225 0.230
[13] 0.260 0.235 0.160 0.215 0.165 0.170 0.220 0.265 0.270 0.245 0.250 0.255
[25] 0.275 0.280 0.285 0.240 0.290 0.295 0.300

Running find.sib.groups with a king threshold of 0.15 
113 sib groups were found.

Running find.sib.groups with a king threshold of 0.155 
113 sib groups were found.

Running find.sib.groups with a king threshold of 0.16 
111 sib groups were found.

Running find.sib.groups with a king threshold of 0.165 
110 sib groups were found.

Running find.sib.groups with a king threshold of 0.17 
110 sib groups were found.

Running find.sib.groups with a king threshold of 0.175 
106 sib groups were found.

Running find.sib.groups with a king threshold of 0.18 
106 sib groups were found.

Running find.sib.groups with a king threshold of 0.185 
105 sib groups were found.

Running find.sib.groups with a king threshold of 0.19 
102 sib groups were found.

Running find.sib.groups with a king threshold of 0.195 
100 sib groups were found.

Running find.sib.groups with a king threshold of 0.2 
98 sib groups were found.

Running find.sib.groups with a king threshold of 0.205 
97 sib groups were found.

Running find.sib.groups with a king threshold of 0.21 
95 sib groups were found.

Running find.sib.groups with a king threshold of 0.215 
93 sib groups were found.

Running find.sib.groups with a king threshold of 0.22 
90 sib groups were found.

Running find.sib.groups with a king threshold of 0.225 
88 sib groups were found.

Running find.sib.groups with a king threshold of 0.23 
87 sib groups were found.

Running find.sib.groups with a king threshold of 0.235 
86 sib groups were found.

Running find.sib.groups with a king threshold of 0.24 
86 sib groups were found.

Running find.sib.groups with a king threshold of 0.245 
84 sib groups were found.

Running find.sib.groups with a king threshold of 0.25 
83 sib groups were found.

Running find.sib.groups with a king threshold of 0.255 
81 sib groups were found.

Running find.sib.groups with a king threshold of 0.26 
78 sib groups were found.

Running find.sib.groups with a king threshold of 0.265 
73 sib groups were found.

Running find.sib.groups with a king threshold of 0.27 
69 sib groups were found.

Running find.sib.groups with a king threshold of 0.275 
68 sib groups were found.

Running find.sib.groups with a king threshold of 0.28 
66 sib groups were found.

Running find.sib.groups with a king threshold of 0.285 
65 sib groups were found.

Running find.sib.groups with a king threshold of 0.29 
63 sib groups were found.

Running find.sib.groups with a king threshold of 0.295 
63 sib groups were found.

Running find.sib.groups with a king threshold of 0.3 
63 sib groups were found.
 [1] 0.185 0.195 0.190 0.200 0.205 0.180 0.215 0.210 0.220 0.225 0.175 0.230
[13] 0.300 0.235 0.170 0.240 0.245 0.250 0.260 0.255 0.270 0.265 0.275 0.280
[25] 0.285 0.290 0.295 0.160 0.165 0.155 0.150
We choose a king threshold of 0.195 as the best threshold
.
The following samples from the sib.group.table were male:

	 WA-1059 

This sample had just one sib:
[1] "WA-1086"
Removing this sib group from the table.

We have removed 105 samples as sibs, broken down as follows:

, , insecticide = Delta

          phenotype
location   alive dead
  Aboisso      0    0
  Avrankou     3    6
  Baguida      7    9
  Korle-Bu     2    5
  Madina      15   11
  Obuasi       2    0

, , insecticide = PM

          phenotype
location   alive dead
  Aboisso      1    0
  Avrankou     0    0
  Baguida      7    3
  Korle-Bu     5    7
  Madina       2    6
  Obuasi       8    6

