null device 
          1 
null device 
          1 
null device 
          1 

Running find.sib.groups with a king threshold of 0.15 
73 sib groups were found.

Running find.sib.groups with a king threshold of 0.155 
73 sib groups were found.

Running find.sib.groups with a king threshold of 0.16 
71 sib groups were found.

Running find.sib.groups with a king threshold of 0.165 
70 sib groups were found.

Running find.sib.groups with a king threshold of 0.17 
70 sib groups were found.

Running find.sib.groups with a king threshold of 0.175 
67 sib groups were found.

Running find.sib.groups with a king threshold of 0.18 
67 sib groups were found.

Running find.sib.groups with a king threshold of 0.185 
65 sib groups were found.

Running find.sib.groups with a king threshold of 0.19 
64 sib groups were found.

Running find.sib.groups with a king threshold of 0.195 
64 sib groups were found.

Running find.sib.groups with a king threshold of 0.2 
64 sib groups were found.

Running find.sib.groups with a king threshold of 0.205 
63 sib groups were found.

Running find.sib.groups with a king threshold of 0.21 
61 sib groups were found.

Running find.sib.groups with a king threshold of 0.215 
59 sib groups were found.

Running find.sib.groups with a king threshold of 0.22 
58 sib groups were found.

Running find.sib.groups with a king threshold of 0.225 
57 sib groups were found.

Running find.sib.groups with a king threshold of 0.23 
56 sib groups were found.

Running find.sib.groups with a king threshold of 0.235 
56 sib groups were found.

Running find.sib.groups with a king threshold of 0.24 
56 sib groups were found.

Running find.sib.groups with a king threshold of 0.245 
55 sib groups were found.

Running find.sib.groups with a king threshold of 0.25 
54 sib groups were found.

Running find.sib.groups with a king threshold of 0.255 
52 sib groups were found.

Running find.sib.groups with a king threshold of 0.26 
51 sib groups were found.

Running find.sib.groups with a king threshold of 0.265 
48 sib groups were found.

Running find.sib.groups with a king threshold of 0.27 
46 sib groups were found.

Running find.sib.groups with a king threshold of 0.275 
46 sib groups were found.

Running find.sib.groups with a king threshold of 0.28 
44 sib groups were found.

Running find.sib.groups with a king threshold of 0.285 
43 sib groups were found.

Running find.sib.groups with a king threshold of 0.29 
43 sib groups were found.

Running find.sib.groups with a king threshold of 0.295 
43 sib groups were found.

Running find.sib.groups with a king threshold of 0.3 
43 sib groups were found.

Running find.sib.groups with a king threshold of 0.305 
41 sib groups were found.

Running find.sib.groups with a king threshold of 0.31 
40 sib groups were found.

Running find.sib.groups with a king threshold of 0.315 
37 sib groups were found.

Running find.sib.groups with a king threshold of 0.32 
36 sib groups were found.

Running find.sib.groups with a king threshold of 0.325 
35 sib groups were found.

Running find.sib.groups with a king threshold of 0.33 
34 sib groups were found.

Running find.sib.groups with a king threshold of 0.335 
35 sib groups were found.

Running find.sib.groups with a king threshold of 0.34 
30 sib groups were found.

Running find.sib.groups with a king threshold of 0.345 
29 sib groups were found.

Running find.sib.groups with a king threshold of 0.35 
29 sib groups were found.
 [1] 0.345 0.350 0.335 0.190 0.195 0.185 0.205 0.215 0.200 0.210 0.340 0.180
[13] 0.220 0.225 0.230 0.300 0.310 0.175 0.305 0.315 0.235 0.320 0.325 0.240
[25] 0.330 0.170 0.245 0.250 0.260 0.270 0.255 0.265 0.275 0.280 0.285 0.290
[37] 0.295 0.155 0.160 0.165 0.150

Running find.sib.groups with a king threshold of 0.15 
41 sib groups were found.

Running find.sib.groups with a king threshold of 0.155 
41 sib groups were found.

Running find.sib.groups with a king threshold of 0.16 
41 sib groups were found.

Running find.sib.groups with a king threshold of 0.165 
40 sib groups were found.

Running find.sib.groups with a king threshold of 0.17 
40 sib groups were found.

Running find.sib.groups with a king threshold of 0.175 
40 sib groups were found.

Running find.sib.groups with a king threshold of 0.18 
39 sib groups were found.

Running find.sib.groups with a king threshold of 0.185 
39 sib groups were found.

Running find.sib.groups with a king threshold of 0.19 
38 sib groups were found.

Running find.sib.groups with a king threshold of 0.195 
36 sib groups were found.

Running find.sib.groups with a king threshold of 0.2 
35 sib groups were found.

Running find.sib.groups with a king threshold of 0.205 
35 sib groups were found.

Running find.sib.groups with a king threshold of 0.21 
34 sib groups were found.

Running find.sib.groups with a king threshold of 0.215 
34 sib groups were found.

Running find.sib.groups with a king threshold of 0.22 
32 sib groups were found.

Running find.sib.groups with a king threshold of 0.225 
32 sib groups were found.

Running find.sib.groups with a king threshold of 0.23 
31 sib groups were found.

Running find.sib.groups with a king threshold of 0.235 
30 sib groups were found.

Running find.sib.groups with a king threshold of 0.24 
30 sib groups were found.

Running find.sib.groups with a king threshold of 0.245 
29 sib groups were found.

Running find.sib.groups with a king threshold of 0.25 
29 sib groups were found.

Running find.sib.groups with a king threshold of 0.255 
28 sib groups were found.

Running find.sib.groups with a king threshold of 0.26 
27 sib groups were found.

Running find.sib.groups with a king threshold of 0.265 
24 sib groups were found.

Running find.sib.groups with a king threshold of 0.27 
23 sib groups were found.

Running find.sib.groups with a king threshold of 0.275 
22 sib groups were found.

Running find.sib.groups with a king threshold of 0.28 
22 sib groups were found.

Running find.sib.groups with a king threshold of 0.285 
22 sib groups were found.

Running find.sib.groups with a king threshold of 0.29 
20 sib groups were found.

Running find.sib.groups with a king threshold of 0.295 
20 sib groups were found.

Running find.sib.groups with a king threshold of 0.3 
20 sib groups were found.

Running find.sib.groups with a king threshold of 0.305 
17 sib groups were found.

Running find.sib.groups with a king threshold of 0.31 
16 sib groups were found.

Running find.sib.groups with a king threshold of 0.315 
16 sib groups were found.

Running find.sib.groups with a king threshold of 0.32 
16 sib groups were found.

Running find.sib.groups with a king threshold of 0.325 
14 sib groups were found.

Running find.sib.groups with a king threshold of 0.33 
13 sib groups were found.

Running find.sib.groups with a king threshold of 0.335 
12 sib groups were found.

Running find.sib.groups with a king threshold of 0.34 
11 sib groups were found.

Running find.sib.groups with a king threshold of 0.345 
11 sib groups were found.

Running find.sib.groups with a king threshold of 0.35 
9 sib groups were found.
 [1] 0.195 0.175 0.180 0.185 0.190 0.200 0.205 0.150 0.155 0.350 0.210 0.225
[13] 0.255 0.230 0.260 0.235 0.160 0.215 0.165 0.170 0.220 0.265 0.270 0.245
[25] 0.250 0.275 0.280 0.285 0.240 0.290 0.340 0.345 0.295 0.300 0.310 0.315
[37] 0.320 0.305 0.325 0.330 0.335

Running find.sib.groups with a king threshold of 0.15 
114 sib groups were found.

Running find.sib.groups with a king threshold of 0.155 
114 sib groups were found.

Running find.sib.groups with a king threshold of 0.16 
112 sib groups were found.

Running find.sib.groups with a king threshold of 0.165 
110 sib groups were found.

Running find.sib.groups with a king threshold of 0.17 
110 sib groups were found.

Running find.sib.groups with a king threshold of 0.175 
107 sib groups were found.

Running find.sib.groups with a king threshold of 0.18 
106 sib groups were found.

Running find.sib.groups with a king threshold of 0.185 
104 sib groups were found.

Running find.sib.groups with a king threshold of 0.19 
102 sib groups were found.

Running find.sib.groups with a king threshold of 0.195 
100 sib groups were found.

Running find.sib.groups with a king threshold of 0.2 
99 sib groups were found.

Running find.sib.groups with a king threshold of 0.205 
98 sib groups were found.

Running find.sib.groups with a king threshold of 0.21 
95 sib groups were found.

Running find.sib.groups with a king threshold of 0.215 
93 sib groups were found.

Running find.sib.groups with a king threshold of 0.22 
90 sib groups were found.

Running find.sib.groups with a king threshold of 0.225 
89 sib groups were found.

Running find.sib.groups with a king threshold of 0.23 
87 sib groups were found.

Running find.sib.groups with a king threshold of 0.235 
86 sib groups were found.

Running find.sib.groups with a king threshold of 0.24 
86 sib groups were found.

Running find.sib.groups with a king threshold of 0.245 
84 sib groups were found.

Running find.sib.groups with a king threshold of 0.25 
83 sib groups were found.

Running find.sib.groups with a king threshold of 0.255 
80 sib groups were found.

Running find.sib.groups with a king threshold of 0.26 
78 sib groups were found.

Running find.sib.groups with a king threshold of 0.265 
72 sib groups were found.

Running find.sib.groups with a king threshold of 0.27 
69 sib groups were found.

Running find.sib.groups with a king threshold of 0.275 
68 sib groups were found.

Running find.sib.groups with a king threshold of 0.28 
66 sib groups were found.

Running find.sib.groups with a king threshold of 0.285 
65 sib groups were found.

Running find.sib.groups with a king threshold of 0.29 
63 sib groups were found.

Running find.sib.groups with a king threshold of 0.295 
63 sib groups were found.

Running find.sib.groups with a king threshold of 0.3 
63 sib groups were found.

Running find.sib.groups with a king threshold of 0.305 
58 sib groups were found.

Running find.sib.groups with a king threshold of 0.31 
56 sib groups were found.

Running find.sib.groups with a king threshold of 0.315 
53 sib groups were found.

Running find.sib.groups with a king threshold of 0.32 
52 sib groups were found.

Running find.sib.groups with a king threshold of 0.325 
49 sib groups were found.

Running find.sib.groups with a king threshold of 0.33 
47 sib groups were found.

Running find.sib.groups with a king threshold of 0.335 
47 sib groups were found.

Running find.sib.groups with a king threshold of 0.34 
41 sib groups were found.

Running find.sib.groups with a king threshold of 0.345 
40 sib groups were found.

Running find.sib.groups with a king threshold of 0.35 
38 sib groups were found.
 [1] 0.195 0.190 0.185 0.350 0.200 0.205 0.345 0.180 0.215 0.210 0.335 0.220
[13] 0.225 0.340 0.175 0.230 0.300 0.235 0.310 0.305 0.315 0.170 0.240 0.320
[25] 0.245 0.325 0.250 0.330 0.260 0.255 0.270 0.265 0.275 0.280 0.285 0.290
[37] 0.295 0.155 0.160 0.165 0.150
We choose a king threshold of 0.195 as the best threshold
.
We have removed 106 samples, broken down as follows:

, , insecticide = Delta

          phenotype
location   alive dead
  Aboisso      0    0
  Avrankou     3    7
  Baguida      7    9
  Korle-Bu     2    5
  Madina      15   11
  Obuasi       2    0

, , insecticide = PM

          phenotype
location   alive dead
  Aboisso      1    0
  Avrankou     0    0
  Baguida      7    3
  Korle-Bu     5    7
  Madina       2    6
  Obuasi       8    6

