Warning message:
In checkDepPackageVersion(dep_pkg = "TMB") :
  Package version inconsistency detected.
glmmTMB was built with TMB version 1.8.0
Current TMB version is 1.9.0
Please re-install glmmTMB from source or restore original ‘TMB’ package (see '?reinstalling' for more information)


Avrankou Delta:
Using the following string to control for confounding factors: 

Detecting invariable and nearly invariable markers.

Analysing markers independently.

Running commentary on model optimisation:

Building model: glm(phenotype ~ 1 , data = avrankou.delta.table, family = binomial) 
	Adding marker Cyp4j5.43F_A as the lowest significant marker (P = 0.007102054).

Building model: glm(phenotype ~ Cyp4j5.43F_A, data = avrankou.delta.table, family = binomial) 
	Adding marker Vgsc.1527T_C as the lowest significant marker (P = 0.02455261).

Building model: glm(phenotype ~ Cyp4j5.43F_A + Vgsc.1527T_C, data = avrankou.delta.table, family = binomial) 
	Could not calculate p-value for marker Vgsc.402L_T.

	Could not calculate p-value for marker Vgsc.995F_T.

	No further markers are significant, keeping final model:

Call:  glm(formula = phenotype ~ Cyp4j5.43F_A + Vgsc.1527T_C, family = binomial, 
    data = avrankou.delta.table)

Coefficients:
 (Intercept)  Cyp4j5.43F_A  Vgsc.1527T_C  
      0.6396       -1.0319       -1.3529  

Degrees of Freedom: 78 Total (i.e. Null);  76 Residual
Null Deviance:	    108 
Residual Deviance: 95.68 	AIC: 101.7
Final model contained 2 parameters: Cyp4j5.43F_A,Vgsc.1527T_C.


                       P deviance
Cyp4j5.43F_A 0.006709816 7.349051
Vgsc.1527T_C 0.024552607 5.055168
$invariable.markers
character(0)

$correlated.markers
character(0)

$sig.alone
                       P pseudo.R2
Vgsc.1527T_C 0.026044052        NA
Vgsc.402L_T  0.026044052        NA
Vgsc.995F_T  0.026044052        NA
Rdl.296G_G   0.113142766        NA
Cyp4j5.43F_A 0.007102054        NA
Gste2.114T_G 0.972410895        NA

$final.model

Call:  glm(formula = phenotype ~ Cyp4j5.43F_A + Vgsc.1527T_C, family = binomial, 
    data = avrankou.delta.table)

Coefficients:
 (Intercept)  Cyp4j5.43F_A  Vgsc.1527T_C  
      0.6396       -1.0319       -1.3529  

Degrees of Freedom: 78 Total (i.e. Null);  76 Residual
Null Deviance:	    108 
Residual Deviance: 95.68 	AIC: 101.7

$final.sig
                       P deviance
Cyp4j5.43F_A 0.006709816 7.349051
Vgsc.1527T_C 0.024552607 5.055168


Vgsc.1527T and Vgsc.1603T are both significant, leading to increased resistance against Delta.


Baguida Delta:
Using the following string to control for confounding factors: 

Detecting invariable and nearly invariable markers.

Analysing markers independently.

Running commentary on model optimisation:

Building model: glm(phenotype ~ 1 , data = baguida.delta.table, family = binomial) 
	No further markers are significant, keeping final model:

Call:  glm(formula = phenotype ~ 1, family = binomial, data = baguida.delta.table)

Coefficients:
(Intercept)  
    -0.4626  

Degrees of Freedom: 87 Total (i.e. Null);  87 Residual
Null Deviance:	    117.4 
Residual Deviance: 117.4 	AIC: 119.4
Final model was the null model.


   P deviance
1 NA       NA
$invariable.markers
character(0)

$correlated.markers
character(0)

$sig.alone
                     P pseudo.R2
Vgsc.1570Y_T 0.1804931        NA
Vgsc.1746S_T 0.7137778        NA
Vgsc.1853I_A 0.3874700        NA
Vgsc.791M_T  0.6912906        NA
Rdl.296G_G   0.4379901        NA
Cyp4j5.43F_A 0.9211631        NA
Gste2.114T_G 0.9709178        NA
Gste2.119V_C 0.8452143        NA

$final.model

Call:  glm(formula = phenotype ~ 1, family = binomial, data = baguida.delta.table)

Coefficients:
(Intercept)  
    -0.4626  

Degrees of Freedom: 87 Total (i.e. Null);  87 Residual
Null Deviance:	    117.4 
Residual Deviance: 117.4 	AIC: 119.4

$final.sig
   P deviance
1 NA       NA


Nothing is significant in Baguida Delta


Korle-Bu Delta:
Using the following string to control for confounding factors: 

Detecting invariable and nearly invariable markers.

Analysing markers independently.

Running commentary on model optimisation:

Building model: glm(phenotype ~ 1 , data = kb.delta.table, family = binomial) 
	No further markers are significant, keeping final model:

Call:  glm(formula = phenotype ~ 1, family = binomial, data = kb.delta.table)

Coefficients:
(Intercept)  
     0.3413  

Degrees of Freedom: 141 Total (i.e. Null);  141 Residual
Null Deviance:	    192.8 
Residual Deviance: 192.8 	AIC: 194.8
Final model was the null model.


   P deviance
1 NA       NA
$invariable.markers
character(0)

$correlated.markers
character(0)

$sig.alone
                      P pseudo.R2
Vgsc.1527T_C 0.29943863        NA
Vgsc.995F_T  0.29943863        NA
Cyp4j5.43F_A 0.40033590        NA
Ace1.119S_A  0.09109937        NA
Gste2.114T_G 0.33602481        NA

$final.model

Call:  glm(formula = phenotype ~ 1, family = binomial, data = kb.delta.table)

Coefficients:
(Intercept)  
     0.3413  

Degrees of Freedom: 141 Total (i.e. Null);  141 Residual
Null Deviance:	    192.8 
Residual Deviance: 192.8 	AIC: 194.8

$final.sig
   P deviance
1 NA       NA


Nothing is significant in Korle-Bu Delta


Madina Delta:
Using the following string to control for confounding factors: 

Detecting invariable and nearly invariable markers.

Analysing markers independently.

Running commentary on model optimisation:

Building model: glm(phenotype ~ 1 , data = madina.delta.table, family = binomial) 
	No further markers are significant, keeping final model:

Call:  glm(formula = phenotype ~ 1, family = binomial, data = madina.delta.table)

Coefficients:
(Intercept)  
     -0.548  

Degrees of Freedom: 100 Total (i.e. Null);  100 Residual
Null Deviance:	    132.7 
Residual Deviance: 132.7 	AIC: 134.7
Final model was the null model.


   P deviance
1 NA       NA
$invariable.markers
character(0)

$correlated.markers
character(0)

$sig.alone
                     P pseudo.R2
Vgsc.1746S_T 0.1956363        NA
Vgsc.1853I_A 0.9760644        NA
Vgsc.791M_T  0.1324566        NA
Cyp4j5.43F_A 0.3801099        NA
Ace1.119S_A  0.2360663        NA
Gste2.119V_C 0.5404901        NA

$final.model

Call:  glm(formula = phenotype ~ 1, family = binomial, data = madina.delta.table)

Coefficients:
(Intercept)  
     -0.548  

Degrees of Freedom: 100 Total (i.e. Null);  100 Residual
Null Deviance:	    132.7 
Residual Deviance: 132.7 	AIC: 134.7

$final.sig
   P deviance
1 NA       NA


Nothing significant in Madina Delta.


Obuasi Delta:
Using the following string to control for confounding factors: 

Detecting invariable and nearly invariable markers.

Analysing markers independently.

Running commentary on model optimisation:

Building model: glm(phenotype ~ 1 , data = obuasi.delta.table, family = binomial) 
	No further markers are significant, keeping final model:

Call:  glm(formula = phenotype ~ 1, family = binomial, data = obuasi.delta.table)

Coefficients:
(Intercept)  
      0.636  

Degrees of Freedom: 77 Total (i.e. Null);  77 Residual
Null Deviance:	    100.6 
Residual Deviance: 100.6 	AIC: 102.6
Final model was the null model.


   P deviance
1 NA       NA
$invariable.markers
character(0)

$correlated.markers
character(0)

$sig.alone
                      P pseudo.R2
Vgsc.1746S_T 0.13088076        NA
Vgsc.1853I_A 0.38600952        NA
Vgsc.1874L_T 0.92306754        NA
Vgsc.791M_T  0.52230201        NA
Rdl.296G_G   0.58683075        NA
Cyp4j5.43F_A 0.23792574        NA
Gste2.119V_C 0.08170013        NA

$final.model

Call:  glm(formula = phenotype ~ 1, family = binomial, data = obuasi.delta.table)

Coefficients:
(Intercept)  
      0.636  

Degrees of Freedom: 77 Total (i.e. Null);  77 Residual
Null Deviance:	    100.6 
Residual Deviance: 100.6 	AIC: 102.6

$final.sig
   P deviance
1 NA       NA


Nothing significant in Obuasi Delta.


Baguida PM:
Using the following string to control for confounding factors: 

Detecting invariable and nearly invariable markers.

Analysing markers independently.

Running commentary on model optimisation:

Building model: glm(phenotype ~ 1 , data = baguida.pm.table, family = binomial) 
	Adding marker Vgsc.1570Y_T as the lowest significant marker (P = 0.01117085).

Building model: glm(phenotype ~ Vgsc.1570Y_T, data = baguida.pm.table, family = binomial) 
	No further markers are significant, keeping final model:

Call:  glm(formula = phenotype ~ Vgsc.1570Y_T, family = binomial, data = baguida.pm.table)

Coefficients:
 (Intercept)  Vgsc.1570Y_T  
      0.4578       -1.0415  

Degrees of Freedom: 64 Total (i.e. Null);  63 Residual
Null Deviance:	    89.72 
Residual Deviance: 83.29 	AIC: 87.29
Final model contained 1 parameters: Vgsc.1570Y_T.


                      P deviance
Vgsc.1570Y_T 0.01117085 6.437934
$invariable.markers
character(0)

$correlated.markers
character(0)

$sig.alone
                      P pseudo.R2
Vgsc.1570Y_T 0.01117085        NA
Vgsc.1746S_T 0.81238805        NA
Vgsc.1853I_A 0.10722380        NA
Vgsc.791M_T  0.67137562        NA
Rdl.296G_G   0.41515522        NA
Cyp4j5.43F_A 0.20020634        NA
Gste2.114T_G 1.00000000        NA
Gste2.119V_C 0.09730548        NA

$final.model

Call:  glm(formula = phenotype ~ Vgsc.1570Y_T, family = binomial, data = baguida.pm.table)

Coefficients:
 (Intercept)  Vgsc.1570Y_T  
      0.4578       -1.0415  

Degrees of Freedom: 64 Total (i.e. Null);  63 Residual
Null Deviance:	    89.72 
Residual Deviance: 83.29 	AIC: 87.29

$final.sig
                      P deviance
Vgsc.1570Y_T 0.01117085 6.437934


Vgsc.1570Y positively associated with PM resistance in Baguida.


Korle-Bu PM:
Using the following string to control for confounding factors: 

Detecting invariable and nearly invariable markers.

Analysing markers independently.

Running commentary on model optimisation:

Building model: glm(phenotype ~ 1 , data = kb.pm.table, family = binomial) 
	Adding marker Ace1.119S_A as the lowest significant marker (P = 3.077123e-05).

Building model: glm(phenotype ~ Ace1.119S_A, data = kb.pm.table, family = binomial) 
	Adding marker Gste2.114T_G as the lowest significant marker (P = 0.02616722).

Building model: glm(phenotype ~ Ace1.119S_A + Gste2.114T_G, data = kb.pm.table, family = binomial) 
	Adding marker Vgsc.995F_T as the lowest significant marker (P = 0.03746402).

Building model: glm(phenotype ~ Ace1.119S_A + Gste2.114T_G + Vgsc.995F_T, data = kb.pm.table, family = binomial) 
	No further markers are significant, keeping final model:

Call:  glm(formula = phenotype ~ Ace1.119S_A + Gste2.114T_G + Vgsc.995F_T, 
    family = binomial, data = kb.pm.table)

Coefficients:
 (Intercept)   Ace1.119S_A  Gste2.114T_G   Vgsc.995F_T  
     -0.6463       -2.1662        0.9233        0.9470  

Degrees of Freedom: 104 Total (i.e. Null);  101 Residual
Null Deviance:	    144.8 
Residual Deviance: 118.1 	AIC: 126.1
Final model contained 3 parameters: Ace1.119S_A,Gste2.114T_G,Vgsc.995F_T.


                        P  deviance
Ace1.119S_A  2.542737e-05 17.732289
Gste2.114T_G 1.823866e-02  5.573079
Vgsc.995F_T  3.746402e-02  4.329192
$invariable.markers
character(0)

$correlated.markers
character(0)

$sig.alone
                        P pseudo.R2
Vgsc.1527T_C 7.479976e-02        NA
Vgsc.402L_C  1.207337e-01        NA
Vgsc.995F_T  3.703736e-02        NA
Cyp4j5.43F_A 2.396816e-01        NA
Ace1.119S_A  3.077123e-05        NA
Gste2.114T_G 5.414630e-02        NA

$final.model

Call:  glm(formula = phenotype ~ Ace1.119S_A + Gste2.114T_G + Vgsc.995F_T, 
    family = binomial, data = kb.pm.table)

Coefficients:
 (Intercept)   Ace1.119S_A  Gste2.114T_G   Vgsc.995F_T  
     -0.6463       -2.1662        0.9233        0.9470  

Degrees of Freedom: 104 Total (i.e. Null);  101 Residual
Null Deviance:	    144.8 
Residual Deviance: 118.1 	AIC: 126.1

$final.sig
                        P  deviance
Ace1.119S_A  2.542737e-05 17.732289
Gste2.114T_G 1.823866e-02  5.573079
Vgsc.995F_T  3.746402e-02  4.329192


Ace1 very strongly associated with PM resistance in Korle-Bu. Vgsc-995F (ie: absence of 402L) and Gste2-114T both negatively associated.


Madina PM:
Using the following string to control for confounding factors: 

Detecting invariable and nearly invariable markers.

Analysing markers independently.

Running commentary on model optimisation:

Building model: glm(phenotype ~ 1 , data = madina.pm.table, family = binomial) 
	Adding marker Ace1.119S_A as the lowest significant marker (P = 3.305504e-11).

Building model: glm(phenotype ~ Ace1.119S_A, data = madina.pm.table, family = binomial) 
	No further markers are significant, keeping final model:

Call:  glm(formula = phenotype ~ Ace1.119S_A, family = binomial, data = madina.pm.table)

Coefficients:
(Intercept)  Ace1.119S_A  
      20.27       -19.84  

Degrees of Freedom: 64 Total (i.e. Null);  63 Residual
Null Deviance:	    88.24 
Residual Deviance: 44.25 	AIC: 48.25
Final model contained 1 parameters: Ace1.119S_A.


                       P deviance
Ace1.119S_A 3.305504e-11 43.98708
$invariable.markers
character(0)

$correlated.markers
character(0)

$sig.alone
                        P pseudo.R2
Vgsc.1570Y_T 8.170138e-01        NA
Vgsc.1746S_T 2.626668e-01        NA
Vgsc.1853I_A 1.252868e-01        NA
Vgsc.791M_T  1.446059e-01        NA
Cyp4j5.43F_A 1.958291e-01        NA
Ace1.119S_A  3.305504e-11        NA
Gste2.119V_C 2.817793e-01        NA

$final.model

Call:  glm(formula = phenotype ~ Ace1.119S_A, family = binomial, data = madina.pm.table)

Coefficients:
(Intercept)  Ace1.119S_A  
      20.27       -19.84  

Degrees of Freedom: 64 Total (i.e. Null);  63 Residual
Null Deviance:	    88.24 
Residual Deviance: 44.25 	AIC: 48.25

$final.sig
                       P deviance
Ace1.119S_A 3.305504e-11 43.98708


Ace1 very strongly associated with PM resistance in Madina.


Obuasi PM:
Using the following string to control for confounding factors: 

Detecting invariable and nearly invariable markers.

Analysing markers independently.

Running commentary on model optimisation:

Building model: glm(phenotype ~ 1 , data = obuasi.pm.table, family = binomial) 
	No further markers are significant, keeping final model:

Call:  glm(formula = phenotype ~ 1, family = binomial, data = obuasi.pm.table)

Coefficients:
(Intercept)  
   -0.07696  

Degrees of Freedom: 103 Total (i.e. Null);  103 Residual
Null Deviance:	    144 
Residual Deviance: 144 	AIC: 146
Final model was the null model.


   P deviance
1 NA       NA
$invariable.markers
character(0)

$correlated.markers
character(0)

$sig.alone
                     P pseudo.R2
Vgsc.1746S_T 0.5896323        NA
Vgsc.1853I_A 0.3231770        NA
Vgsc.1874L_T 0.3232239        NA
Vgsc.791M_T  0.5126732        NA
Rdl.296G_G   0.2267165        NA
Cyp4j5.43F_A 0.2624272        NA
Gste2.119V_C 0.7469209        NA

$final.model

Call:  glm(formula = phenotype ~ 1, family = binomial, data = obuasi.pm.table)

Coefficients:
(Intercept)  
   -0.07696  

Degrees of Freedom: 103 Total (i.e. Null);  103 Residual
Null Deviance:	    144 
Residual Deviance: 144 	AIC: 146

$final.sig
   P deviance
1 NA       NA


Ace1 very strongly associated with PM resistance in Obuasi.


All populations PM:
Using the following string to control for confounding factors:  + (1|location)

Detecting invariable and nearly invariable markers.

Analysing markers independently.

Running commentary on model optimisation:

Building model: glmmTMB(phenotype ~ 1  + (1|location), data = pm.table, family = binomial) 
	Adding marker Ace1.119S_A as the lowest significant marker (P = 5.763026e-11).

Building model: glmmTMB(phenotype ~ Ace1.119S_A + (1|location), data = pm.table, family = binomial) 
	Adding marker Vgsc.1570Y_T as the lowest significant marker (P = 0.002083802).

Building model: glmmTMB(phenotype ~ Ace1.119S_A + Vgsc.1570Y_T + (1|location), data = pm.table, family = binomial) 
	Adding marker Vgsc.995F_T as the lowest significant marker (P = 0.03639263).

Building model: glmmTMB(phenotype ~ Ace1.119S_A + Vgsc.1570Y_T + Vgsc.995F_T + (1|location), data = pm.table, family = binomial) 
	No further markers are significant, keeping final model:
Formula:          
phenotype ~ Ace1.119S_A + Vgsc.1570Y_T + Vgsc.995F_T + (1 | location)
Data: pm.table
      AIC       BIC    logLik  df.resid 
 420.7178  439.8478 -205.3589       334 
Random-effects (co)variances:

Conditional model:
 Groups   Name        Std.Dev.
 location (Intercept) 0.8587  

Number of obs: 339 / Conditional model: location, 4

Fixed Effects:

Conditional model:
 (Intercept)   Ace1.119S_A  Vgsc.1570Y_T   Vgsc.995F_T  
      1.1165       -1.9536       -0.9849        0.9165  
Final model contained 3 parameters: Ace1.119S_A,Vgsc.1570Y_T,Vgsc.995F_T.


                        P deviance
Ace1.119S_A  1.480179e-11       NA
Vgsc.1570Y_T 2.261705e-03       NA
Vgsc.995F_T  3.639263e-02       NA
$invariable.markers
[1] "Rdl.296S_T"   "Gste2.119V_T"

$correlated.markers
character(0)

$sig.alone
                        P pseudo.R2
Vgsc.1527T_C 1.034235e-01        NA
Vgsc.1570Y_T 1.213427e-02        NA
Vgsc.1597G_G 9.032455e-01        NA
Vgsc.1603T_C 4.638779e-01        NA
Vgsc.1746S_T 6.399498e-01        NA
Vgsc.1853I_A 6.235523e-02        NA
Vgsc.1868T_C 5.715270e-01        NA
Vgsc.1874L_T 3.223649e-01        NA
Vgsc.1940T_C 4.632299e-01        NA
Vgsc.791M_T  5.284950e-01        NA
Vgsc.995F_T  5.697212e-02        NA
Rdl.296G_G   1.238795e-01        NA
Cyp4j5.43F_A 7.021846e-01        NA
Ace1.119S_A  5.763026e-11        NA
Gste2.114T_G 3.675283e-01        NA
Gste2.119V_C 8.664584e-01        NA

$final.model
Formula:          
phenotype ~ Ace1.119S_A + Vgsc.1570Y_T + Vgsc.995F_T + (1 | location)
Data: pm.table
      AIC       BIC    logLik  df.resid 
 420.7178  439.8478 -205.3589       334 
Random-effects (co)variances:

Conditional model:
 Groups   Name        Std.Dev.
 location (Intercept) 0.8587  

Number of obs: 339 / Conditional model: location, 4

Fixed Effects:

Conditional model:
 (Intercept)   Ace1.119S_A  Vgsc.1570Y_T   Vgsc.995F_T  
      1.1165       -1.9536       -0.9849        0.9165  

$final.sig
                        P deviance
Ace1.119S_A  1.480179e-11       NA
Vgsc.1570Y_T 2.261705e-03       NA
Vgsc.995F_T  3.639263e-02       NA


995F negatively associated with resistance (so 402 provides better resistance). 1570Y and Ace1.119S both associated with increased resistance.


All populations Delta:
Using the following string to control for confounding factors:  + (1|location)

Detecting invariable and nearly invariable markers.

Analysing markers independently.

Running commentary on model optimisation:

Building model: glmmTMB(phenotype ~ 1  + (1|location), data = delta.table, family = binomial) 
	Adding marker Vgsc.1868T_C as the lowest significant marker (P = 0.008083267).

Building model: glmmTMB(phenotype ~ Vgsc.1868T_C + (1|location), data = delta.table, family = binomial) 
	No further markers are significant, keeping final model:
Formula:          phenotype ~ Vgsc.1868T_C + (1 | location)
Data: delta.table
      AIC       BIC    logLik  df.resid 
 663.4983  676.0693 -328.7492       485 
Random-effects (co)variances:

Conditional model:
 Groups   Name        Std.Dev.
 location (Intercept) 0.4669  

Number of obs: 488 / Conditional model: location, 5

Fixed Effects:

Conditional model:
 (Intercept)  Vgsc.1868T_C  
     -0.1197        1.1479  
Final model contained 1 parameters: Vgsc.1868T_C.


                       P deviance
Vgsc.1868T_C 0.008083267       NA
$invariable.markers
[1] "Vgsc.1597G_G" "Rdl.296S_T"   "Gste2.119V_T"

$correlated.markers
character(0)

$sig.alone
                       P pseudo.R2
Vgsc.1527T_C 0.608151724        NA
Vgsc.1570Y_T 0.355231844        NA
Vgsc.1603T_C 0.060367853        NA
Vgsc.1746S_T 0.940622164        NA
Vgsc.1853I_A 0.726425910        NA
Vgsc.1868T_C 0.008083267        NA
Vgsc.1874L_T 0.895789777        NA
Vgsc.1940T_C 0.939714969        NA
Vgsc.791M_T  0.364945044        NA
Vgsc.995F_T  0.608151724        NA
Rdl.296G_G   0.318309720        NA
Cyp4j5.43F_A 0.196045244        NA
Ace1.119S_A  0.819463848        NA
Gste2.114T_G 0.572942291        NA
Gste2.119V_C 0.394751292        NA

$final.model
Formula:          phenotype ~ Vgsc.1868T_C + (1 | location)
Data: delta.table
      AIC       BIC    logLik  df.resid 
 663.4983  676.0693 -328.7492       485 
Random-effects (co)variances:

Conditional model:
 Groups   Name        Std.Dev.
 location (Intercept) 0.4669  

Number of obs: 488 / Conditional model: location, 5

Fixed Effects:

Conditional model:
 (Intercept)  Vgsc.1868T_C  
     -0.1197        1.1479  

$final.sig
                       P deviance
Vgsc.1868T_C 0.008083267       NA


Vgsc.1868T negatively associated with deltamethrin resistance.
