Loading required package: Matrix
Loading required package: BiocGenerics

Attaching package: ‘BiocGenerics’

The following objects are masked from ‘package:stats’:

    IQR, mad, sd, var, xtabs

The following objects are masked from ‘package:base’:

    anyDuplicated, append, as.data.frame, basename, cbind, colnames,
    dirname, do.call, duplicated, eval, evalq, Filter, Find, get, grep,
    grepl, intersect, is.unsorted, lapply, Map, mapply, match, mget,
    order, paste, pmax, pmax.int, pmin, pmin.int, Position, rank,
    rbind, Reduce, rownames, sapply, setdiff, sort, table, tapply,
    union, unique, unsplit, which.max, which.min

Loading required package: S4Vectors
Loading required package: stats4

Attaching package: ‘S4Vectors’

The following objects are masked from ‘package:Matrix’:

    expand, unname

The following objects are masked from ‘package:data.table’:

    first, second

The following objects are masked from ‘package:base’:

    expand.grid, I, unname

Loading required package: IRanges

Attaching package: ‘IRanges’

The following object is masked from ‘package:data.table’:

    shift

Loading required package: XVector
Loading required package: GenomeInfoDb

Attaching package: ‘Biostrings’

The following object is masked from ‘package:base’:

    strsplit


Attaching package: ‘ape’

The following object is masked from ‘package:Biostrings’:

    complement

Arguments:
Avrankou_coluzzii_Delta


Loading SNP data from ~/data/ML/GAARD_SNP/Avrankou_coluzzii_Delta/csvs/filtered_SNPs.csv.
            used  (Mb) gc trigger    (Mb)   max used    (Mb)
Ncells   3841258 205.2    7241577   386.8    5452404   291.2
Vcells 129012980 984.3 1337134136 10201.6 1659439360 12660.6
Loading phenotype data from ../../data/combined/sample_phenotypes.csv.
There were 50 or more warnings (use warnings() to see the first 50)
Running ../extract_zarr_region.py at 14:47 on 09/11/2022 using machine neptune


Script was run using the following arguments:

	zarr_folder = /home/elucas/scratch/VObs_GAARD
	study_id = 1237-VO-BJ-DJOGBENOU-VMF00050
	chrom = 2L
	region = 10058355-10092987
	output_fn = Avrankou_coluzzii_Delta/2L:10075762_allele_counts.csv
	sample_names = WA-1044,WA-1045,WA-1046,WA-1047,WA-1048,WA-1050,WA-1054,WA-1055,WA-1056,WA-1057,WA-1058,WA-1060,WA-1061,WA-1063,WA-1064,WA-1065,WA-1066,WA-1067,WA-1069,WA-1070,WA-1071,WA-1072,WA-1073,WA-1075,WA-1076,WA-1077,WA-1078,WA-1079,WA-1080,WA-1082,WA-1084,WA-1086,WA-1087,WA-1088,WA-1090,WA-1091,WA-1093,WA-1094,WA-1095,WA-1097,WA-1099,WA-1100,WA-1102,WA-1103,WA-1104,WA-1105,WA-1106,WA-1107,WA-1110,WA-1112,WA-1113,WA-1114,WA-1115,WA-1116,WA-1117,WA-1118,WA-1119,WA-1120,WA-1121,WA-1122,WA-1123,WA-1124,WA-1125,WA-1126,WA-1129,WA-1130,WA-1132,WA-1133,WA-1134,WA-1136,WA-1137,WA-1138,WA-1139,WA-1140,WA-1141,WA-1142,WA-1143,WA-1144,WA-1145

Running ../extract_zarr_region.py at 14:47 on 09/11/2022 using machine neptune


Script was run using the following arguments:

	zarr_folder = /home/elucas/scratch/VObs_GAARD
	study_id = 1237-VO-BJ-DJOGBENOU-VMF00050
	chrom = 2R
	region = 36508909-36564445
	output_fn = Avrankou_coluzzii_Delta/2R:36536888_allele_counts.csv
	sample_names = WA-1044,WA-1045,WA-1046,WA-1047,WA-1048,WA-1050,WA-1054,WA-1055,WA-1056,WA-1057,WA-1058,WA-1060,WA-1061,WA-1063,WA-1064,WA-1065,WA-1066,WA-1067,WA-1069,WA-1070,WA-1071,WA-1072,WA-1073,WA-1075,WA-1076,WA-1077,WA-1078,WA-1079,WA-1080,WA-1082,WA-1084,WA-1086,WA-1087,WA-1088,WA-1090,WA-1091,WA-1093,WA-1094,WA-1095,WA-1097,WA-1099,WA-1100,WA-1102,WA-1103,WA-1104,WA-1105,WA-1106,WA-1107,WA-1110,WA-1112,WA-1113,WA-1114,WA-1115,WA-1116,WA-1117,WA-1118,WA-1119,WA-1120,WA-1121,WA-1122,WA-1123,WA-1124,WA-1125,WA-1126,WA-1129,WA-1130,WA-1132,WA-1133,WA-1134,WA-1136,WA-1137,WA-1138,WA-1139,WA-1140,WA-1141,WA-1142,WA-1143,WA-1144,WA-1145

Running ../extract_zarr_region.py at 14:47 on 09/11/2022 using machine neptune


Script was run using the following arguments:

	zarr_folder = /home/elucas/scratch/VObs_GAARD
	study_id = 1237-VO-BJ-DJOGBENOU-VMF00050
	chrom = 2R
	region = 40038893-40078959
	output_fn = Avrankou_coluzzii_Delta/2R:40059143_allele_counts.csv
	sample_names = WA-1044,WA-1045,WA-1046,WA-1047,WA-1048,WA-1050,WA-1054,WA-1055,WA-1056,WA-1057,WA-1058,WA-1060,WA-1061,WA-1063,WA-1064,WA-1065,WA-1066,WA-1067,WA-1069,WA-1070,WA-1071,WA-1072,WA-1073,WA-1075,WA-1076,WA-1077,WA-1078,WA-1079,WA-1080,WA-1082,WA-1084,WA-1086,WA-1087,WA-1088,WA-1090,WA-1091,WA-1093,WA-1094,WA-1095,WA-1097,WA-1099,WA-1100,WA-1102,WA-1103,WA-1104,WA-1105,WA-1106,WA-1107,WA-1110,WA-1112,WA-1113,WA-1114,WA-1115,WA-1116,WA-1117,WA-1118,WA-1119,WA-1120,WA-1121,WA-1122,WA-1123,WA-1124,WA-1125,WA-1126,WA-1129,WA-1130,WA-1132,WA-1133,WA-1134,WA-1136,WA-1137,WA-1138,WA-1139,WA-1140,WA-1141,WA-1142,WA-1143,WA-1144,WA-1145

Running ../extract_zarr_region.py at 14:47 on 09/11/2022 using machine neptune


Script was run using the following arguments:

	zarr_folder = /home/elucas/scratch/VObs_GAARD
	study_id = 1237-VO-BJ-DJOGBENOU-VMF00050
	chrom = 2R
	region = 50360689-50440253
	output_fn = Avrankou_coluzzii_Delta/2R:50397087_allele_counts.csv
	sample_names = WA-1044,WA-1045,WA-1046,WA-1047,WA-1048,WA-1050,WA-1054,WA-1055,WA-1056,WA-1057,WA-1058,WA-1060,WA-1061,WA-1063,WA-1064,WA-1065,WA-1066,WA-1067,WA-1069,WA-1070,WA-1071,WA-1072,WA-1073,WA-1075,WA-1076,WA-1077,WA-1078,WA-1079,WA-1080,WA-1082,WA-1084,WA-1086,WA-1087,WA-1088,WA-1090,WA-1091,WA-1093,WA-1094,WA-1095,WA-1097,WA-1099,WA-1100,WA-1102,WA-1103,WA-1104,WA-1105,WA-1106,WA-1107,WA-1110,WA-1112,WA-1113,WA-1114,WA-1115,WA-1116,WA-1117,WA-1118,WA-1119,WA-1120,WA-1121,WA-1122,WA-1123,WA-1124,WA-1125,WA-1126,WA-1129,WA-1130,WA-1132,WA-1133,WA-1134,WA-1136,WA-1137,WA-1138,WA-1139,WA-1140,WA-1141,WA-1142,WA-1143,WA-1144,WA-1145

Running ../extract_zarr_region.py at 14:47 on 09/11/2022 using machine neptune


Script was run using the following arguments:

	zarr_folder = /home/elucas/scratch/VObs_GAARD
	study_id = 1237-VO-BJ-DJOGBENOU-VMF00050
	chrom = 2R
	region = 57878590-58001949
	output_fn = Avrankou_coluzzii_Delta/2R:57936779_allele_counts.csv
	sample_names = WA-1044,WA-1045,WA-1046,WA-1047,WA-1048,WA-1050,WA-1054,WA-1055,WA-1056,WA-1057,WA-1058,WA-1060,WA-1061,WA-1063,WA-1064,WA-1065,WA-1066,WA-1067,WA-1069,WA-1070,WA-1071,WA-1072,WA-1073,WA-1075,WA-1076,WA-1077,WA-1078,WA-1079,WA-1080,WA-1082,WA-1084,WA-1086,WA-1087,WA-1088,WA-1090,WA-1091,WA-1093,WA-1094,WA-1095,WA-1097,WA-1099,WA-1100,WA-1102,WA-1103,WA-1104,WA-1105,WA-1106,WA-1107,WA-1110,WA-1112,WA-1113,WA-1114,WA-1115,WA-1116,WA-1117,WA-1118,WA-1119,WA-1120,WA-1121,WA-1122,WA-1123,WA-1124,WA-1125,WA-1126,WA-1129,WA-1130,WA-1132,WA-1133,WA-1134,WA-1136,WA-1137,WA-1138,WA-1139,WA-1140,WA-1141,WA-1142,WA-1143,WA-1144,WA-1145

Running ../extract_zarr_region.py at 14:47 on 09/11/2022 using machine neptune


Script was run using the following arguments:

	zarr_folder = /home/elucas/scratch/VObs_GAARD
	study_id = 1237-VO-BJ-DJOGBENOU-VMF00050
	chrom = 2R
	region = 57981950-58069416
	output_fn = Avrankou_coluzzii_Delta/2R:58017231_allele_counts.csv
	sample_names = WA-1044,WA-1045,WA-1046,WA-1047,WA-1048,WA-1050,WA-1054,WA-1055,WA-1056,WA-1057,WA-1058,WA-1060,WA-1061,WA-1063,WA-1064,WA-1065,WA-1066,WA-1067,WA-1069,WA-1070,WA-1071,WA-1072,WA-1073,WA-1075,WA-1076,WA-1077,WA-1078,WA-1079,WA-1080,WA-1082,WA-1084,WA-1086,WA-1087,WA-1088,WA-1090,WA-1091,WA-1093,WA-1094,WA-1095,WA-1097,WA-1099,WA-1100,WA-1102,WA-1103,WA-1104,WA-1105,WA-1106,WA-1107,WA-1110,WA-1112,WA-1113,WA-1114,WA-1115,WA-1116,WA-1117,WA-1118,WA-1119,WA-1120,WA-1121,WA-1122,WA-1123,WA-1124,WA-1125,WA-1126,WA-1129,WA-1130,WA-1132,WA-1133,WA-1134,WA-1136,WA-1137,WA-1138,WA-1139,WA-1140,WA-1141,WA-1142,WA-1143,WA-1144,WA-1145

Running ../extract_zarr_region.py at 14:47 on 09/11/2022 using machine neptune


Script was run using the following arguments:

	zarr_folder = /home/elucas/scratch/VObs_GAARD
	study_id = 1237-VO-BJ-DJOGBENOU-VMF00050
	chrom = 3R
	region = 40563948-40602511
	output_fn = Avrankou_coluzzii_Delta/3R:40583507_allele_counts.csv
	sample_names = WA-1044,WA-1045,WA-1046,WA-1047,WA-1048,WA-1050,WA-1054,WA-1055,WA-1056,WA-1057,WA-1058,WA-1060,WA-1061,WA-1063,WA-1064,WA-1065,WA-1066,WA-1067,WA-1069,WA-1070,WA-1071,WA-1072,WA-1073,WA-1075,WA-1076,WA-1077,WA-1078,WA-1079,WA-1080,WA-1082,WA-1084,WA-1086,WA-1087,WA-1088,WA-1090,WA-1091,WA-1093,WA-1094,WA-1095,WA-1097,WA-1099,WA-1100,WA-1102,WA-1103,WA-1104,WA-1105,WA-1106,WA-1107,WA-1110,WA-1112,WA-1113,WA-1114,WA-1115,WA-1116,WA-1117,WA-1118,WA-1119,WA-1120,WA-1121,WA-1122,WA-1123,WA-1124,WA-1125,WA-1126,WA-1129,WA-1130,WA-1132,WA-1133,WA-1134,WA-1136,WA-1137,WA-1138,WA-1139,WA-1140,WA-1141,WA-1142,WA-1143,WA-1144,WA-1145

Running ../extract_zarr_region.py at 14:47 on 09/11/2022 using machine neptune


Script was run using the following arguments:

	zarr_folder = /home/elucas/scratch/VObs_GAARD
	study_id = 1237-VO-BJ-DJOGBENOU-VMF00050
	chrom = 3R
	region = 42075534-42113720
	output_fn = Avrankou_coluzzii_Delta/3R:42095383_allele_counts.csv
	sample_names = WA-1044,WA-1045,WA-1046,WA-1047,WA-1048,WA-1050,WA-1054,WA-1055,WA-1056,WA-1057,WA-1058,WA-1060,WA-1061,WA-1063,WA-1064,WA-1065,WA-1066,WA-1067,WA-1069,WA-1070,WA-1071,WA-1072,WA-1073,WA-1075,WA-1076,WA-1077,WA-1078,WA-1079,WA-1080,WA-1082,WA-1084,WA-1086,WA-1087,WA-1088,WA-1090,WA-1091,WA-1093,WA-1094,WA-1095,WA-1097,WA-1099,WA-1100,WA-1102,WA-1103,WA-1104,WA-1105,WA-1106,WA-1107,WA-1110,WA-1112,WA-1113,WA-1114,WA-1115,WA-1116,WA-1117,WA-1118,WA-1119,WA-1120,WA-1121,WA-1122,WA-1123,WA-1124,WA-1125,WA-1126,WA-1129,WA-1130,WA-1132,WA-1133,WA-1134,WA-1136,WA-1137,WA-1138,WA-1139,WA-1140,WA-1141,WA-1142,WA-1143,WA-1144,WA-1145

Running ../extract_zarr_region.py at 14:47 on 09/11/2022 using machine neptune


Script was run using the following arguments:

	zarr_folder = /home/elucas/scratch/VObs_GAARD
	study_id = 1237-VO-BJ-DJOGBENOU-VMF00050
	chrom = 3R
	region = 43464515-43508987
	output_fn = Avrankou_coluzzii_Delta/3R:43486612_allele_counts.csv
	sample_names = WA-1044,WA-1045,WA-1046,WA-1047,WA-1048,WA-1050,WA-1054,WA-1055,WA-1056,WA-1057,WA-1058,WA-1060,WA-1061,WA-1063,WA-1064,WA-1065,WA-1066,WA-1067,WA-1069,WA-1070,WA-1071,WA-1072,WA-1073,WA-1075,WA-1076,WA-1077,WA-1078,WA-1079,WA-1080,WA-1082,WA-1084,WA-1086,WA-1087,WA-1088,WA-1090,WA-1091,WA-1093,WA-1094,WA-1095,WA-1097,WA-1099,WA-1100,WA-1102,WA-1103,WA-1104,WA-1105,WA-1106,WA-1107,WA-1110,WA-1112,WA-1113,WA-1114,WA-1115,WA-1116,WA-1117,WA-1118,WA-1119,WA-1120,WA-1121,WA-1122,WA-1123,WA-1124,WA-1125,WA-1126,WA-1129,WA-1130,WA-1132,WA-1133,WA-1134,WA-1136,WA-1137,WA-1138,WA-1139,WA-1140,WA-1141,WA-1142,WA-1143,WA-1144,WA-1145

Running ../extract_zarr_region.py at 14:47 on 09/11/2022 using machine neptune


Script was run using the following arguments:

	zarr_folder = /home/elucas/scratch/VObs_GAARD
	study_id = 1237-VO-BJ-DJOGBENOU-VMF00050
	chrom = 3R
	region = 43511636-43552078
	output_fn = Avrankou_coluzzii_Delta/3R:43532647_allele_counts.csv
	sample_names = WA-1044,WA-1045,WA-1046,WA-1047,WA-1048,WA-1050,WA-1054,WA-1055,WA-1056,WA-1057,WA-1058,WA-1060,WA-1061,WA-1063,WA-1064,WA-1065,WA-1066,WA-1067,WA-1069,WA-1070,WA-1071,WA-1072,WA-1073,WA-1075,WA-1076,WA-1077,WA-1078,WA-1079,WA-1080,WA-1082,WA-1084,WA-1086,WA-1087,WA-1088,WA-1090,WA-1091,WA-1093,WA-1094,WA-1095,WA-1097,WA-1099,WA-1100,WA-1102,WA-1103,WA-1104,WA-1105,WA-1106,WA-1107,WA-1110,WA-1112,WA-1113,WA-1114,WA-1115,WA-1116,WA-1117,WA-1118,WA-1119,WA-1120,WA-1121,WA-1122,WA-1123,WA-1124,WA-1125,WA-1126,WA-1129,WA-1130,WA-1132,WA-1133,WA-1134,WA-1136,WA-1137,WA-1138,WA-1139,WA-1140,WA-1141,WA-1142,WA-1143,WA-1144,WA-1145

Running ../extract_zarr_region.py at 14:47 on 09/11/2022 using machine neptune


Script was run using the following arguments:

	zarr_folder = /home/elucas/scratch/VObs_GAARD
	study_id = 1237-VO-BJ-DJOGBENOU-VMF00050
	chrom = X
	region = 16325224-16375048
	output_fn = Avrankou_coluzzii_Delta/X:16349957_allele_counts.csv
	sample_names = WA-1044,WA-1045,WA-1046,WA-1047,WA-1048,WA-1050,WA-1054,WA-1055,WA-1056,WA-1057,WA-1058,WA-1060,WA-1061,WA-1063,WA-1064,WA-1065,WA-1066,WA-1067,WA-1069,WA-1070,WA-1071,WA-1072,WA-1073,WA-1075,WA-1076,WA-1077,WA-1078,WA-1079,WA-1080,WA-1082,WA-1084,WA-1086,WA-1087,WA-1088,WA-1090,WA-1091,WA-1093,WA-1094,WA-1095,WA-1097,WA-1099,WA-1100,WA-1102,WA-1103,WA-1104,WA-1105,WA-1106,WA-1107,WA-1110,WA-1112,WA-1113,WA-1114,WA-1115,WA-1116,WA-1117,WA-1118,WA-1119,WA-1120,WA-1121,WA-1122,WA-1123,WA-1124,WA-1125,WA-1126,WA-1129,WA-1130,WA-1132,WA-1133,WA-1134,WA-1136,WA-1137,WA-1138,WA-1139,WA-1140,WA-1141,WA-1142,WA-1143,WA-1144,WA-1145

Running snpEff on significant SNPs, using command /usr/bin/java -jar ~/software/snpEff/snpEff.jar eff Anopheles_gambiae -noStats Avrankou_coluzzii_Delta/temp.vcf > Avrankou_coluzzii_Delta/focal_windows.vcf .
2L:10075762.null device 2R:36536888.null device 2R:40059143.null device 
                      1                       1                       1 
2R:50397087.null device 2R:57936779.null device 2R:58017231.null device 
                      1                       1                       1 
3R:40583507.null device 3R:42095383.null device 3R:43486612.null device 
                      1                       1                       1 
3R:43532647.null device  X:16349957.null device 
                      1                       1 
