Loading required package: Matrix
Loading required package: BiocGenerics

Attaching package: ‘BiocGenerics’

The following objects are masked from ‘package:stats’:

    IQR, mad, sd, var, xtabs

The following objects are masked from ‘package:base’:

    anyDuplicated, append, as.data.frame, basename, cbind, colnames,
    dirname, do.call, duplicated, eval, evalq, Filter, Find, get, grep,
    grepl, intersect, is.unsorted, lapply, Map, mapply, match, mget,
    order, paste, pmax, pmax.int, pmin, pmin.int, Position, rank,
    rbind, Reduce, rownames, sapply, setdiff, sort, table, tapply,
    union, unique, unsplit, which.max, which.min

Loading required package: S4Vectors
Loading required package: stats4

Attaching package: ‘S4Vectors’

The following objects are masked from ‘package:Matrix’:

    expand, unname

The following objects are masked from ‘package:data.table’:

    first, second

The following objects are masked from ‘package:base’:

    expand.grid, I, unname

Loading required package: IRanges

Attaching package: ‘IRanges’

The following object is masked from ‘package:data.table’:

    shift

Loading required package: XVector
Loading required package: GenomeInfoDb

Attaching package: ‘Biostrings’

The following object is masked from ‘package:base’:

    strsplit


Attaching package: ‘ape’

The following object is masked from ‘package:Biostrings’:

    complement

Arguments:
Madina_gambiae_Delta


Loading SNP data from ~/data/ML/GAARD_SNP/Madina_gambiae_Delta/csvs/filtered_SNPs.csv.
            used   (Mb) gc trigger    (Mb)   max used    (Mb)
Ncells   3842332  205.3    7241577   386.8    6425068   343.2
Vcells 222697300 1699.1 2477266666 18900.1 2848597893 21733.1
Loading phenotype data from ../../data/combined/sample_phenotypes.csv.
There were 50 or more warnings (use warnings() to see the first 50)
Running ../extract_zarr_region.py at 15:01 on 09/11/2022 using machine neptune


Script was run using the following arguments:

	zarr_folder = /home/elucas/scratch/VObs_GAARD
	study_id = 1244-VO-GH-YAWSON-VMF00051
	chrom = 2L
	region = 14053777-14098770
	output_fn = Madina_gambiae_Delta/2L:14079208_allele_counts.csv
	sample_names = WA-0001,WA-0002,WA-0006,WA-0007,WA-0008,WA-0009,WA-0010,WA-0012,WA-0013,WA-0014,WA-0015,WA-0016,WA-0017,WA-0018,WA-0020,WA-0021,WA-0024,WA-0029,WA-0031,WA-0036,WA-0037,WA-0041,WA-0044,WA-0046,WA-0048,WA-0050,WA-0052,WA-0053,WA-0055,WA-0056,WA-0057,WA-0060,WA-0061,WA-0062,WA-0064,WA-0066,WA-0071,WA-0073,WA-0074,WA-0075,WA-0076,WA-0077,WA-0079,WA-0081,WA-0082,WA-0083,WA-0084,WA-0085,WA-0086,WA-0088,WA-0089,WA-0091,WA-0092,WA-0094,WA-0095,WA-0099,WA-0102,WA-0104,WA-0106,WA-0107,WA-0108,WA-0109,WA-0110,WA-0111,WA-0112,WA-0117,WA-0118,WA-0120,WA-0123,WA-0124,WA-0125,WA-0126,WA-0127,WA-0131,WA-0132,WA-0133,WA-0134,WA-0135,WA-0136,WA-0137,WA-0138,WA-0140,WA-0141,WA-0142,WA-0143,WA-0146,WA-0148,WA-0149,WA-0150,WA-0151,WA-0152,WA-0153,WA-0154,WA-0155,WA-0157,WA-0158,WA-0159,WA-0160,WA-0162,WA-0165,WA-0167

Running ../extract_zarr_region.py at 15:01 on 09/11/2022 using machine neptune


Script was run using the following arguments:

	zarr_folder = /home/elucas/scratch/VObs_GAARD
	study_id = 1244-VO-GH-YAWSON-VMF00051
	chrom = 2L
	region = 14209219-14275262
	output_fn = Madina_gambiae_Delta/2L:14235728_allele_counts.csv
	sample_names = WA-0001,WA-0002,WA-0006,WA-0007,WA-0008,WA-0009,WA-0010,WA-0012,WA-0013,WA-0014,WA-0015,WA-0016,WA-0017,WA-0018,WA-0020,WA-0021,WA-0024,WA-0029,WA-0031,WA-0036,WA-0037,WA-0041,WA-0044,WA-0046,WA-0048,WA-0050,WA-0052,WA-0053,WA-0055,WA-0056,WA-0057,WA-0060,WA-0061,WA-0062,WA-0064,WA-0066,WA-0071,WA-0073,WA-0074,WA-0075,WA-0076,WA-0077,WA-0079,WA-0081,WA-0082,WA-0083,WA-0084,WA-0085,WA-0086,WA-0088,WA-0089,WA-0091,WA-0092,WA-0094,WA-0095,WA-0099,WA-0102,WA-0104,WA-0106,WA-0107,WA-0108,WA-0109,WA-0110,WA-0111,WA-0112,WA-0117,WA-0118,WA-0120,WA-0123,WA-0124,WA-0125,WA-0126,WA-0127,WA-0131,WA-0132,WA-0133,WA-0134,WA-0135,WA-0136,WA-0137,WA-0138,WA-0140,WA-0141,WA-0142,WA-0143,WA-0146,WA-0148,WA-0149,WA-0150,WA-0151,WA-0152,WA-0153,WA-0154,WA-0155,WA-0157,WA-0158,WA-0159,WA-0160,WA-0162,WA-0165,WA-0167

Running ../extract_zarr_region.py at 15:01 on 09/11/2022 using machine neptune


Script was run using the following arguments:

	zarr_folder = /home/elucas/scratch/VObs_GAARD
	study_id = 1244-VO-GH-YAWSON-VMF00051
	chrom = 2L
	region = 14255267-14297152
	output_fn = Madina_gambiae_Delta/2L:14276791_allele_counts.csv
	sample_names = WA-0001,WA-0002,WA-0006,WA-0007,WA-0008,WA-0009,WA-0010,WA-0012,WA-0013,WA-0014,WA-0015,WA-0016,WA-0017,WA-0018,WA-0020,WA-0021,WA-0024,WA-0029,WA-0031,WA-0036,WA-0037,WA-0041,WA-0044,WA-0046,WA-0048,WA-0050,WA-0052,WA-0053,WA-0055,WA-0056,WA-0057,WA-0060,WA-0061,WA-0062,WA-0064,WA-0066,WA-0071,WA-0073,WA-0074,WA-0075,WA-0076,WA-0077,WA-0079,WA-0081,WA-0082,WA-0083,WA-0084,WA-0085,WA-0086,WA-0088,WA-0089,WA-0091,WA-0092,WA-0094,WA-0095,WA-0099,WA-0102,WA-0104,WA-0106,WA-0107,WA-0108,WA-0109,WA-0110,WA-0111,WA-0112,WA-0117,WA-0118,WA-0120,WA-0123,WA-0124,WA-0125,WA-0126,WA-0127,WA-0131,WA-0132,WA-0133,WA-0134,WA-0135,WA-0136,WA-0137,WA-0138,WA-0140,WA-0141,WA-0142,WA-0143,WA-0146,WA-0148,WA-0149,WA-0150,WA-0151,WA-0152,WA-0153,WA-0154,WA-0155,WA-0157,WA-0158,WA-0159,WA-0160,WA-0162,WA-0165,WA-0167

Running ../extract_zarr_region.py at 15:01 on 09/11/2022 using machine neptune


Script was run using the following arguments:

	zarr_folder = /home/elucas/scratch/VObs_GAARD
	study_id = 1244-VO-GH-YAWSON-VMF00051
	chrom = 2L
	region = 15116527-15155769
	output_fn = Madina_gambiae_Delta/2L:15136081_allele_counts.csv
	sample_names = WA-0001,WA-0002,WA-0006,WA-0007,WA-0008,WA-0009,WA-0010,WA-0012,WA-0013,WA-0014,WA-0015,WA-0016,WA-0017,WA-0018,WA-0020,WA-0021,WA-0024,WA-0029,WA-0031,WA-0036,WA-0037,WA-0041,WA-0044,WA-0046,WA-0048,WA-0050,WA-0052,WA-0053,WA-0055,WA-0056,WA-0057,WA-0060,WA-0061,WA-0062,WA-0064,WA-0066,WA-0071,WA-0073,WA-0074,WA-0075,WA-0076,WA-0077,WA-0079,WA-0081,WA-0082,WA-0083,WA-0084,WA-0085,WA-0086,WA-0088,WA-0089,WA-0091,WA-0092,WA-0094,WA-0095,WA-0099,WA-0102,WA-0104,WA-0106,WA-0107,WA-0108,WA-0109,WA-0110,WA-0111,WA-0112,WA-0117,WA-0118,WA-0120,WA-0123,WA-0124,WA-0125,WA-0126,WA-0127,WA-0131,WA-0132,WA-0133,WA-0134,WA-0135,WA-0136,WA-0137,WA-0138,WA-0140,WA-0141,WA-0142,WA-0143,WA-0146,WA-0148,WA-0149,WA-0150,WA-0151,WA-0152,WA-0153,WA-0154,WA-0155,WA-0157,WA-0158,WA-0159,WA-0160,WA-0162,WA-0165,WA-0167

Running ../extract_zarr_region.py at 15:02 on 09/11/2022 using machine neptune


Script was run using the following arguments:

	zarr_folder = /home/elucas/scratch/VObs_GAARD
	study_id = 1244-VO-GH-YAWSON-VMF00051
	chrom = 2L
	region = 15591620-15634192
	output_fn = Madina_gambiae_Delta/2L:15613228_allele_counts.csv
	sample_names = WA-0001,WA-0002,WA-0006,WA-0007,WA-0008,WA-0009,WA-0010,WA-0012,WA-0013,WA-0014,WA-0015,WA-0016,WA-0017,WA-0018,WA-0020,WA-0021,WA-0024,WA-0029,WA-0031,WA-0036,WA-0037,WA-0041,WA-0044,WA-0046,WA-0048,WA-0050,WA-0052,WA-0053,WA-0055,WA-0056,WA-0057,WA-0060,WA-0061,WA-0062,WA-0064,WA-0066,WA-0071,WA-0073,WA-0074,WA-0075,WA-0076,WA-0077,WA-0079,WA-0081,WA-0082,WA-0083,WA-0084,WA-0085,WA-0086,WA-0088,WA-0089,WA-0091,WA-0092,WA-0094,WA-0095,WA-0099,WA-0102,WA-0104,WA-0106,WA-0107,WA-0108,WA-0109,WA-0110,WA-0111,WA-0112,WA-0117,WA-0118,WA-0120,WA-0123,WA-0124,WA-0125,WA-0126,WA-0127,WA-0131,WA-0132,WA-0133,WA-0134,WA-0135,WA-0136,WA-0137,WA-0138,WA-0140,WA-0141,WA-0142,WA-0143,WA-0146,WA-0148,WA-0149,WA-0150,WA-0151,WA-0152,WA-0153,WA-0154,WA-0155,WA-0157,WA-0158,WA-0159,WA-0160,WA-0162,WA-0165,WA-0167

Running ../extract_zarr_region.py at 15:02 on 09/11/2022 using machine neptune


Script was run using the following arguments:

	zarr_folder = /home/elucas/scratch/VObs_GAARD
	study_id = 1244-VO-GH-YAWSON-VMF00051
	chrom = 2R
	region = 24618101-24658942
	output_fn = Madina_gambiae_Delta/2R:24638486_allele_counts.csv
	sample_names = WA-0001,WA-0002,WA-0006,WA-0007,WA-0008,WA-0009,WA-0010,WA-0012,WA-0013,WA-0014,WA-0015,WA-0016,WA-0017,WA-0018,WA-0020,WA-0021,WA-0024,WA-0029,WA-0031,WA-0036,WA-0037,WA-0041,WA-0044,WA-0046,WA-0048,WA-0050,WA-0052,WA-0053,WA-0055,WA-0056,WA-0057,WA-0060,WA-0061,WA-0062,WA-0064,WA-0066,WA-0071,WA-0073,WA-0074,WA-0075,WA-0076,WA-0077,WA-0079,WA-0081,WA-0082,WA-0083,WA-0084,WA-0085,WA-0086,WA-0088,WA-0089,WA-0091,WA-0092,WA-0094,WA-0095,WA-0099,WA-0102,WA-0104,WA-0106,WA-0107,WA-0108,WA-0109,WA-0110,WA-0111,WA-0112,WA-0117,WA-0118,WA-0120,WA-0123,WA-0124,WA-0125,WA-0126,WA-0127,WA-0131,WA-0132,WA-0133,WA-0134,WA-0135,WA-0136,WA-0137,WA-0138,WA-0140,WA-0141,WA-0142,WA-0143,WA-0146,WA-0148,WA-0149,WA-0150,WA-0151,WA-0152,WA-0153,WA-0154,WA-0155,WA-0157,WA-0158,WA-0159,WA-0160,WA-0162,WA-0165,WA-0167

Running ../extract_zarr_region.py at 15:02 on 09/11/2022 using machine neptune


Script was run using the following arguments:

	zarr_folder = /home/elucas/scratch/VObs_GAARD
	study_id = 1244-VO-GH-YAWSON-VMF00051
	chrom = 2R
	region = 28435043-28501887
	output_fn = Madina_gambiae_Delta/2R:28466877_allele_counts.csv
	sample_names = WA-0001,WA-0002,WA-0006,WA-0007,WA-0008,WA-0009,WA-0010,WA-0012,WA-0013,WA-0014,WA-0015,WA-0016,WA-0017,WA-0018,WA-0020,WA-0021,WA-0024,WA-0029,WA-0031,WA-0036,WA-0037,WA-0041,WA-0044,WA-0046,WA-0048,WA-0050,WA-0052,WA-0053,WA-0055,WA-0056,WA-0057,WA-0060,WA-0061,WA-0062,WA-0064,WA-0066,WA-0071,WA-0073,WA-0074,WA-0075,WA-0076,WA-0077,WA-0079,WA-0081,WA-0082,WA-0083,WA-0084,WA-0085,WA-0086,WA-0088,WA-0089,WA-0091,WA-0092,WA-0094,WA-0095,WA-0099,WA-0102,WA-0104,WA-0106,WA-0107,WA-0108,WA-0109,WA-0110,WA-0111,WA-0112,WA-0117,WA-0118,WA-0120,WA-0123,WA-0124,WA-0125,WA-0126,WA-0127,WA-0131,WA-0132,WA-0133,WA-0134,WA-0135,WA-0136,WA-0137,WA-0138,WA-0140,WA-0141,WA-0142,WA-0143,WA-0146,WA-0148,WA-0149,WA-0150,WA-0151,WA-0152,WA-0153,WA-0154,WA-0155,WA-0157,WA-0158,WA-0159,WA-0160,WA-0162,WA-0165,WA-0167

Running ../extract_zarr_region.py at 15:02 on 09/11/2022 using machine neptune


Script was run using the following arguments:

	zarr_folder = /home/elucas/scratch/VObs_GAARD
	study_id = 1244-VO-GH-YAWSON-VMF00051
	chrom = 3L
	region = 10911315-10983080
	output_fn = Madina_gambiae_Delta/3L:10952426_allele_counts.csv
	sample_names = WA-0001,WA-0002,WA-0006,WA-0007,WA-0008,WA-0009,WA-0010,WA-0012,WA-0013,WA-0014,WA-0015,WA-0016,WA-0017,WA-0018,WA-0020,WA-0021,WA-0024,WA-0029,WA-0031,WA-0036,WA-0037,WA-0041,WA-0044,WA-0046,WA-0048,WA-0050,WA-0052,WA-0053,WA-0055,WA-0056,WA-0057,WA-0060,WA-0061,WA-0062,WA-0064,WA-0066,WA-0071,WA-0073,WA-0074,WA-0075,WA-0076,WA-0077,WA-0079,WA-0081,WA-0082,WA-0083,WA-0084,WA-0085,WA-0086,WA-0088,WA-0089,WA-0091,WA-0092,WA-0094,WA-0095,WA-0099,WA-0102,WA-0104,WA-0106,WA-0107,WA-0108,WA-0109,WA-0110,WA-0111,WA-0112,WA-0117,WA-0118,WA-0120,WA-0123,WA-0124,WA-0125,WA-0126,WA-0127,WA-0131,WA-0132,WA-0133,WA-0134,WA-0135,WA-0136,WA-0137,WA-0138,WA-0140,WA-0141,WA-0142,WA-0143,WA-0146,WA-0148,WA-0149,WA-0150,WA-0151,WA-0152,WA-0153,WA-0154,WA-0155,WA-0157,WA-0158,WA-0159,WA-0160,WA-0162,WA-0165,WA-0167

Running ../extract_zarr_region.py at 15:02 on 09/11/2022 using machine neptune


Script was run using the following arguments:

	zarr_folder = /home/elucas/scratch/VObs_GAARD
	study_id = 1244-VO-GH-YAWSON-VMF00051
	chrom = 3L
	region = 10963136-11016921
	output_fn = Madina_gambiae_Delta/3L:10990152_allele_counts.csv
	sample_names = WA-0001,WA-0002,WA-0006,WA-0007,WA-0008,WA-0009,WA-0010,WA-0012,WA-0013,WA-0014,WA-0015,WA-0016,WA-0017,WA-0018,WA-0020,WA-0021,WA-0024,WA-0029,WA-0031,WA-0036,WA-0037,WA-0041,WA-0044,WA-0046,WA-0048,WA-0050,WA-0052,WA-0053,WA-0055,WA-0056,WA-0057,WA-0060,WA-0061,WA-0062,WA-0064,WA-0066,WA-0071,WA-0073,WA-0074,WA-0075,WA-0076,WA-0077,WA-0079,WA-0081,WA-0082,WA-0083,WA-0084,WA-0085,WA-0086,WA-0088,WA-0089,WA-0091,WA-0092,WA-0094,WA-0095,WA-0099,WA-0102,WA-0104,WA-0106,WA-0107,WA-0108,WA-0109,WA-0110,WA-0111,WA-0112,WA-0117,WA-0118,WA-0120,WA-0123,WA-0124,WA-0125,WA-0126,WA-0127,WA-0131,WA-0132,WA-0133,WA-0134,WA-0135,WA-0136,WA-0137,WA-0138,WA-0140,WA-0141,WA-0142,WA-0143,WA-0146,WA-0148,WA-0149,WA-0150,WA-0151,WA-0152,WA-0153,WA-0154,WA-0155,WA-0157,WA-0158,WA-0159,WA-0160,WA-0162,WA-0165,WA-0167

Running ../extract_zarr_region.py at 15:02 on 09/11/2022 using machine neptune


Script was run using the following arguments:

	zarr_folder = /home/elucas/scratch/VObs_GAARD
	study_id = 1244-VO-GH-YAWSON-VMF00051
	chrom = 3L
	region = 13900487-13972729
	output_fn = Madina_gambiae_Delta/3L:13952703_allele_counts.csv
	sample_names = WA-0001,WA-0002,WA-0006,WA-0007,WA-0008,WA-0009,WA-0010,WA-0012,WA-0013,WA-0014,WA-0015,WA-0016,WA-0017,WA-0018,WA-0020,WA-0021,WA-0024,WA-0029,WA-0031,WA-0036,WA-0037,WA-0041,WA-0044,WA-0046,WA-0048,WA-0050,WA-0052,WA-0053,WA-0055,WA-0056,WA-0057,WA-0060,WA-0061,WA-0062,WA-0064,WA-0066,WA-0071,WA-0073,WA-0074,WA-0075,WA-0076,WA-0077,WA-0079,WA-0081,WA-0082,WA-0083,WA-0084,WA-0085,WA-0086,WA-0088,WA-0089,WA-0091,WA-0092,WA-0094,WA-0095,WA-0099,WA-0102,WA-0104,WA-0106,WA-0107,WA-0108,WA-0109,WA-0110,WA-0111,WA-0112,WA-0117,WA-0118,WA-0120,WA-0123,WA-0124,WA-0125,WA-0126,WA-0127,WA-0131,WA-0132,WA-0133,WA-0134,WA-0135,WA-0136,WA-0137,WA-0138,WA-0140,WA-0141,WA-0142,WA-0143,WA-0146,WA-0148,WA-0149,WA-0150,WA-0151,WA-0152,WA-0153,WA-0154,WA-0155,WA-0157,WA-0158,WA-0159,WA-0160,WA-0162,WA-0165,WA-0167

Running ../extract_zarr_region.py at 15:02 on 09/11/2022 using machine neptune


Script was run using the following arguments:

	zarr_folder = /home/elucas/scratch/VObs_GAARD
	study_id = 1244-VO-GH-YAWSON-VMF00051
	chrom = 3L
	region = 13995906-14037879
	output_fn = Madina_gambiae_Delta/3L:14016877_allele_counts.csv
	sample_names = WA-0001,WA-0002,WA-0006,WA-0007,WA-0008,WA-0009,WA-0010,WA-0012,WA-0013,WA-0014,WA-0015,WA-0016,WA-0017,WA-0018,WA-0020,WA-0021,WA-0024,WA-0029,WA-0031,WA-0036,WA-0037,WA-0041,WA-0044,WA-0046,WA-0048,WA-0050,WA-0052,WA-0053,WA-0055,WA-0056,WA-0057,WA-0060,WA-0061,WA-0062,WA-0064,WA-0066,WA-0071,WA-0073,WA-0074,WA-0075,WA-0076,WA-0077,WA-0079,WA-0081,WA-0082,WA-0083,WA-0084,WA-0085,WA-0086,WA-0088,WA-0089,WA-0091,WA-0092,WA-0094,WA-0095,WA-0099,WA-0102,WA-0104,WA-0106,WA-0107,WA-0108,WA-0109,WA-0110,WA-0111,WA-0112,WA-0117,WA-0118,WA-0120,WA-0123,WA-0124,WA-0125,WA-0126,WA-0127,WA-0131,WA-0132,WA-0133,WA-0134,WA-0135,WA-0136,WA-0137,WA-0138,WA-0140,WA-0141,WA-0142,WA-0143,WA-0146,WA-0148,WA-0149,WA-0150,WA-0151,WA-0152,WA-0153,WA-0154,WA-0155,WA-0157,WA-0158,WA-0159,WA-0160,WA-0162,WA-0165,WA-0167

Running ../extract_zarr_region.py at 15:02 on 09/11/2022 using machine neptune


Script was run using the following arguments:

	zarr_folder = /home/elucas/scratch/VObs_GAARD
	study_id = 1244-VO-GH-YAWSON-VMF00051
	chrom = 3L
	region = 14017884-14051408
	output_fn = Madina_gambiae_Delta/3L:14034923_allele_counts.csv
	sample_names = WA-0001,WA-0002,WA-0006,WA-0007,WA-0008,WA-0009,WA-0010,WA-0012,WA-0013,WA-0014,WA-0015,WA-0016,WA-0017,WA-0018,WA-0020,WA-0021,WA-0024,WA-0029,WA-0031,WA-0036,WA-0037,WA-0041,WA-0044,WA-0046,WA-0048,WA-0050,WA-0052,WA-0053,WA-0055,WA-0056,WA-0057,WA-0060,WA-0061,WA-0062,WA-0064,WA-0066,WA-0071,WA-0073,WA-0074,WA-0075,WA-0076,WA-0077,WA-0079,WA-0081,WA-0082,WA-0083,WA-0084,WA-0085,WA-0086,WA-0088,WA-0089,WA-0091,WA-0092,WA-0094,WA-0095,WA-0099,WA-0102,WA-0104,WA-0106,WA-0107,WA-0108,WA-0109,WA-0110,WA-0111,WA-0112,WA-0117,WA-0118,WA-0120,WA-0123,WA-0124,WA-0125,WA-0126,WA-0127,WA-0131,WA-0132,WA-0133,WA-0134,WA-0135,WA-0136,WA-0137,WA-0138,WA-0140,WA-0141,WA-0142,WA-0143,WA-0146,WA-0148,WA-0149,WA-0150,WA-0151,WA-0152,WA-0153,WA-0154,WA-0155,WA-0157,WA-0158,WA-0159,WA-0160,WA-0162,WA-0165,WA-0167

Running ../extract_zarr_region.py at 15:02 on 09/11/2022 using machine neptune


Script was run using the following arguments:

	zarr_folder = /home/elucas/scratch/VObs_GAARD
	study_id = 1244-VO-GH-YAWSON-VMF00051
	chrom = X
	region = 14292731-14339967
	output_fn = Madina_gambiae_Delta/X:14317604_allele_counts.csv
	sample_names = WA-0001,WA-0002,WA-0006,WA-0007,WA-0008,WA-0009,WA-0010,WA-0012,WA-0013,WA-0014,WA-0015,WA-0016,WA-0017,WA-0018,WA-0020,WA-0021,WA-0024,WA-0029,WA-0031,WA-0036,WA-0037,WA-0041,WA-0044,WA-0046,WA-0048,WA-0050,WA-0052,WA-0053,WA-0055,WA-0056,WA-0057,WA-0060,WA-0061,WA-0062,WA-0064,WA-0066,WA-0071,WA-0073,WA-0074,WA-0075,WA-0076,WA-0077,WA-0079,WA-0081,WA-0082,WA-0083,WA-0084,WA-0085,WA-0086,WA-0088,WA-0089,WA-0091,WA-0092,WA-0094,WA-0095,WA-0099,WA-0102,WA-0104,WA-0106,WA-0107,WA-0108,WA-0109,WA-0110,WA-0111,WA-0112,WA-0117,WA-0118,WA-0120,WA-0123,WA-0124,WA-0125,WA-0126,WA-0127,WA-0131,WA-0132,WA-0133,WA-0134,WA-0135,WA-0136,WA-0137,WA-0138,WA-0140,WA-0141,WA-0142,WA-0143,WA-0146,WA-0148,WA-0149,WA-0150,WA-0151,WA-0152,WA-0153,WA-0154,WA-0155,WA-0157,WA-0158,WA-0159,WA-0160,WA-0162,WA-0165,WA-0167

Running ../extract_zarr_region.py at 15:02 on 09/11/2022 using machine neptune


Script was run using the following arguments:

	zarr_folder = /home/elucas/scratch/VObs_GAARD
	study_id = 1244-VO-GH-YAWSON-VMF00051
	chrom = X
	region = 14338794-14391817
	output_fn = Madina_gambiae_Delta/X:14369513_allele_counts.csv
	sample_names = WA-0001,WA-0002,WA-0006,WA-0007,WA-0008,WA-0009,WA-0010,WA-0012,WA-0013,WA-0014,WA-0015,WA-0016,WA-0017,WA-0018,WA-0020,WA-0021,WA-0024,WA-0029,WA-0031,WA-0036,WA-0037,WA-0041,WA-0044,WA-0046,WA-0048,WA-0050,WA-0052,WA-0053,WA-0055,WA-0056,WA-0057,WA-0060,WA-0061,WA-0062,WA-0064,WA-0066,WA-0071,WA-0073,WA-0074,WA-0075,WA-0076,WA-0077,WA-0079,WA-0081,WA-0082,WA-0083,WA-0084,WA-0085,WA-0086,WA-0088,WA-0089,WA-0091,WA-0092,WA-0094,WA-0095,WA-0099,WA-0102,WA-0104,WA-0106,WA-0107,WA-0108,WA-0109,WA-0110,WA-0111,WA-0112,WA-0117,WA-0118,WA-0120,WA-0123,WA-0124,WA-0125,WA-0126,WA-0127,WA-0131,WA-0132,WA-0133,WA-0134,WA-0135,WA-0136,WA-0137,WA-0138,WA-0140,WA-0141,WA-0142,WA-0143,WA-0146,WA-0148,WA-0149,WA-0150,WA-0151,WA-0152,WA-0153,WA-0154,WA-0155,WA-0157,WA-0158,WA-0159,WA-0160,WA-0162,WA-0165,WA-0167

Running snpEff on significant SNPs, using command /usr/bin/java -jar ~/software/snpEff/snpEff.jar eff Anopheles_gambiae -noStats Madina_gambiae_Delta/temp.vcf > Madina_gambiae_Delta/focal_windows.vcf .
2L:14079208.null device 2L:14235728.null device 2L:14276791.null device 
                      1                       1                       1 
2L:15136081.null device 2L:15613228.null device 2R:24638486.null device 
                      1                       1                       1 
2R:28466877.null device 3L:10952426.null device 3L:10990152.null device 
                      1                       1                       1 
3L:13952703.null device 3L:14016877.null device 3L:14034923.null device 
                      1                       1                       1 
 X:14317604.null device  X:14369513.null device 
                      1                       1 
