Loading required package: Matrix
Loading required package: BiocGenerics

Attaching package: ‘BiocGenerics’

The following objects are masked from ‘package:stats’:

    IQR, mad, sd, var, xtabs

The following objects are masked from ‘package:base’:

    anyDuplicated, append, as.data.frame, basename, cbind, colnames,
    dirname, do.call, duplicated, eval, evalq, Filter, Find, get, grep,
    grepl, intersect, is.unsorted, lapply, Map, mapply, match, mget,
    order, paste, pmax, pmax.int, pmin, pmin.int, Position, rank,
    rbind, Reduce, rownames, sapply, setdiff, sort, table, tapply,
    union, unique, unsplit, which.max, which.min

Loading required package: S4Vectors
Loading required package: stats4

Attaching package: ‘S4Vectors’

The following objects are masked from ‘package:Matrix’:

    expand, unname

The following objects are masked from ‘package:data.table’:

    first, second

The following objects are masked from ‘package:base’:

    expand.grid, I, unname

Loading required package: IRanges

Attaching package: ‘IRanges’

The following object is masked from ‘package:data.table’:

    shift

Loading required package: XVector
Loading required package: GenomeInfoDb

Attaching package: ‘Biostrings’

The following object is masked from ‘package:base’:

    strsplit


Attaching package: ‘ape’

The following object is masked from ‘package:Biostrings’:

    complement

Arguments:
Obuasi_gambiae_PM
Ace1


Loading SNP data from ~/data/ML/GAARD_SNP/Obuasi_gambiae_PM/csvs/filtered_SNPs.csv.
            used   (Mb) gc trigger    (Mb)   max used    (Mb)
Ncells   3841876  205.2    7241582   386.8    5360528   286.3
Vcells 188815814 1440.6 1881423864 14354.2 2346208897 17900.2
Loading phenotype data from ../../data/combined/sample_phenotypes.csv.
There were 19 warnings (use warnings() to see them)
Running ../extract_zarr_region.py at 15:07 on 09/11/2022 using machine neptune


Script was run using the following arguments:

	zarr_folder = /home/elucas/scratch/VObs_GAARD
	study_id = 1244-VO-GH-YAWSON-VMF00051
	chrom = 2R
	region = 3000908-3035922
	output_fn = Obuasi_gambiae_PM/2R:3018207_allele_counts.csv
	sample_names = WA-0593,WA-0594,WA-0596,WA-0597,WA-0598,WA-0599,WA-0600,WA-0601,WA-0604,WA-0605,WA-0606,WA-0608,WA-0609,WA-0610,WA-0611,WA-0612,WA-0613,WA-0614,WA-0615,WA-0616,WA-0617,WA-0618,WA-0619,WA-0620,WA-0621,WA-0623,WA-0626,WA-0627,WA-0629,WA-0630,WA-0631,WA-0632,WA-0633,WA-0635,WA-0636,WA-0637,WA-0638,WA-0639,WA-0641,WA-0642,WA-0643,WA-0644,WA-0645,WA-0646,WA-0647,WA-0649,WA-0650,WA-0651,WA-0653,WA-0655,WA-0656,WA-0657,WA-0660,WA-0662,WA-0663,WA-0665,WA-0666,WA-0667,WA-0669,WA-0670,WA-0671,WA-0674,WA-0675,WA-0676,WA-0677,WA-0678,WA-0679,WA-0680,WA-0682,WA-0685,WA-0686,WA-0687,WA-0688,WA-0689,WA-0690,WA-0691,WA-0692,WA-0693,WA-0694,WA-0695,WA-0699,WA-0701,WA-0702,WA-0703,WA-0704,WA-0705,WA-0706,WA-0707,WA-0709,WA-0710,WA-0711,WA-0712,WA-0713,WA-0714,WA-0715,WA-0716,WA-0717,WA-0718,WA-0719,WA-0720,WA-0722,WA-0723,WA-0724,WA-0725

Running ../extract_zarr_region.py at 15:07 on 09/11/2022 using machine neptune


Script was run using the following arguments:

	zarr_folder = /home/elucas/scratch/VObs_GAARD
	study_id = 1244-VO-GH-YAWSON-VMF00051
	chrom = 3L
	region = 39815372-39846883
	output_fn = Obuasi_gambiae_PM/3L:39831247_allele_counts.csv
	sample_names = WA-0593,WA-0594,WA-0596,WA-0597,WA-0598,WA-0599,WA-0600,WA-0601,WA-0604,WA-0605,WA-0606,WA-0608,WA-0609,WA-0610,WA-0611,WA-0612,WA-0613,WA-0614,WA-0615,WA-0616,WA-0617,WA-0618,WA-0619,WA-0620,WA-0621,WA-0623,WA-0626,WA-0627,WA-0629,WA-0630,WA-0631,WA-0632,WA-0633,WA-0635,WA-0636,WA-0637,WA-0638,WA-0639,WA-0641,WA-0642,WA-0643,WA-0644,WA-0645,WA-0646,WA-0647,WA-0649,WA-0650,WA-0651,WA-0653,WA-0655,WA-0656,WA-0657,WA-0660,WA-0662,WA-0663,WA-0665,WA-0666,WA-0667,WA-0669,WA-0670,WA-0671,WA-0674,WA-0675,WA-0676,WA-0677,WA-0678,WA-0679,WA-0680,WA-0682,WA-0685,WA-0686,WA-0687,WA-0688,WA-0689,WA-0690,WA-0691,WA-0692,WA-0693,WA-0694,WA-0695,WA-0699,WA-0701,WA-0702,WA-0703,WA-0704,WA-0705,WA-0706,WA-0707,WA-0709,WA-0710,WA-0711,WA-0712,WA-0713,WA-0714,WA-0715,WA-0716,WA-0717,WA-0718,WA-0719,WA-0720,WA-0722,WA-0723,WA-0724,WA-0725

Running ../extract_zarr_region.py at 15:07 on 09/11/2022 using machine neptune


Script was run using the following arguments:

	zarr_folder = /home/elucas/scratch/VObs_GAARD
	study_id = 1244-VO-GH-YAWSON-VMF00051
	chrom = 3L
	region = 39826885-39872311
	output_fn = Obuasi_gambiae_PM/3L:39848513_allele_counts.csv
	sample_names = WA-0593,WA-0594,WA-0596,WA-0597,WA-0598,WA-0599,WA-0600,WA-0601,WA-0604,WA-0605,WA-0606,WA-0608,WA-0609,WA-0610,WA-0611,WA-0612,WA-0613,WA-0614,WA-0615,WA-0616,WA-0617,WA-0618,WA-0619,WA-0620,WA-0621,WA-0623,WA-0626,WA-0627,WA-0629,WA-0630,WA-0631,WA-0632,WA-0633,WA-0635,WA-0636,WA-0637,WA-0638,WA-0639,WA-0641,WA-0642,WA-0643,WA-0644,WA-0645,WA-0646,WA-0647,WA-0649,WA-0650,WA-0651,WA-0653,WA-0655,WA-0656,WA-0657,WA-0660,WA-0662,WA-0663,WA-0665,WA-0666,WA-0667,WA-0669,WA-0670,WA-0671,WA-0674,WA-0675,WA-0676,WA-0677,WA-0678,WA-0679,WA-0680,WA-0682,WA-0685,WA-0686,WA-0687,WA-0688,WA-0689,WA-0690,WA-0691,WA-0692,WA-0693,WA-0694,WA-0695,WA-0699,WA-0701,WA-0702,WA-0703,WA-0704,WA-0705,WA-0706,WA-0707,WA-0709,WA-0710,WA-0711,WA-0712,WA-0713,WA-0714,WA-0715,WA-0716,WA-0717,WA-0718,WA-0719,WA-0720,WA-0722,WA-0723,WA-0724,WA-0725

Running ../extract_zarr_region.py at 15:07 on 09/11/2022 using machine neptune


Script was run using the following arguments:

	zarr_folder = /home/elucas/scratch/VObs_GAARD
	study_id = 1244-VO-GH-YAWSON-VMF00051
	chrom = 3R
	region = 48442818-48508676
	output_fn = Obuasi_gambiae_PM/3R:48480402_allele_counts.csv
	sample_names = WA-0593,WA-0594,WA-0596,WA-0597,WA-0598,WA-0599,WA-0600,WA-0601,WA-0604,WA-0605,WA-0606,WA-0608,WA-0609,WA-0610,WA-0611,WA-0612,WA-0613,WA-0614,WA-0615,WA-0616,WA-0617,WA-0618,WA-0619,WA-0620,WA-0621,WA-0623,WA-0626,WA-0627,WA-0629,WA-0630,WA-0631,WA-0632,WA-0633,WA-0635,WA-0636,WA-0637,WA-0638,WA-0639,WA-0641,WA-0642,WA-0643,WA-0644,WA-0645,WA-0646,WA-0647,WA-0649,WA-0650,WA-0651,WA-0653,WA-0655,WA-0656,WA-0657,WA-0660,WA-0662,WA-0663,WA-0665,WA-0666,WA-0667,WA-0669,WA-0670,WA-0671,WA-0674,WA-0675,WA-0676,WA-0677,WA-0678,WA-0679,WA-0680,WA-0682,WA-0685,WA-0686,WA-0687,WA-0688,WA-0689,WA-0690,WA-0691,WA-0692,WA-0693,WA-0694,WA-0695,WA-0699,WA-0701,WA-0702,WA-0703,WA-0704,WA-0705,WA-0706,WA-0707,WA-0709,WA-0710,WA-0711,WA-0712,WA-0713,WA-0714,WA-0715,WA-0716,WA-0717,WA-0718,WA-0719,WA-0720,WA-0722,WA-0723,WA-0724,WA-0725

Running ../extract_zarr_region.py at 15:07 on 09/11/2022 using machine neptune


Script was run using the following arguments:

	zarr_folder = /home/elucas/scratch/VObs_GAARD
	study_id = 1244-VO-GH-YAWSON-VMF00051
	chrom = 3R
	region = 48488682-48585709
	output_fn = Obuasi_gambiae_PM/3R:48535299_allele_counts.csv
	sample_names = WA-0593,WA-0594,WA-0596,WA-0597,WA-0598,WA-0599,WA-0600,WA-0601,WA-0604,WA-0605,WA-0606,WA-0608,WA-0609,WA-0610,WA-0611,WA-0612,WA-0613,WA-0614,WA-0615,WA-0616,WA-0617,WA-0618,WA-0619,WA-0620,WA-0621,WA-0623,WA-0626,WA-0627,WA-0629,WA-0630,WA-0631,WA-0632,WA-0633,WA-0635,WA-0636,WA-0637,WA-0638,WA-0639,WA-0641,WA-0642,WA-0643,WA-0644,WA-0645,WA-0646,WA-0647,WA-0649,WA-0650,WA-0651,WA-0653,WA-0655,WA-0656,WA-0657,WA-0660,WA-0662,WA-0663,WA-0665,WA-0666,WA-0667,WA-0669,WA-0670,WA-0671,WA-0674,WA-0675,WA-0676,WA-0677,WA-0678,WA-0679,WA-0680,WA-0682,WA-0685,WA-0686,WA-0687,WA-0688,WA-0689,WA-0690,WA-0691,WA-0692,WA-0693,WA-0694,WA-0695,WA-0699,WA-0701,WA-0702,WA-0703,WA-0704,WA-0705,WA-0706,WA-0707,WA-0709,WA-0710,WA-0711,WA-0712,WA-0713,WA-0714,WA-0715,WA-0716,WA-0717,WA-0718,WA-0719,WA-0720,WA-0722,WA-0723,WA-0724,WA-0725

Running ../extract_zarr_region.py at 15:07 on 09/11/2022 using machine neptune


Script was run using the following arguments:

	zarr_folder = /home/elucas/scratch/VObs_GAARD
	study_id = 1244-VO-GH-YAWSON-VMF00051
	chrom = X
	region = 14013352-14050917
	output_fn = Obuasi_gambiae_PM/X:14032886_allele_counts.csv
	sample_names = WA-0593,WA-0594,WA-0596,WA-0597,WA-0598,WA-0599,WA-0600,WA-0601,WA-0604,WA-0605,WA-0606,WA-0608,WA-0609,WA-0610,WA-0611,WA-0612,WA-0613,WA-0614,WA-0615,WA-0616,WA-0617,WA-0618,WA-0619,WA-0620,WA-0621,WA-0623,WA-0626,WA-0627,WA-0629,WA-0630,WA-0631,WA-0632,WA-0633,WA-0635,WA-0636,WA-0637,WA-0638,WA-0639,WA-0641,WA-0642,WA-0643,WA-0644,WA-0645,WA-0646,WA-0647,WA-0649,WA-0650,WA-0651,WA-0653,WA-0655,WA-0656,WA-0657,WA-0660,WA-0662,WA-0663,WA-0665,WA-0666,WA-0667,WA-0669,WA-0670,WA-0671,WA-0674,WA-0675,WA-0676,WA-0677,WA-0678,WA-0679,WA-0680,WA-0682,WA-0685,WA-0686,WA-0687,WA-0688,WA-0689,WA-0690,WA-0691,WA-0692,WA-0693,WA-0694,WA-0695,WA-0699,WA-0701,WA-0702,WA-0703,WA-0704,WA-0705,WA-0706,WA-0707,WA-0709,WA-0710,WA-0711,WA-0712,WA-0713,WA-0714,WA-0715,WA-0716,WA-0717,WA-0718,WA-0719,WA-0720,WA-0722,WA-0723,WA-0724,WA-0725

Running ../extract_zarr_region.py at 15:07 on 09/11/2022 using machine neptune


Script was run using the following arguments:

	zarr_folder = /home/elucas/scratch/VObs_GAARD
	study_id = 1244-VO-GH-YAWSON-VMF00051
	chrom = X
	region = 14061570-14095823
	output_fn = Obuasi_gambiae_PM/X:14078096_allele_counts.csv
	sample_names = WA-0593,WA-0594,WA-0596,WA-0597,WA-0598,WA-0599,WA-0600,WA-0601,WA-0604,WA-0605,WA-0606,WA-0608,WA-0609,WA-0610,WA-0611,WA-0612,WA-0613,WA-0614,WA-0615,WA-0616,WA-0617,WA-0618,WA-0619,WA-0620,WA-0621,WA-0623,WA-0626,WA-0627,WA-0629,WA-0630,WA-0631,WA-0632,WA-0633,WA-0635,WA-0636,WA-0637,WA-0638,WA-0639,WA-0641,WA-0642,WA-0643,WA-0644,WA-0645,WA-0646,WA-0647,WA-0649,WA-0650,WA-0651,WA-0653,WA-0655,WA-0656,WA-0657,WA-0660,WA-0662,WA-0663,WA-0665,WA-0666,WA-0667,WA-0669,WA-0670,WA-0671,WA-0674,WA-0675,WA-0676,WA-0677,WA-0678,WA-0679,WA-0680,WA-0682,WA-0685,WA-0686,WA-0687,WA-0688,WA-0689,WA-0690,WA-0691,WA-0692,WA-0693,WA-0694,WA-0695,WA-0699,WA-0701,WA-0702,WA-0703,WA-0704,WA-0705,WA-0706,WA-0707,WA-0709,WA-0710,WA-0711,WA-0712,WA-0713,WA-0714,WA-0715,WA-0716,WA-0717,WA-0718,WA-0719,WA-0720,WA-0722,WA-0723,WA-0724,WA-0725

Running ../extract_zarr_region.py at 15:07 on 09/11/2022 using machine neptune


Script was run using the following arguments:

	zarr_folder = /home/elucas/scratch/VObs_GAARD
	study_id = 1244-VO-GH-YAWSON-VMF00051
	chrom = X
	region = 14344519-14395221
	output_fn = Obuasi_gambiae_PM/X:14375402_allele_counts.csv
	sample_names = WA-0593,WA-0594,WA-0596,WA-0597,WA-0598,WA-0599,WA-0600,WA-0601,WA-0604,WA-0605,WA-0606,WA-0608,WA-0609,WA-0610,WA-0611,WA-0612,WA-0613,WA-0614,WA-0615,WA-0616,WA-0617,WA-0618,WA-0619,WA-0620,WA-0621,WA-0623,WA-0626,WA-0627,WA-0629,WA-0630,WA-0631,WA-0632,WA-0633,WA-0635,WA-0636,WA-0637,WA-0638,WA-0639,WA-0641,WA-0642,WA-0643,WA-0644,WA-0645,WA-0646,WA-0647,WA-0649,WA-0650,WA-0651,WA-0653,WA-0655,WA-0656,WA-0657,WA-0660,WA-0662,WA-0663,WA-0665,WA-0666,WA-0667,WA-0669,WA-0670,WA-0671,WA-0674,WA-0675,WA-0676,WA-0677,WA-0678,WA-0679,WA-0680,WA-0682,WA-0685,WA-0686,WA-0687,WA-0688,WA-0689,WA-0690,WA-0691,WA-0692,WA-0693,WA-0694,WA-0695,WA-0699,WA-0701,WA-0702,WA-0703,WA-0704,WA-0705,WA-0706,WA-0707,WA-0709,WA-0710,WA-0711,WA-0712,WA-0713,WA-0714,WA-0715,WA-0716,WA-0717,WA-0718,WA-0719,WA-0720,WA-0722,WA-0723,WA-0724,WA-0725

Running ../extract_zarr_region.py at 15:07 on 09/11/2022 using machine neptune


Script was run using the following arguments:

	zarr_folder = /home/elucas/scratch/VObs_GAARD
	study_id = 1244-VO-GH-YAWSON-VMF00051
	chrom = X
	region = 14678665-14715132
	output_fn = Obuasi_gambiae_PM/X:14696755_allele_counts.csv
	sample_names = WA-0593,WA-0594,WA-0596,WA-0597,WA-0598,WA-0599,WA-0600,WA-0601,WA-0604,WA-0605,WA-0606,WA-0608,WA-0609,WA-0610,WA-0611,WA-0612,WA-0613,WA-0614,WA-0615,WA-0616,WA-0617,WA-0618,WA-0619,WA-0620,WA-0621,WA-0623,WA-0626,WA-0627,WA-0629,WA-0630,WA-0631,WA-0632,WA-0633,WA-0635,WA-0636,WA-0637,WA-0638,WA-0639,WA-0641,WA-0642,WA-0643,WA-0644,WA-0645,WA-0646,WA-0647,WA-0649,WA-0650,WA-0651,WA-0653,WA-0655,WA-0656,WA-0657,WA-0660,WA-0662,WA-0663,WA-0665,WA-0666,WA-0667,WA-0669,WA-0670,WA-0671,WA-0674,WA-0675,WA-0676,WA-0677,WA-0678,WA-0679,WA-0680,WA-0682,WA-0685,WA-0686,WA-0687,WA-0688,WA-0689,WA-0690,WA-0691,WA-0692,WA-0693,WA-0694,WA-0695,WA-0699,WA-0701,WA-0702,WA-0703,WA-0704,WA-0705,WA-0706,WA-0707,WA-0709,WA-0710,WA-0711,WA-0712,WA-0713,WA-0714,WA-0715,WA-0716,WA-0717,WA-0718,WA-0719,WA-0720,WA-0722,WA-0723,WA-0724,WA-0725

Running ../extract_zarr_region.py at 15:08 on 09/11/2022 using machine neptune


Script was run using the following arguments:

	zarr_folder = /home/elucas/scratch/VObs_GAARD
	study_id = 1244-VO-GH-YAWSON-VMF00051
	chrom = X
	region = 14710885-14748140
	output_fn = Obuasi_gambiae_PM/X:14729619_allele_counts.csv
	sample_names = WA-0593,WA-0594,WA-0596,WA-0597,WA-0598,WA-0599,WA-0600,WA-0601,WA-0604,WA-0605,WA-0606,WA-0608,WA-0609,WA-0610,WA-0611,WA-0612,WA-0613,WA-0614,WA-0615,WA-0616,WA-0617,WA-0618,WA-0619,WA-0620,WA-0621,WA-0623,WA-0626,WA-0627,WA-0629,WA-0630,WA-0631,WA-0632,WA-0633,WA-0635,WA-0636,WA-0637,WA-0638,WA-0639,WA-0641,WA-0642,WA-0643,WA-0644,WA-0645,WA-0646,WA-0647,WA-0649,WA-0650,WA-0651,WA-0653,WA-0655,WA-0656,WA-0657,WA-0660,WA-0662,WA-0663,WA-0665,WA-0666,WA-0667,WA-0669,WA-0670,WA-0671,WA-0674,WA-0675,WA-0676,WA-0677,WA-0678,WA-0679,WA-0680,WA-0682,WA-0685,WA-0686,WA-0687,WA-0688,WA-0689,WA-0690,WA-0691,WA-0692,WA-0693,WA-0694,WA-0695,WA-0699,WA-0701,WA-0702,WA-0703,WA-0704,WA-0705,WA-0706,WA-0707,WA-0709,WA-0710,WA-0711,WA-0712,WA-0713,WA-0714,WA-0715,WA-0716,WA-0717,WA-0718,WA-0719,WA-0720,WA-0722,WA-0723,WA-0724,WA-0725

Running snpEff on significant SNPs, using command /usr/bin/java -jar ~/software/snpEff/snpEff.jar eff Anopheles_gambiae -noStats Obuasi_gambiae_PM/temp.vcf > Obuasi_gambiae_PM/focal_windows.vcf .
 2R:3018207.null device 3L:39831247.null device 3L:39848513.null device 
                      1                       1                       1 
3R:48480402.null device 3R:48535299.null device  X:14032886.null device 
                      1                       1                       1 
 X:14078096.null device  X:14375402.null device  X:14696755.null device 
                      1                       1                       1 
 X:14729619.null device 
                      1 
