Loading required package: Matrix
Loading required package: BiocGenerics

Attaching package: ‘BiocGenerics’

The following objects are masked from ‘package:stats’:

    IQR, mad, sd, var, xtabs

The following objects are masked from ‘package:base’:

    anyDuplicated, append, as.data.frame, basename, cbind, colnames,
    dirname, do.call, duplicated, eval, evalq, Filter, Find, get, grep,
    grepl, intersect, is.unsorted, lapply, Map, mapply, match, mget,
    order, paste, pmax, pmax.int, pmin, pmin.int, Position, rank,
    rbind, Reduce, rownames, sapply, setdiff, sort, table, tapply,
    union, unique, unsplit, which.max, which.min

Loading required package: S4Vectors
Loading required package: stats4

Attaching package: ‘S4Vectors’

The following objects are masked from ‘package:Matrix’:

    expand, unname

The following objects are masked from ‘package:data.table’:

    first, second

The following objects are masked from ‘package:base’:

    expand.grid, I, unname

Loading required package: IRanges

Attaching package: ‘IRanges’

The following object is masked from ‘package:data.table’:

    shift

Loading required package: XVector
Loading required package: GenomeInfoDb

Attaching package: ‘Biostrings’

The following object is masked from ‘package:base’:

    strsplit


Attaching package: ‘ape’

The following object is masked from ‘package:Biostrings’:

    complement

Arguments:
Obuasi_gambiae_Delta


Loading SNP data from ~/data/ML/GAARD_SNP/Obuasi_gambiae_Delta/csvs/filtered_SNPs.csv.
            used  (Mb) gc trigger    (Mb)   max used    (Mb)
Ncells   3841665 205.2    7241577   386.8    5819198   310.8
Vcells 125773309 959.6 1459294980 11133.6 1747529633 13332.6
Loading phenotype data from ../../data/combined/sample_phenotypes.csv.
There were 50 or more warnings (use warnings() to see the first 50)
Running ../extract_zarr_region.py at 15:07 on 09/11/2022 using machine neptune


Script was run using the following arguments:

	zarr_folder = /home/elucas/scratch/VObs_GAARD
	study_id = 1244-VO-GH-YAWSON-VMF00051
	chrom = 2R
	region = 28259239-28320577
	output_fn = Obuasi_gambiae_Delta/2R:28289136_allele_counts.csv
	sample_names = WA-0168,WA-0169,WA-0171,WA-0174,WA-0175,WA-0176,WA-0179,WA-0186,WA-0187,WA-0195,WA-0196,WA-0199,WA-0200,WA-0203,WA-0204,WA-0207,WA-0211,WA-0212,WA-0215,WA-0218,WA-0219,WA-0220,WA-0221,WA-0222,WA-0223,WA-0227,WA-0228,WA-0229,WA-0234,WA-0235,WA-0236,WA-0237,WA-0239,WA-0242,WA-0243,WA-0244,WA-0245,WA-0246,WA-0247,WA-0249,WA-0251,WA-0252,WA-0253,WA-0255,WA-0256,WA-0257,WA-0258,WA-0259,WA-0260,WA-0261,WA-0262,WA-0269,WA-0270,WA-0274,WA-0282,WA-0287,WA-0288,WA-0289,WA-0290,WA-0291,WA-0292,WA-0294,WA-0295,WA-0296,WA-0297,WA-0298,WA-0299,WA-0306,WA-0309,WA-0310,WA-0313,WA-0314,WA-0317,WA-0318,WA-0319,WA-0320,WA-0321,WA-0322

Running ../extract_zarr_region.py at 15:08 on 09/11/2022 using machine neptune


Script was run using the following arguments:

	zarr_folder = /home/elucas/scratch/VObs_GAARD
	study_id = 1244-VO-GH-YAWSON-VMF00051
	chrom = 2R
	region = 28395169-28454735
	output_fn = Obuasi_gambiae_Delta/2R:28425075_allele_counts.csv
	sample_names = WA-0168,WA-0169,WA-0171,WA-0174,WA-0175,WA-0176,WA-0179,WA-0186,WA-0187,WA-0195,WA-0196,WA-0199,WA-0200,WA-0203,WA-0204,WA-0207,WA-0211,WA-0212,WA-0215,WA-0218,WA-0219,WA-0220,WA-0221,WA-0222,WA-0223,WA-0227,WA-0228,WA-0229,WA-0234,WA-0235,WA-0236,WA-0237,WA-0239,WA-0242,WA-0243,WA-0244,WA-0245,WA-0246,WA-0247,WA-0249,WA-0251,WA-0252,WA-0253,WA-0255,WA-0256,WA-0257,WA-0258,WA-0259,WA-0260,WA-0261,WA-0262,WA-0269,WA-0270,WA-0274,WA-0282,WA-0287,WA-0288,WA-0289,WA-0290,WA-0291,WA-0292,WA-0294,WA-0295,WA-0296,WA-0297,WA-0298,WA-0299,WA-0306,WA-0309,WA-0310,WA-0313,WA-0314,WA-0317,WA-0318,WA-0319,WA-0320,WA-0321,WA-0322

Running ../extract_zarr_region.py at 15:08 on 09/11/2022 using machine neptune


Script was run using the following arguments:

	zarr_folder = /home/elucas/scratch/VObs_GAARD
	study_id = 1244-VO-GH-YAWSON-VMF00051
	chrom = 2R
	region = 28434742-28497648
	output_fn = Obuasi_gambiae_Delta/2R:28464858_allele_counts.csv
	sample_names = WA-0168,WA-0169,WA-0171,WA-0174,WA-0175,WA-0176,WA-0179,WA-0186,WA-0187,WA-0195,WA-0196,WA-0199,WA-0200,WA-0203,WA-0204,WA-0207,WA-0211,WA-0212,WA-0215,WA-0218,WA-0219,WA-0220,WA-0221,WA-0222,WA-0223,WA-0227,WA-0228,WA-0229,WA-0234,WA-0235,WA-0236,WA-0237,WA-0239,WA-0242,WA-0243,WA-0244,WA-0245,WA-0246,WA-0247,WA-0249,WA-0251,WA-0252,WA-0253,WA-0255,WA-0256,WA-0257,WA-0258,WA-0259,WA-0260,WA-0261,WA-0262,WA-0269,WA-0270,WA-0274,WA-0282,WA-0287,WA-0288,WA-0289,WA-0290,WA-0291,WA-0292,WA-0294,WA-0295,WA-0296,WA-0297,WA-0298,WA-0299,WA-0306,WA-0309,WA-0310,WA-0313,WA-0314,WA-0317,WA-0318,WA-0319,WA-0320,WA-0321,WA-0322

Running ../extract_zarr_region.py at 15:08 on 09/11/2022 using machine neptune


Script was run using the following arguments:

	zarr_folder = /home/elucas/scratch/VObs_GAARD
	study_id = 1244-VO-GH-YAWSON-VMF00051
	chrom = 2R
	region = 28477654-28541653
	output_fn = Obuasi_gambiae_Delta/2R:28511074_allele_counts.csv
	sample_names = WA-0168,WA-0169,WA-0171,WA-0174,WA-0175,WA-0176,WA-0179,WA-0186,WA-0187,WA-0195,WA-0196,WA-0199,WA-0200,WA-0203,WA-0204,WA-0207,WA-0211,WA-0212,WA-0215,WA-0218,WA-0219,WA-0220,WA-0221,WA-0222,WA-0223,WA-0227,WA-0228,WA-0229,WA-0234,WA-0235,WA-0236,WA-0237,WA-0239,WA-0242,WA-0243,WA-0244,WA-0245,WA-0246,WA-0247,WA-0249,WA-0251,WA-0252,WA-0253,WA-0255,WA-0256,WA-0257,WA-0258,WA-0259,WA-0260,WA-0261,WA-0262,WA-0269,WA-0270,WA-0274,WA-0282,WA-0287,WA-0288,WA-0289,WA-0290,WA-0291,WA-0292,WA-0294,WA-0295,WA-0296,WA-0297,WA-0298,WA-0299,WA-0306,WA-0309,WA-0310,WA-0313,WA-0314,WA-0317,WA-0318,WA-0319,WA-0320,WA-0321,WA-0322

Running ../extract_zarr_region.py at 15:08 on 09/11/2022 using machine neptune


Script was run using the following arguments:

	zarr_folder = /home/elucas/scratch/VObs_GAARD
	study_id = 1244-VO-GH-YAWSON-VMF00051
	chrom = 3L
	region = 38518377-38553702
	output_fn = Obuasi_gambiae_Delta/3L:38536401_allele_counts.csv
	sample_names = WA-0168,WA-0169,WA-0171,WA-0174,WA-0175,WA-0176,WA-0179,WA-0186,WA-0187,WA-0195,WA-0196,WA-0199,WA-0200,WA-0203,WA-0204,WA-0207,WA-0211,WA-0212,WA-0215,WA-0218,WA-0219,WA-0220,WA-0221,WA-0222,WA-0223,WA-0227,WA-0228,WA-0229,WA-0234,WA-0235,WA-0236,WA-0237,WA-0239,WA-0242,WA-0243,WA-0244,WA-0245,WA-0246,WA-0247,WA-0249,WA-0251,WA-0252,WA-0253,WA-0255,WA-0256,WA-0257,WA-0258,WA-0259,WA-0260,WA-0261,WA-0262,WA-0269,WA-0270,WA-0274,WA-0282,WA-0287,WA-0288,WA-0289,WA-0290,WA-0291,WA-0292,WA-0294,WA-0295,WA-0296,WA-0297,WA-0298,WA-0299,WA-0306,WA-0309,WA-0310,WA-0313,WA-0314,WA-0317,WA-0318,WA-0319,WA-0320,WA-0321,WA-0322

Running ../extract_zarr_region.py at 15:08 on 09/11/2022 using machine neptune


Script was run using the following arguments:

	zarr_folder = /home/elucas/scratch/VObs_GAARD
	study_id = 1244-VO-GH-YAWSON-VMF00051
	chrom = 3R
	region = 10575066-10619720
	output_fn = Obuasi_gambiae_Delta/3R:10596787_allele_counts.csv
	sample_names = WA-0168,WA-0169,WA-0171,WA-0174,WA-0175,WA-0176,WA-0179,WA-0186,WA-0187,WA-0195,WA-0196,WA-0199,WA-0200,WA-0203,WA-0204,WA-0207,WA-0211,WA-0212,WA-0215,WA-0218,WA-0219,WA-0220,WA-0221,WA-0222,WA-0223,WA-0227,WA-0228,WA-0229,WA-0234,WA-0235,WA-0236,WA-0237,WA-0239,WA-0242,WA-0243,WA-0244,WA-0245,WA-0246,WA-0247,WA-0249,WA-0251,WA-0252,WA-0253,WA-0255,WA-0256,WA-0257,WA-0258,WA-0259,WA-0260,WA-0261,WA-0262,WA-0269,WA-0270,WA-0274,WA-0282,WA-0287,WA-0288,WA-0289,WA-0290,WA-0291,WA-0292,WA-0294,WA-0295,WA-0296,WA-0297,WA-0298,WA-0299,WA-0306,WA-0309,WA-0310,WA-0313,WA-0314,WA-0317,WA-0318,WA-0319,WA-0320,WA-0321,WA-0322

Running ../extract_zarr_region.py at 15:08 on 09/11/2022 using machine neptune


Script was run using the following arguments:

	zarr_folder = /home/elucas/scratch/VObs_GAARD
	study_id = 1244-VO-GH-YAWSON-VMF00051
	chrom = 3R
	region = 10618209-10655109
	output_fn = Obuasi_gambiae_Delta/3R:10636722_allele_counts.csv
	sample_names = WA-0168,WA-0169,WA-0171,WA-0174,WA-0175,WA-0176,WA-0179,WA-0186,WA-0187,WA-0195,WA-0196,WA-0199,WA-0200,WA-0203,WA-0204,WA-0207,WA-0211,WA-0212,WA-0215,WA-0218,WA-0219,WA-0220,WA-0221,WA-0222,WA-0223,WA-0227,WA-0228,WA-0229,WA-0234,WA-0235,WA-0236,WA-0237,WA-0239,WA-0242,WA-0243,WA-0244,WA-0245,WA-0246,WA-0247,WA-0249,WA-0251,WA-0252,WA-0253,WA-0255,WA-0256,WA-0257,WA-0258,WA-0259,WA-0260,WA-0261,WA-0262,WA-0269,WA-0270,WA-0274,WA-0282,WA-0287,WA-0288,WA-0289,WA-0290,WA-0291,WA-0292,WA-0294,WA-0295,WA-0296,WA-0297,WA-0298,WA-0299,WA-0306,WA-0309,WA-0310,WA-0313,WA-0314,WA-0317,WA-0318,WA-0319,WA-0320,WA-0321,WA-0322

Running ../extract_zarr_region.py at 15:08 on 09/11/2022 using machine neptune


Script was run using the following arguments:

	zarr_folder = /home/elucas/scratch/VObs_GAARD
	study_id = 1244-VO-GH-YAWSON-VMF00051
	chrom = 3R
	region = 6845724-6874448
	output_fn = Obuasi_gambiae_Delta/3R:6860221_allele_counts.csv
	sample_names = WA-0168,WA-0169,WA-0171,WA-0174,WA-0175,WA-0176,WA-0179,WA-0186,WA-0187,WA-0195,WA-0196,WA-0199,WA-0200,WA-0203,WA-0204,WA-0207,WA-0211,WA-0212,WA-0215,WA-0218,WA-0219,WA-0220,WA-0221,WA-0222,WA-0223,WA-0227,WA-0228,WA-0229,WA-0234,WA-0235,WA-0236,WA-0237,WA-0239,WA-0242,WA-0243,WA-0244,WA-0245,WA-0246,WA-0247,WA-0249,WA-0251,WA-0252,WA-0253,WA-0255,WA-0256,WA-0257,WA-0258,WA-0259,WA-0260,WA-0261,WA-0262,WA-0269,WA-0270,WA-0274,WA-0282,WA-0287,WA-0288,WA-0289,WA-0290,WA-0291,WA-0292,WA-0294,WA-0295,WA-0296,WA-0297,WA-0298,WA-0299,WA-0306,WA-0309,WA-0310,WA-0313,WA-0314,WA-0317,WA-0318,WA-0319,WA-0320,WA-0321,WA-0322

Running ../extract_zarr_region.py at 15:08 on 09/11/2022 using machine neptune


Script was run using the following arguments:

	zarr_folder = /home/elucas/scratch/VObs_GAARD
	study_id = 1244-VO-GH-YAWSON-VMF00051
	chrom = 3R
	region = 6879688-6908772
	output_fn = Obuasi_gambiae_Delta/3R:6894288_allele_counts.csv
	sample_names = WA-0168,WA-0169,WA-0171,WA-0174,WA-0175,WA-0176,WA-0179,WA-0186,WA-0187,WA-0195,WA-0196,WA-0199,WA-0200,WA-0203,WA-0204,WA-0207,WA-0211,WA-0212,WA-0215,WA-0218,WA-0219,WA-0220,WA-0221,WA-0222,WA-0223,WA-0227,WA-0228,WA-0229,WA-0234,WA-0235,WA-0236,WA-0237,WA-0239,WA-0242,WA-0243,WA-0244,WA-0245,WA-0246,WA-0247,WA-0249,WA-0251,WA-0252,WA-0253,WA-0255,WA-0256,WA-0257,WA-0258,WA-0259,WA-0260,WA-0261,WA-0262,WA-0269,WA-0270,WA-0274,WA-0282,WA-0287,WA-0288,WA-0289,WA-0290,WA-0291,WA-0292,WA-0294,WA-0295,WA-0296,WA-0297,WA-0298,WA-0299,WA-0306,WA-0309,WA-0310,WA-0313,WA-0314,WA-0317,WA-0318,WA-0319,WA-0320,WA-0321,WA-0322

Running ../extract_zarr_region.py at 15:08 on 09/11/2022 using machine neptune


Script was run using the following arguments:

	zarr_folder = /home/elucas/scratch/VObs_GAARD
	study_id = 1244-VO-GH-YAWSON-VMF00051
	chrom = 3R
	region = 6888779-6927151
	output_fn = Obuasi_gambiae_Delta/3R:6908903_allele_counts.csv
	sample_names = WA-0168,WA-0169,WA-0171,WA-0174,WA-0175,WA-0176,WA-0179,WA-0186,WA-0187,WA-0195,WA-0196,WA-0199,WA-0200,WA-0203,WA-0204,WA-0207,WA-0211,WA-0212,WA-0215,WA-0218,WA-0219,WA-0220,WA-0221,WA-0222,WA-0223,WA-0227,WA-0228,WA-0229,WA-0234,WA-0235,WA-0236,WA-0237,WA-0239,WA-0242,WA-0243,WA-0244,WA-0245,WA-0246,WA-0247,WA-0249,WA-0251,WA-0252,WA-0253,WA-0255,WA-0256,WA-0257,WA-0258,WA-0259,WA-0260,WA-0261,WA-0262,WA-0269,WA-0270,WA-0274,WA-0282,WA-0287,WA-0288,WA-0289,WA-0290,WA-0291,WA-0292,WA-0294,WA-0295,WA-0296,WA-0297,WA-0298,WA-0299,WA-0306,WA-0309,WA-0310,WA-0313,WA-0314,WA-0317,WA-0318,WA-0319,WA-0320,WA-0321,WA-0322

Running ../extract_zarr_region.py at 15:08 on 09/11/2022 using machine neptune


Script was run using the following arguments:

	zarr_folder = /home/elucas/scratch/VObs_GAARD
	study_id = 1244-VO-GH-YAWSON-VMF00051
	chrom = 3R
	region = 6927837-6959662
	output_fn = Obuasi_gambiae_Delta/3R:6944074_allele_counts.csv
	sample_names = WA-0168,WA-0169,WA-0171,WA-0174,WA-0175,WA-0176,WA-0179,WA-0186,WA-0187,WA-0195,WA-0196,WA-0199,WA-0200,WA-0203,WA-0204,WA-0207,WA-0211,WA-0212,WA-0215,WA-0218,WA-0219,WA-0220,WA-0221,WA-0222,WA-0223,WA-0227,WA-0228,WA-0229,WA-0234,WA-0235,WA-0236,WA-0237,WA-0239,WA-0242,WA-0243,WA-0244,WA-0245,WA-0246,WA-0247,WA-0249,WA-0251,WA-0252,WA-0253,WA-0255,WA-0256,WA-0257,WA-0258,WA-0259,WA-0260,WA-0261,WA-0262,WA-0269,WA-0270,WA-0274,WA-0282,WA-0287,WA-0288,WA-0289,WA-0290,WA-0291,WA-0292,WA-0294,WA-0295,WA-0296,WA-0297,WA-0298,WA-0299,WA-0306,WA-0309,WA-0310,WA-0313,WA-0314,WA-0317,WA-0318,WA-0319,WA-0320,WA-0321,WA-0322

Running snpEff on significant SNPs, using command /usr/bin/java -jar ~/software/snpEff/snpEff.jar eff Anopheles_gambiae -noStats Obuasi_gambiae_Delta/temp.vcf > Obuasi_gambiae_Delta/focal_windows.vcf .
2R:28289136.null device 2R:28425075.null device 2R:28464858.null device 
                      1                       1                       1 
2R:28511074.null device 3L:38536401.null device 3R:10596787.null device 
                      1                       1                       1 
3R:10636722.null device  3R:6860221.null device  3R:6894288.null device 
                      1                       1                       1 
 3R:6908903.null device  3R:6944074.null device 
                      1                       1 
